TN:
SF:scripts/generate-types.ts
FN:13,generateTypes
FNF:1
FNH:1
FNDA:1,generateTypes
DA:1,1
DA:9,1
DA:10,1
DA:11,1
DA:13,1
DA:14,1
DA:15,1
DA:16,1
DA:17,1
DA:18,1
DA:19,1
DA:20,1
DA:21,1
DA:22,1
DA:23,1
DA:24,1
DA:25,1
DA:26,1
DA:27,1
DA:28,1
DA:29,1
DA:31,1
DA:32,0
DA:33,0
DA:34,0
DA:35,0
DA:36,0
DA:37,0
DA:38,0
DA:39,0
DA:40,0
LF:31
LH:22
BRDA:31,0,0,0
BRDA:13,1,0,1
BRF:2
BRH:1
end_of_record
TN:
SF:scripts/validate-contract.ts
FN:28,isRecord
FN:33,collectRefs
FN:45,resolveLocalRef
FN:56,collectTags
FN:73,schemaProp
FN:87,schemaRequires
FN:104,checkBusinessRuleShapes
FN:157,validateContract
FNF:8
FNH:8
FNDA:7011,isRecord
FNDA:5759,collectRefs
FNDA:378,resolveLocalRef
FNDA:10,collectTags
FNDA:40,schemaProp
FNDA:70,schemaRequires
FNDA:10,checkBusinessRuleShapes
FNDA:11,validateContract
DA:1,1
DA:19,1
DA:20,1
DA:21,1
DA:22,1
DA:23,1
DA:24,1
DA:25,1
DA:26,1
DA:28,7011
DA:29,7011
DA:30,7011
DA:33,5759
DA:34,5759
DA:35,508
DA:36,508
DA:37,508
DA:38,5251
DA:39,5759
DA:40,5513
DA:41,5135
DA:42,5513
DA:43,2994
DA:45,378
DA:46,378
DA:47,378
DA:48,378
DA:49,378
DA:50,1134
DA:51,1134
DA:52,1134
DA:53,378
DA:54,378
DA:56,10
DA:57,10
DA:58,10
DA:59,10
DA:60,10
DA:61,98
DA:62,98
DA:63,114
DA:64,114
DA:65,114
DA:66,114
DA:67,114
DA:68,114
DA:69,98
DA:70,10
DA:71,10
DA:73,40
DA:74,40
DA:75,40
DA:76,40
DA:77,40
DA:78,40
DA:79,40
DA:80,40
DA:81,32
DA:82,40
DA:83,32
DA:84,40
DA:85,40
DA:87,70
DA:88,70
DA:89,70
DA:90,70
DA:91,70
DA:92,70
DA:93,70
DA:94,70
DA:95,61
DA:96,70
DA:97,70
DA:104,10
DA:105,10
DA:106,10
DA:107,10
DA:109,10
DA:110,10
DA:111,2
DA:112,2
DA:113,2
DA:114,2
DA:115,2
DA:118,10
DA:119,10
DA:120,50
DA:121,10
DA:122,10
DA:123,10
DA:124,10
DA:125,10
DA:126,50
DA:129,10
DA:130,20
DA:131,20
DA:132,4
DA:133,4
DA:134,4
DA:135,4
DA:136,4
DA:137,20
DA:140,10
DA:141,20
DA:142,4
DA:143,4
DA:144,4
DA:145,4
DA:146,4
DA:147,20
DA:148,10
DA:149,10
DA:150,2
DA:151,2
DA:152,2
DA:153,2
DA:154,2
DA:155,10
DA:157,1
DA:158,11
DA:159,11
DA:161,11
DA:162,11
DA:163,11
DA:164,1
DA:165,1
DA:166,1
DA:167,1
DA:168,1
DA:169,1
DA:171,11
DA:172,0
DA:173,0
DA:174,0
DA:175,0
DA:176,0
DA:177,0
DA:179,11
DA:180,0
DA:181,0
DA:184,10
DA:185,10
DA:186,11
DA:187,378
DA:188,1
DA:189,1
DA:190,378
DA:193,10
DA:194,11
DA:195,60
DA:196,10
DA:197,10
DA:198,60
DA:200,10
DA:202,10
DA:203,10
LF:156
LH:148
BRDA:28,0,0,7011
BRDA:29,1,0,4737
BRDA:29,2,0,4737
BRDA:33,3,0,5759
BRDA:34,4,0,508
BRDA:35,5,0,614
BRDA:37,6,0,5251
BRDA:38,7,0,2257
BRDA:38,8,0,2994
BRDA:39,9,0,5513
BRDA:40,10,0,378
BRDA:40,11,0,378
BRDA:40,12,0,5135
BRDA:42,13,0,2994
BRDA:45,14,0,378
BRDA:46,15,0,0
BRDA:49,16,0,1134
BRDA:50,17,0,0
BRDA:56,18,0,10
BRDA:59,19,0,0
BRDA:60,20,0,98
BRDA:61,21,0,0
BRDA:62,22,0,114
BRDA:63,23,0,0
BRDA:73,24,0,40
BRDA:78,25,0,0
BRDA:79,26,0,0
BRDA:80,27,0,8
BRDA:80,28,0,32
BRDA:82,29,0,0
BRDA:82,30,0,32
BRDA:84,31,0,0
BRDA:87,32,0,70
BRDA:92,33,0,0
BRDA:93,34,0,0
BRDA:94,35,0,9
BRDA:94,36,0,61
BRDA:96,37,0,56
BRDA:104,38,0,10
BRDA:110,39,0,8
BRDA:110,40,0,2
BRDA:119,41,0,50
BRDA:120,42,0,10
BRDA:129,43,0,20
BRDA:131,44,0,16
BRDA:131,45,0,4
BRDA:140,46,0,20
BRDA:141,47,0,4
BRDA:149,48,0,8
BRDA:149,49,0,2
BRDA:157,50,0,11
BRDA:163,51,0,1
BRDA:166,52,0,0
BRDA:169,53,0,10
BRDA:171,54,0,0
BRDA:177,55,0,10
BRDA:179,56,0,0
BRDA:181,57,0,10
BRDA:186,58,0,378
BRDA:187,59,0,1
BRDA:190,60,0,10
BRDA:194,61,0,60
BRDA:195,62,0,10
BRDA:198,63,0,10
BRF:64
BRH:50
end_of_record
