TN:
SF:src/auth/auth.controller.ts
FN:11,<instance_members_initializer>
FN:12,AuthController
FN:18,loginVendedor
FN:26,loginSupervisor
FN:30,logout
FNF:5
FNH:5
FNDA:6,<instance_members_initializer>
FNDA:6,AuthController
FNDA:2,loginVendedor
FNDA:1,loginSupervisor
FNDA:1,logout
DA:1,1
DA:11,1
DA:12,6
DA:16,6
DA:18,6
DA:19,2
DA:20,2
DA:24,6
DA:26,6
DA:27,1
DA:28,1
DA:30,6
DA:31,1
DA:32,1
DA:33,1
DA:34,1
DA:35,1
DA:36,6
LF:18
LH:18
BRDA:11,0,0,6
BRDA:12,1,0,6
BRDA:18,2,0,2
BRDA:26,3,0,1
BRDA:30,4,0,1
BRDA:33,5,0,0
BRF:6
BRH:5
end_of_record
TN:
SF:src/auth/auth.repository.ts
FN:9,<instance_members_initializer>
FN:10,AuthRepository
FN:12,findVendedorByUsername
FN:16,findActiveSupervisorByPin
FN:20,createSession
FN:26,findSessionByToken
FN:30,revokeSession
FNF:7
FNH:7
FNDA:6,<instance_members_initializer>
FNDA:6,AuthRepository
FNDA:2,findVendedorByUsername
FNDA:1,findActiveSupervisorByPin
FNDA:1,createSession
FNDA:1,findSessionByToken
FNDA:1,revokeSession
DA:1,1
DA:9,1
DA:10,6
DA:12,6
DA:13,2
DA:14,2
DA:16,6
DA:17,1
DA:18,1
DA:20,6
DA:21,1
DA:22,1
DA:23,1
DA:24,1
DA:26,6
DA:27,1
DA:28,1
DA:30,6
DA:31,1
DA:32,1
DA:33,1
DA:34,1
DA:35,1
DA:36,6
LF:24
LH:24
BRDA:9,0,0,6
BRDA:10,1,0,6
BRDA:12,2,0,2
BRDA:16,3,0,1
BRDA:20,4,0,1
BRDA:26,5,0,1
BRDA:30,6,0,1
BRF:7
BRH:7
end_of_record
TN:
SF:src/auth/auth.service.ts
FN:19,<instance_members_initializer>
FN:20,AuthService
FN:22,loginVendedor
FN:39,loginSupervisor
FN:55,logout
FN:63,hash
FNF:6
FNH:6
FNDA:8,<instance_members_initializer>
FNDA:8,AuthService
FNDA:4,loginVendedor
FNDA:2,loginSupervisor
FNDA:2,logout
FNDA:1,hash
DA:1,1
DA:11,1
DA:19,1
DA:20,8
DA:22,8
DA:23,4
DA:25,4
DA:26,4
DA:27,2
DA:28,2
DA:30,2
DA:31,4
DA:32,1
DA:33,1
DA:35,1
DA:36,1
DA:37,1
DA:39,8
DA:40,2
DA:42,2
DA:43,1
DA:44,1
DA:46,1
DA:47,2
DA:48,0
DA:49,0
DA:51,1
DA:52,1
DA:53,1
DA:55,8
DA:56,2
DA:57,2
DA:58,1
DA:59,1
DA:60,1
DA:61,1
DA:63,8
DA:64,1
DA:65,1
DA:66,8
LF:40
LH:38
BRDA:19,0,0,8
BRDA:20,1,0,8
BRDA:22,2,0,4
BRDA:26,3,0,3
BRDA:26,4,0,2
BRDA:26,5,0,2
BRDA:31,6,0,1
BRDA:39,7,0,2
BRDA:42,8,0,1
BRDA:42,9,0,1
BRDA:47,10,0,0
BRDA:49,11,0,1
BRDA:55,12,0,2
BRDA:57,13,0,1
BRDA:63,14,0,1
BRF:15
BRH:14
end_of_record
TN:
SF:src/commission-ledger/commission-ledger.controller.ts
FN:6,<instance_members_initializer>
FN:7,CommissionLedgerController
FN:10,getCurrent
FN:15,getHistory
FNF:4
FNH:4
FNDA:4,<instance_members_initializer>
FNDA:4,CommissionLedgerController
FNDA:2,getCurrent
FNDA:2,getHistory
DA:1,1
DA:6,1
DA:7,4
DA:10,4
DA:11,2
DA:12,2
DA:15,4
DA:16,2
DA:17,2
DA:18,2
DA:19,4
LF:11
LH:11
BRDA:6,0,0,4
BRDA:7,1,0,4
BRDA:10,2,0,2
BRDA:11,3,0,0
BRDA:15,4,0,2
BRDA:16,5,0,1
BRDA:16,6,0,1
BRDA:17,7,0,0
BRF:8
BRH:6
end_of_record
TN:
SF:src/commission-ledger/commission-ledger.repository.ts
FN:6,<instance_members_initializer>
FN:7,CommissionLedgerRepository
FN:9,findCurrentPeriod
FN:13,findByVendorAndMonth
FN:17,createEmptyPeriod
FN:21,updatePeriod
FN:33,closePeriod
FN:37,findHistory
FN:45,sumSalesForMonth
FN:58,closeDailySalesForMonth
FN:66,findActiveVendors
FN:70,findVendorsByChannel
FN:76,monthRange
FN:84,nextMonth
FN:92,currentMonth
FNF:15
FNH:10
FNDA:8,<instance_members_initializer>
FNDA:8,CommissionLedgerRepository
FNDA:1,findCurrentPeriod
FNDA:0,findByVendorAndMonth
FNDA:1,createEmptyPeriod
FNDA:0,updatePeriod
FNDA:1,closePeriod
FNDA:1,findHistory
FNDA:1,sumSalesForMonth
FNDA:0,closeDailySalesForMonth
FNDA:0,findActiveVendors
FNDA:0,findVendorsByChannel
FNDA:2,monthRange
FNDA:3,nextMonth
FNDA:8,currentMonth
DA:1,1
DA:6,1
DA:7,8
DA:9,8
DA:10,1
DA:11,1
DA:13,8
DA:14,0
DA:15,0
DA:17,8
DA:18,1
DA:19,1
DA:21,8
DA:22,0
DA:23,0
DA:28,0
DA:29,0
DA:30,0
DA:31,0
DA:33,8
DA:34,1
DA:35,1
DA:37,8
DA:38,1
DA:39,1
DA:40,1
DA:41,1
DA:42,1
DA:43,1
DA:45,8
DA:46,1
DA:47,1
DA:48,1
DA:49,1
DA:50,1
DA:51,1
DA:52,1
DA:53,1
DA:54,1
DA:55,1
DA:56,1
DA:58,8
DA:59,0
DA:60,0
DA:61,0
DA:62,0
DA:63,0
DA:64,0
DA:66,8
DA:67,0
DA:68,0
DA:70,8
DA:71,0
DA:72,0
DA:73,8
DA:75,1
DA:76,1
DA:77,2
DA:78,2
DA:79,2
DA:80,2
DA:81,2
DA:83,1
DA:84,1
DA:85,3
DA:86,3
DA:87,3
DA:88,3
DA:89,3
DA:91,1
DA:92,1
DA:93,8
DA:94,8
DA:95,8
LF:74
LH:56
BRDA:6,0,0,8
BRDA:7,1,0,8
BRDA:9,2,0,1
BRDA:17,3,0,1
BRDA:33,4,0,1
BRDA:37,5,0,1
BRDA:41,6,0,0
BRDA:45,7,0,1
BRDA:55,8,0,1
BRDA:76,9,0,2
BRDA:79,10,0,1
BRDA:79,11,0,1
BRDA:79,12,0,1
BRDA:79,13,0,1
BRDA:84,14,0,3
BRDA:86,15,0,1
BRDA:86,16,0,2
BRDA:87,17,0,1
BRDA:87,18,0,2
BRDA:92,19,0,8
BRF:20
BRH:19
end_of_record
TN:
SF:src/commission-ledger/commission-ledger.service.ts
FN:23,<instance_members_initializer>
FN:26,CommissionLedgerService
FN:36,getCurrentPeriod
FN:46,getHistory
FN:51,recalculateForVendor
FN:91,recalculateAllForChannel
FN:99,isDateInClosedPeriod
FN:110,closeOverduePeriods
FN:150,budgetProgress
FN:154,findVendorOrThrow
FNF:10
FNH:8
FNDA:9,<instance_members_initializer>
FNDA:9,CommissionLedgerService
FNDA:1,getCurrentPeriod
FNDA:0,getHistory
FNDA:4,recalculateForVendor
FNDA:0,recalculateAllForChannel
FNDA:2,isDateInClosedPeriod
FNDA:2,closeOverduePeriods
FNDA:5,budgetProgress
FNDA:5,findVendorOrThrow
DA:1,1
DA:13,1
DA:14,1
DA:15,1
DA:16,1
DA:23,1
DA:24,9
DA:26,9
DA:27,9
DA:28,9
DA:29,9
DA:30,9
DA:31,9
DA:32,9
DA:33,9
DA:35,9
DA:36,9
DA:37,1
DA:38,1
DA:39,1
DA:40,1
DA:41,1
DA:42,1
DA:43,1
DA:45,9
DA:46,9
DA:47,0
DA:48,0
DA:50,9
DA:51,9
DA:52,4
DA:53,4
DA:54,4
DA:55,4
DA:56,0
DA:57,0
DA:59,4
DA:60,4
DA:61,4
DA:63,4
DA:64,4
DA:66,4
DA:67,4
DA:68,4
DA:70,4
DA:71,4
DA:73,4
DA:74,4
DA:76,4
DA:77,4
DA:78,4
DA:79,4
DA:80,4
DA:81,4
DA:83,4
DA:84,4
DA:85,4
DA:87,4
DA:88,4
DA:90,9
DA:91,9
DA:92,0
DA:93,0
DA:94,0
DA:95,0
DA:96,0
DA:98,9
DA:99,9
DA:100,2
DA:101,2
DA:102,2
DA:103,2
DA:105,9
DA:109,9
DA:110,9
DA:111,2
DA:112,2
DA:113,2
DA:114,2
DA:115,2
DA:116,2
DA:118,2
DA:119,2
DA:120,2
DA:121,1
DA:122,1
DA:123,1
DA:125,1
DA:126,1
DA:127,1
DA:128,1
DA:129,1
DA:130,1
DA:131,1
DA:132,0
DA:133,0
DA:134,0
DA:135,2
DA:137,2
DA:138,2
DA:139,2
DA:140,2
DA:141,2
DA:142,2
DA:143,2
DA:144,2
DA:147,2
DA:148,2
DA:150,9
DA:151,5
DA:152,5
DA:154,9
DA:155,5
DA:156,5
DA:157,5
DA:158,9
LF:116
LH:104
BRDA:23,0,0,9
BRDA:26,1,0,9
BRDA:36,2,0,1
BRDA:51,3,0,4
BRDA:55,4,0,0
BRDA:60,5,0,0
BRDA:61,6,0,0
BRDA:64,7,0,1
BRDA:64,8,0,3
BRDA:68,9,0,3
BRDA:68,10,0,1
BRDA:74,11,0,2
BRDA:74,12,0,2
BRDA:99,13,0,2
BRDA:102,14,0,1
BRDA:110,15,0,2
BRDA:120,16,0,1
BRDA:131,17,0,0
BRDA:150,18,0,5
BRDA:154,19,0,5
BRF:20
BRH:16
end_of_record
TN:
SF:src/commission-tier/commission-tier.controller.ts
FN:9,<instance_members_initializer>
FN:10,CommissionTierController
FN:16,list
FN:22,replace
FNF:4
FNH:4
FNDA:4,<instance_members_initializer>
FNDA:4,CommissionTierController
FNDA:1,list
FNDA:1,replace
DA:1,1
DA:9,1
DA:10,4
DA:11,4
DA:12,4
DA:13,4
DA:14,4
DA:16,4
DA:17,1
DA:18,1
DA:19,1
DA:20,1
DA:22,4
DA:25,1
DA:26,1
DA:27,1
DA:28,0
DA:29,0
DA:30,1
DA:31,1
DA:32,1
DA:33,1
DA:34,1
DA:35,4
LF:24
LH:22
BRDA:9,0,0,4
BRDA:10,1,0,4
BRDA:16,2,0,1
BRDA:18,3,0,0
BRDA:22,4,0,1
BRDA:27,5,0,0
BRDA:12,6,0,4
BRF:7
BRH:5
end_of_record
TN:
SF:src/commission-tier/commission-tier.repository.ts
FN:7,<instance_members_initializer>
FN:8,CommissionTierRepository
FN:10,findByChannel
FN:17,replaceChannel
FNF:4
FNH:4
FNDA:4,<instance_members_initializer>
FNDA:4,CommissionTierRepository
FNDA:2,findByChannel
FNDA:2,replaceChannel
DA:1,1
DA:7,1
DA:8,4
DA:10,4
DA:11,2
DA:12,2
DA:13,2
DA:14,2
DA:15,2
DA:17,4
DA:18,2
DA:19,1
DA:20,1
DA:21,1
DA:22,1
DA:23,2
DA:24,4
LF:17
LH:17
BRDA:7,0,0,4
BRDA:8,1,0,4
BRDA:10,2,0,2
BRDA:17,3,0,2
BRDA:18,4,0,1
BRF:5
BRH:5
end_of_record
TN:
SF:src/commission-tier/commission-tier.service.ts
FN:25,<instance_members_initializer>
FN:26,CommissionTierService
FN:28,getTiers
FN:33,replaceTiers
FN:58,resolveApplicableTier
FN:74,isInOrder
FN:86,findNextBetterTier
FNF:7
FNH:7
FNDA:8,<instance_members_initializer>
FNDA:8,CommissionTierService
FNDA:2,getTiers
FNDA:2,replaceTiers
FNDA:3,resolveApplicableTier
FNDA:3,isInOrder
FNDA:1,findNextBetterTier
DA:1,1
DA:11,1
DA:12,1
DA:13,1
DA:14,1
DA:25,1
DA:26,8
DA:28,8
DA:29,2
DA:30,2
DA:31,2
DA:33,8
DA:34,2
DA:35,2
DA:36,2
DA:37,2
DA:38,4
DA:39,0
DA:40,0
DA:41,0
DA:42,0
DA:43,0
DA:44,4
DA:45,1
DA:46,1
DA:47,1
DA:48,1
DA:49,1
DA:50,4
DA:52,1
DA:53,1
DA:54,2
DA:55,2
DA:57,8
DA:58,8
DA:59,3
DA:61,3
DA:62,6
DA:63,6
DA:64,1
DA:65,1
DA:66,6
DA:67,1
DA:68,1
DA:69,6
DA:70,1
DA:71,1
DA:73,8
DA:74,8
DA:75,3
DA:76,3
DA:77,3
DA:78,4
DA:79,2
DA:80,2
DA:81,4
DA:82,1
DA:83,1
DA:85,8
DA:86,8
DA:87,1
DA:88,1
DA:89,1
DA:90,1
DA:91,1
DA:92,0
DA:93,0
DA:94,8
LF:68
LH:61
BRDA:25,0,0,8
BRDA:26,1,0,8
BRDA:28,2,0,2
BRDA:33,3,0,2
BRDA:37,4,0,4
BRDA:38,5,0,0
BRDA:44,6,0,1
BRDA:50,7,0,1
BRDA:54,8,0,0
BRDA:54,9,0,1
BRDA:58,10,0,3
BRDA:61,11,0,6
BRDA:63,12,0,2
BRDA:63,13,0,1
BRDA:65,14,0,5
BRDA:66,15,0,4
BRDA:66,16,0,1
BRDA:69,17,0,1
BRDA:59,18,0,9
BRDA:59,19,0,6
BRDA:74,20,0,3
BRDA:75,21,0,0
BRDA:77,22,0,4
BRDA:78,23,0,2
BRDA:81,24,0,1
BRDA:76,25,0,6
BRDA:86,26,0,1
BRDA:88,27,0,0
BRDA:89,28,0,0
BRDA:91,29,0,0
BRDA:87,30,0,3
BRDA:87,31,0,2
BRDA:90,32,0,1
BRF:33
BRH:27
end_of_record
TN:
SF:src/common/errors.ts
FNF:0
FNH:0
DA:1,1
DA:3,1
DA:4,1
DA:5,1
DA:6,1
DA:7,1
DA:8,1
DA:9,1
DA:10,1
DA:11,1
DA:12,1
DA:13,1
LF:12
LH:12
BRF:0
BRH:0
end_of_record
TN:
SF:src/common/decorators/current-user.decorator.ts
FNF:0
FNH:0
DA:1,1
DA:9,1
DA:10,1
DA:11,10
DA:12,10
DA:13,10
LF:6
LH:6
BRDA:10,0,0,10
BRF:1
BRH:1
end_of_record
TN:
SF:src/common/decorators/public.decorator.ts
FN:6,Public
FNF:1
FNH:1
FNDA:3,Public
DA:1,1
DA:3,1
DA:5,1
DA:6,1
LF:4
LH:4
BRDA:6,0,0,3
BRF:1
BRH:1
end_of_record
TN:
SF:src/common/decorators/roles.decorator.ts
FN:6,Roles
FNF:1
FNH:1
FNDA:3,Roles
DA:1,1
DA:3,1
DA:5,1
DA:6,1
LF:4
LH:4
BRDA:6,0,0,3
BRF:1
BRH:1
end_of_record
TN:
SF:src/common/filters/http-exception.filter.ts
FN:11,<instance_members_initializer>
FN:14,catch
FN:29,buildErrorBody
FN:56,codeForStatus
FNF:4
FNH:4
FNDA:29,<instance_members_initializer>
FNDA:12,catch
FNDA:12,buildErrorBody
FNDA:9,codeForStatus
DA:1,1
DA:11,1
DA:12,29
DA:14,29
DA:15,12
DA:16,12
DA:18,12
DA:20,12
DA:22,12
DA:23,0
DA:24,0
DA:26,12
DA:27,12
DA:29,29
DA:30,12
DA:31,0
DA:32,0
DA:33,0
DA:34,0
DA:35,0
DA:36,0
DA:38,12
DA:39,12
DA:40,12
DA:41,3
DA:42,3
DA:43,12
DA:44,9
DA:45,9
DA:46,9
DA:47,9
DA:48,9
DA:49,9
DA:50,0
DA:51,0
DA:53,0
DA:54,0
DA:56,29
DA:57,9
DA:58,9
DA:59,9
DA:60,9
DA:61,0
DA:62,9
DA:63,0
DA:64,9
DA:65,0
DA:66,9
DA:67,0
DA:68,9
DA:69,0
DA:70,9
DA:71,9
DA:72,29
LF:54
LH:37
BRDA:11,0,0,29
BRDA:14,1,0,12
BRDA:18,2,0,0
BRDA:22,3,0,0
BRDA:29,4,0,12
BRDA:30,5,0,0
BRDA:40,6,0,11
BRDA:40,7,0,3
BRDA:42,8,0,9
BRDA:43,9,0,9
BRDA:43,10,0,9
BRDA:47,11,0,0
BRDA:49,12,0,0
BRDA:56,13,0,9
BRDA:60,14,0,0
BRDA:62,15,0,0
BRDA:64,16,0,0
BRDA:66,17,0,0
BRDA:68,18,0,0
BRF:19
BRH:9
end_of_record
TN:
SF:src/common/guards/auth.guard.ts
FN:14,<instance_members_initializer>
FN:15,AuthGuard
FN:20,canActivate
FN:56,extractToken
FNF:4
FNH:4
FNDA:6,<instance_members_initializer>
FNDA:6,AuthGuard
FNDA:6,canActivate
FNDA:5,extractToken
DA:1,1
DA:14,1
DA:15,6
DA:16,6
DA:17,6
DA:18,6
DA:20,6
DA:21,6
DA:22,6
DA:23,6
DA:24,6
DA:25,6
DA:26,1
DA:27,1
DA:29,5
DA:30,5
DA:32,6
DA:33,1
DA:34,1
DA:36,4
DA:37,4
DA:38,4
DA:39,4
DA:43,6
DA:44,3
DA:45,3
DA:47,1
DA:48,1
DA:49,1
DA:50,6
DA:51,6
DA:53,6
DA:54,6
DA:56,6
DA:57,5
DA:58,4
DA:59,5
DA:60,5
DA:61,6
LF:39
LH:39
BRDA:14,0,0,6
BRDA:15,1,0,6
BRDA:20,2,0,6
BRDA:25,3,0,1
BRDA:27,4,0,5
BRDA:32,5,0,1
BRDA:34,6,0,4
BRDA:43,7,0,3
BRDA:43,8,0,2
BRDA:43,9,0,3
BRDA:45,10,0,1
BRDA:50,11,0,0
BRDA:56,12,0,5
BRDA:57,13,0,1
BRDA:57,14,0,4
BRDA:59,15,0,4
BRDA:59,16,0,0
BRF:17
BRH:15
end_of_record
TN:
SF:src/common/guards/login-throttler.guard.ts
FN:12,getTracker
FN:17,throwThrottlingException
FNF:2
FNH:0
FNDA:0,getTracker
FNDA:0,throwThrottlingException
DA:1,1
DA:11,1
DA:12,1
DA:13,0
DA:14,0
DA:15,0
DA:17,1
DA:18,0
DA:19,0
DA:20,0
DA:21,0
DA:22,0
DA:24,0
DA:25,1
LF:14
LH:5
BRF:0
BRH:0
end_of_record
TN:
SF:src/common/guards/roles.guard.ts
FN:11,<instance_members_initializer>
FN:12,RolesGuard
FN:14,canActivate
FNF:3
FNH:3
FNDA:4,<instance_members_initializer>
FNDA:4,RolesGuard
FNDA:4,canActivate
DA:1,1
DA:11,1
DA:12,4
DA:14,4
DA:15,4
DA:16,4
DA:17,4
DA:18,4
DA:20,4
DA:21,1
DA:22,1
DA:24,3
DA:25,4
DA:27,4
DA:28,2
DA:29,2
DA:31,1
DA:32,1
DA:33,4
LF:19
LH:19
BRDA:11,0,0,4
BRDA:12,1,0,4
BRDA:14,2,0,4
BRDA:20,3,0,3
BRDA:20,4,0,1
BRDA:22,5,0,3
BRDA:25,6,0,2
BRDA:27,7,0,2
BRDA:27,8,0,2
BRDA:29,9,0,1
BRF:10
BRH:10
end_of_record
TN:
SF:src/common/interceptors/logging.interceptor.ts
FN:13,<instance_members_initializer>
FN:16,intercept
FN:28,next
FN:29,error
FN:35,emit
FNF:5
FNH:5
FNDA:3,<instance_members_initializer>
FNDA:3,intercept
FNDA:2,next
FNDA:1,error
FNDA:3,emit
DA:1,1
DA:13,1
DA:14,3
DA:16,3
DA:17,3
DA:18,3
DA:19,3
DA:20,3
DA:21,3
DA:23,3
DA:24,3
DA:26,3
DA:27,3
DA:28,3
DA:29,3
DA:30,1
DA:31,3
DA:33,3
DA:35,3
DA:36,3
DA:37,3
DA:38,3
DA:39,3
DA:40,3
DA:41,3
DA:42,3
DA:43,3
DA:44,3
DA:45,3
DA:46,3
DA:47,3
DA:48,3
DA:49,3
DA:50,3
DA:51,3
DA:52,3
DA:53,3
DA:54,3
DA:55,3
DA:56,3
LF:40
LH:40
BRDA:13,0,0,3
BRDA:16,1,0,3
BRDA:28,2,0,2
BRDA:29,3,0,1
BRDA:30,4,0,0
BRDA:30,5,0,0
BRDA:35,6,0,3
BRDA:49,7,0,2
BRDA:49,8,0,1
BRDA:52,9,0,0
BRF:10
BRH:7
end_of_record
TN:
SF:src/config/configuration.ts
FN:1,(empty-report)
FNF:1
FNH:0
FNDA:0,(empty-report)
DA:1,0
DA:2,0
DA:3,0
DA:4,0
DA:5,0
LF:5
LH:0
BRDA:1,0,0,0
BRF:1
BRH:0
end_of_record
TN:
SF:src/config/env.validation.ts
FN:9,<instance_members_initializer>
FN:25,validate
FNF:2
FNH:2
FNDA:4,<instance_members_initializer>
FNDA:4,validate
DA:1,1
DA:4,1
DA:8,1
DA:9,1
DA:12,4
DA:15,4
DA:16,4
DA:22,4
DA:23,4
DA:25,1
DA:26,4
DA:27,4
DA:28,4
DA:29,4
DA:31,4
DA:32,3
DA:33,3
DA:34,3
DA:35,3
DA:36,3
DA:38,1
DA:39,1
LF:22
LH:22
BRDA:9,0,0,4
BRDA:25,1,0,4
BRDA:31,2,0,3
BRDA:36,3,0,1
BRDA:33,4,0,3
BRDA:33,5,0,0
BRF:6
BRH:5
end_of_record
TN:
SF:src/health/health.controller.ts
FN:7,<instance_members_initializer>
FN:8,HealthController
FN:17,check
FNF:3
FNH:3
FNDA:1,<instance_members_initializer>
FNDA:1,HealthController
FNDA:1,check
DA:1,1
DA:7,1
DA:8,1
DA:9,1
DA:10,1
DA:11,1
DA:12,1
DA:17,1
DA:18,1
DA:19,1
DA:20,1
LF:11
LH:11
BRDA:7,0,0,1
BRDA:8,1,0,1
BRDA:17,2,0,1
BRF:3
BRH:3
end_of_record
TN:
SF:src/notification/notification.controller.ts
FN:9,<instance_members_initializer>
FN:10,NotificationController
FN:13,list
FN:17,sendManual
FNF:4
FNH:4
FNDA:4,<instance_members_initializer>
FNDA:4,NotificationController
FNDA:1,list
FNDA:1,sendManual
DA:1,1
DA:9,1
DA:10,4
DA:13,4
DA:14,1
DA:15,1
DA:17,4
DA:20,1
DA:21,1
DA:22,1
DA:23,1
DA:24,4
LF:12
LH:12
BRDA:9,0,0,4
BRDA:10,1,0,4
BRDA:13,2,0,1
BRDA:14,3,0,0
BRDA:17,4,0,1
BRF:5
BRH:4
end_of_record
TN:
SF:src/notification/notification.repository.ts
FN:6,<instance_members_initializer>
FN:7,NotificationRepository
FN:9,findByVendor
FN:16,existsForPeriod
FN:27,create
FN:38,findActiveVendors
FN:42,findActiveVendorsByIds
FNF:7
FNH:7
FNDA:5,<instance_members_initializer>
FNDA:5,NotificationRepository
FNDA:1,findByVendor
FNDA:1,existsForPeriod
FNDA:1,create
FNDA:1,findActiveVendors
FNDA:1,findActiveVendorsByIds
DA:1,1
DA:6,1
DA:7,5
DA:9,5
DA:10,1
DA:11,1
DA:12,1
DA:13,1
DA:14,1
DA:16,5
DA:17,1
DA:18,1
DA:19,1
DA:20,1
DA:21,1
DA:22,1
DA:23,1
DA:24,1
DA:25,1
DA:27,5
DA:34,1
DA:35,1
DA:36,1
DA:38,5
DA:39,1
DA:40,1
DA:42,5
DA:43,1
DA:44,1
DA:45,5
LF:30
LH:30
BRDA:6,0,0,5
BRDA:7,1,0,5
BRDA:9,2,0,1
BRDA:16,3,0,1
BRDA:27,4,0,1
BRDA:38,5,0,1
BRDA:42,6,0,1
BRF:7
BRH:7
end_of_record
TN:
SF:src/notification/notification.service.ts
FN:15,<instance_members_initializer>
FN:16,NotificationService
FN:21,listForVendor
FN:26,evaluateSalesThresholds
FN:55,evaluateReturnThresholds
FN:90,buildEarningOpportunity
FN:108,sendManual
FNF:7
FNH:6
FNDA:9,<instance_members_initializer>
FNDA:9,NotificationService
FNDA:0,listForVendor
FNDA:2,evaluateSalesThresholds
FNDA:3,evaluateReturnThresholds
FNDA:12,buildEarningOpportunity
FNDA:4,sendManual
DA:1,1
DA:6,1
DA:7,1
DA:15,1
DA:16,9
DA:17,9
DA:18,9
DA:19,9
DA:21,9
DA:22,0
DA:23,0
DA:25,9
DA:26,9
DA:27,2
DA:28,2
DA:30,2
DA:31,12
DA:33,12
DA:34,12
DA:35,12
DA:36,12
DA:37,12
DA:39,12
DA:41,6
DA:42,6
DA:43,6
DA:44,6
DA:45,6
DA:46,6
DA:47,6
DA:48,6
DA:49,6
DA:51,2
DA:52,2
DA:54,9
DA:55,9
DA:56,3
DA:57,3
DA:59,3
DA:60,3
DA:62,3
DA:63,18
DA:65,18
DA:66,18
DA:67,18
DA:68,18
DA:69,18
DA:71,18
DA:73,18
DA:75,18
DA:76,18
DA:77,18
DA:78,18
DA:79,18
DA:80,18
DA:81,18
DA:82,18
DA:83,18
DA:84,18
DA:86,3
DA:87,3
DA:89,9
DA:90,9
DA:91,12
DA:92,12
DA:93,12
DA:94,12
DA:95,12
DA:96,12
DA:98,12
DA:99,12
DA:101,12
DA:102,12
DA:103,12
DA:104,12
DA:105,12
DA:107,9
DA:108,9
DA:109,4
DA:110,1
DA:111,1
DA:112,4
DA:113,1
DA:114,1
DA:116,2
DA:117,2
DA:118,1
DA:119,1
DA:121,1
DA:122,4
DA:123,3
DA:124,3
DA:125,3
DA:126,3
DA:127,3
DA:128,3
DA:129,3
DA:131,2
DA:132,2
DA:133,9
LF:100
LH:98
BRDA:15,0,0,9
BRDA:16,1,0,9
BRDA:26,2,0,2
BRDA:30,3,0,12
BRDA:31,4,0,0
BRDA:39,5,0,6
BRDA:55,6,0,3
BRDA:62,7,0,18
BRDA:63,8,0,0
BRDA:71,9,0,0
BRDA:73,10,0,12
BRDA:73,11,0,6
BRDA:90,12,0,12
BRDA:96,13,0,0
BRDA:98,14,0,0
BRDA:108,15,0,4
BRDA:109,16,0,1
BRDA:111,17,0,3
BRDA:112,18,0,2
BRDA:112,19,0,1
BRDA:114,20,0,2
BRDA:117,21,0,1
BRDA:119,22,0,1
BRDA:122,23,0,3
BRDA:129,24,0,2
BRF:25
BRH:20
end_of_record
TN:
SF:src/prisma/prisma.service.ts
FN:10,<instance_members_initializer>
FN:13,onModuleInit
FN:22,onModuleDestroy
FNF:3
FNH:3
FNDA:3,<instance_members_initializer>
FNDA:2,onModuleInit
FNDA:1,onModuleDestroy
DA:1,1
DA:10,1
DA:11,3
DA:13,3
DA:14,2
DA:15,2
DA:16,1
DA:17,1
DA:18,1
DA:19,1
DA:20,2
DA:22,3
DA:23,1
DA:24,1
DA:25,3
LF:15
LH:15
BRDA:10,0,0,3
BRDA:13,1,0,2
BRDA:15,2,0,1
BRDA:22,3,0,1
BRF:4
BRH:4
end_of_record
TN:
SF:src/sales-entry/sales-entry.controller.ts
FN:7,<instance_members_initializer>
FN:8,SalesEntryController
FN:11,recordSale
FN:21,syncSales
FNF:4
FNH:4
FNDA:5,<instance_members_initializer>
FNDA:5,SalesEntryController
FNDA:2,recordSale
FNDA:2,syncSales
DA:1,1
DA:7,1
DA:8,5
DA:11,5
DA:12,2
DA:13,2
DA:15,5
DA:16,5
DA:17,5
DA:18,5
DA:19,5
DA:21,5
DA:22,2
DA:23,2
DA:24,5
LF:15
LH:15
BRDA:7,0,0,5
BRDA:8,1,0,5
BRDA:11,2,0,2
BRDA:12,3,0,0
BRDA:21,4,0,2
BRDA:22,5,0,0
BRF:6
BRH:4
end_of_record
TN:
SF:src/sales-entry/sales-entry.repository.ts
FN:6,<instance_members_initializer>
FN:7,SalesEntryRepository
FN:9,findByVendorAndDate
FN:15,create
FN:21,update
FNF:5
FNH:5
FNDA:5,<instance_members_initializer>
FNDA:5,SalesEntryRepository
FNDA:2,findByVendorAndDate
FNDA:2,create
FNDA:1,update
DA:1,1
DA:6,1
DA:7,5
DA:9,5
DA:10,2
DA:11,2
DA:12,2
DA:13,2
DA:15,5
DA:16,2
DA:17,2
DA:18,2
DA:19,2
DA:21,5
DA:22,1
DA:23,1
DA:24,1
DA:25,1
DA:26,1
DA:27,5
LF:20
LH:20
BRDA:6,0,0,5
BRDA:7,1,0,5
BRDA:9,2,0,2
BRDA:15,3,0,2
BRDA:21,4,0,1
BRF:5
BRH:5
end_of_record
TN:
SF:src/sales-entry/sales-entry.service.ts
FN:22,<instance_members_initializer>
FN:23,SalesEntryService
FN:29,recordSale
FN:53,syncBatch
FNF:4
FNH:4
FNDA:8,<instance_members_initializer>
FNDA:8,SalesEntryService
FNDA:4,recordSale
FNDA:4,syncBatch
DA:1,1
DA:22,1
DA:23,8
DA:24,8
DA:25,8
DA:26,8
DA:28,8
DA:29,8
DA:30,4
DA:32,4
DA:33,1
DA:34,1
DA:36,3
DA:38,4
DA:39,1
DA:40,1
DA:42,2
DA:43,1
DA:44,1
DA:46,1
DA:47,1
DA:49,2
DA:50,2
DA:52,8
DA:53,8
DA:54,4
DA:55,4
DA:57,4
DA:58,7
DA:59,7
DA:60,7
DA:61,7
DA:62,7
DA:63,1
DA:64,1
DA:65,1
DA:66,1
DA:67,1
DA:68,1
DA:69,1
DA:70,1
DA:72,6
DA:74,7
DA:75,1
DA:76,1
DA:77,1
DA:79,5
DA:80,7
DA:81,0
DA:82,0
DA:83,0
DA:85,5
DA:86,7
DA:87,1
DA:88,7
DA:89,4
DA:90,4
DA:91,5
DA:92,5
DA:93,5
DA:95,4
DA:96,4
DA:97,4
DA:98,4
DA:100,4
DA:101,4
DA:102,8
LF:67
LH:64
BRDA:22,0,0,8
BRDA:23,1,0,8
BRDA:29,2,0,4
BRDA:32,3,0,1
BRDA:34,4,0,3
BRDA:38,5,0,2
BRDA:38,6,0,1
BRDA:40,7,0,2
BRDA:42,8,0,1
BRDA:44,9,0,1
BRDA:47,10,0,2
BRDA:53,11,0,4
BRDA:57,12,0,7
BRDA:62,13,0,1
BRDA:63,14,0,0
BRDA:70,15,0,6
BRDA:74,16,0,1
BRDA:77,17,0,5
BRDA:80,18,0,1
BRDA:80,19,0,0
BRDA:83,20,0,5
BRDA:86,21,0,1
BRDA:88,22,0,4
BRDA:90,23,0,5
BRF:24
BRH:22
end_of_record
TN:
SF:src/vendor-directory/vendor-directory.controller.ts
FN:10,<instance_members_initializer>
FN:11,VendorDirectoryController
FN:14,list
FN:19,create
FN:24,update
FNF:5
FNH:5
FNDA:6,<instance_members_initializer>
FNDA:6,VendorDirectoryController
FNDA:1,list
FNDA:1,create
FNDA:2,update
DA:1,1
DA:10,1
DA:11,6
DA:14,6
DA:15,1
DA:16,1
DA:19,6
DA:20,1
DA:21,1
DA:24,6
DA:25,2
DA:26,2
DA:27,6
LF:13
LH:13
BRDA:10,0,0,6
BRDA:11,1,0,6
BRDA:14,2,0,1
BRDA:19,3,0,1
BRDA:24,4,0,2
BRF:5
BRH:5
end_of_record
TN:
SF:src/vendor-directory/vendor-directory.repository.ts
FN:6,<instance_members_initializer>
FN:7,VendorDirectoryRepository
FN:9,findAll
FN:13,findById
FN:17,countUsernameLike
FN:21,createVendorWithUser
FN:51,update
FNF:7
FNH:6
FNDA:5,<instance_members_initializer>
FNDA:5,VendorDirectoryRepository
FNDA:1,findAll
FNDA:1,findById
FNDA:0,countUsernameLike
FNDA:2,createVendorWithUser
FNDA:1,update
DA:1,1
DA:6,1
DA:7,5
DA:9,5
DA:10,1
DA:11,1
DA:13,5
DA:14,1
DA:15,1
DA:17,5
DA:18,0
DA:19,0
DA:21,5
DA:28,2
DA:29,2
DA:30,1
DA:31,1
DA:32,1
DA:33,1
DA:34,1
DA:35,1
DA:36,1
DA:37,1
DA:38,1
DA:39,1
DA:40,1
DA:41,1
DA:42,1
DA:43,1
DA:44,1
DA:45,1
DA:46,1
DA:47,1
DA:48,1
DA:49,2
DA:51,5
DA:52,1
DA:53,1
DA:54,1
DA:55,1
DA:56,1
DA:57,5
LF:42
LH:40
BRDA:6,0,0,5
BRDA:7,1,0,5
BRDA:9,2,0,1
BRDA:13,3,0,1
BRDA:21,4,0,2
BRDA:29,5,0,1
BRDA:51,6,0,1
BRF:7
BRH:7
end_of_record
TN:
SF:src/vendor-directory/vendor-directory.service.ts
FN:18,<instance_members_initializer>
FN:19,VendorDirectoryService
FN:24,listAll
FN:28,create
FN:44,update
FN:64,assertValidBudget
FN:74,generateUniqueUsername
FN:85,generateTemporaryPassword
FNF:8
FNH:7
FNDA:7,<instance_members_initializer>
FNDA:7,VendorDirectoryService
FNDA:0,listAll
FNDA:3,create
FNDA:4,update
FNDA:7,assertValidBudget
FNDA:1,generateUniqueUsername
FNDA:1,generateTemporaryPassword
DA:1,1
DA:18,1
DA:19,7
DA:20,7
DA:21,7
DA:22,7
DA:24,7
DA:25,0
DA:26,0
DA:28,7
DA:29,3
DA:30,3
DA:31,1
DA:32,1
DA:34,1
DA:35,1
DA:36,1
DA:37,1
DA:38,1
DA:39,1
DA:40,1
DA:41,1
DA:42,1
DA:44,7
DA:45,4
DA:46,4
DA:47,4
DA:48,1
DA:49,1
DA:51,3
DA:52,3
DA:54,3
DA:56,3
DA:57,4
DA:58,2
DA:59,2
DA:61,3
DA:62,3
DA:64,7
DA:65,7
DA:66,2
DA:67,2
DA:68,2
DA:69,2
DA:70,2
DA:71,2
DA:72,7
DA:74,7
DA:75,1
DA:76,1
DA:77,1
DA:78,1
DA:79,1
DA:80,1
DA:81,1
DA:82,1
DA:83,1
DA:85,7
DA:86,1
DA:87,1
DA:88,7
LF:61
LH:59
BRDA:18,0,0,7
BRDA:19,1,0,7
BRDA:28,2,0,3
BRDA:30,3,0,1
BRDA:44,4,0,4
BRDA:47,5,0,1
BRDA:49,6,0,3
BRDA:57,7,0,2
BRDA:57,8,0,2
BRDA:59,9,0,3
BRDA:64,10,0,7
BRDA:65,11,0,2
BRDA:74,12,0,1
BRDA:82,13,0,0
BRDA:85,14,0,1
BRF:15
BRH:14
end_of_record
