<?xml version="1.0" encoding="UTF-8"?>
<coverage generated="1789275516368" clover="3.2.0">
  <project timestamp="1789275516368" name="All files">
    <metrics statements="461" coveredstatements="441" conditionals="269" coveredconditionals="235" methods="167" coveredmethods="153" elements="897" coveredelements="829" complexity="0" loc="461" ncloc="461" packages="14" files="45" classes="45"/>
    <package name="features.auth">
      <metrics statements="32" coveredstatements="31" conditionals="2" coveredconditionals="2" methods="14" coveredmethods="13"/>
      <file name="SupervisorLoginScreen.tsx" path="/home/runner/work/CALCULADORANEW/CALCULADORANEW/packages/mobile-app/src/features/auth/SupervisorLoginScreen.tsx">
        <metrics statements="12" coveredstatements="11" conditionals="0" coveredconditionals="0" methods="4" coveredmethods="3"/>
        <line num="18" count="17" type="stmt"/>
        <line num="19" count="17" type="stmt"/>
        <line num="20" count="17" type="stmt"/>
        <line num="22" count="17" type="stmt"/>
        <line num="24" count="17" type="stmt"/>
        <line num="25" count="5" type="stmt"/>
        <line num="28" count="17" type="stmt"/>
        <line num="29" count="2" type="stmt"/>
        <line num="30" count="2" type="stmt"/>
        <line num="31" count="1" type="stmt"/>
        <line num="37" count="17" type="stmt"/>
        <line num="57" count="0" type="stmt"/>
      </file>
      <file name="VendorLoginScreen.tsx" path="/home/runner/work/CALCULADORANEW/CALCULADORANEW/packages/mobile-app/src/features/auth/VendorLoginScreen.tsx">
        <metrics statements="11" coveredstatements="11" conditionals="2" coveredconditionals="2" methods="3" coveredmethods="3"/>
        <line num="19" count="19" type="stmt"/>
        <line num="20" count="19" type="stmt"/>
        <line num="21" count="19" type="stmt"/>
        <line num="22" count="19" type="stmt"/>
        <line num="24" count="19" type="cond" truecount="2" falsecount="0"/>
        <line num="26" count="19" type="stmt"/>
        <line num="27" count="2" type="stmt"/>
        <line num="28" count="2" type="stmt"/>
        <line num="29" count="1" type="stmt"/>
        <line num="35" count="19" type="stmt"/>
        <line num="57" count="1" type="stmt"/>
      </file>
      <file name="api.ts" path="/home/runner/work/CALCULADORANEW/CALCULADORANEW/packages/mobile-app/src/features/auth/api.ts">
        <metrics statements="5" coveredstatements="5" conditionals="0" coveredconditionals="0" methods="3" coveredmethods="3"/>
        <line num="7" count="2" type="stmt"/>
        <line num="8" count="1" type="stmt"/>
        <line num="12" count="2" type="stmt"/>
        <line num="13" count="1" type="stmt"/>
        <line num="22" count="2" type="stmt"/>
      </file>
      <file name="hooks.ts" path="/home/runner/work/CALCULADORANEW/CALCULADORANEW/packages/mobile-app/src/features/auth/hooks.ts">
        <metrics statements="4" coveredstatements="4" conditionals="0" coveredconditionals="0" methods="4" coveredmethods="4"/>
        <line num="10" count="25" type="stmt"/>
        <line num="11" count="4" type="stmt"/>
        <line num="16" count="20" type="stmt"/>
        <line num="17" count="3" type="stmt"/>
      </file>
    </package>
    <package name="features.history">
      <metrics statements="16" coveredstatements="15" conditionals="10" coveredconditionals="9" methods="7" coveredmethods="6"/>
      <file name="HistoryScreen.tsx" path="/home/runner/work/CALCULADORANEW/CALCULADORANEW/packages/mobile-app/src/features/history/HistoryScreen.tsx">
        <metrics statements="12" coveredstatements="11" conditionals="8" coveredconditionals="7" methods="4" coveredmethods="3"/>
        <line num="11" count="8" type="stmt"/>
        <line num="13" count="7" type="cond" truecount="2" falsecount="0"/>
        <line num="14" count="4" type="stmt"/>
        <line num="17" count="3" type="cond" truecount="2" falsecount="0"/>
        <line num="18" count="1" type="stmt"/>
        <line num="23" count="0" type="stmt"/>
        <line num="29" count="2" type="cond" truecount="1" falsecount="1"/>
        <line num="30" count="2" type="cond" truecount="2" falsecount="0"/>
        <line num="31" count="1" type="stmt"/>
        <line num="38" count="1" type="stmt"/>
        <line num="42" count="2" type="stmt"/>
        <line num="44" count="1" type="stmt"/>
      </file>
      <file name="api.ts" path="/home/runner/work/CALCULADORANEW/CALCULADORANEW/packages/mobile-app/src/features/history/api.ts">
        <metrics statements="2" coveredstatements="2" conditionals="2" coveredconditionals="2" methods="1" coveredmethods="1"/>
        <line num="7" count="4" type="stmt"/>
        <line num="10" count="3" type="stmt"/>
      </file>
      <file name="hooks.ts" path="/home/runner/work/CALCULADORANEW/CALCULADORANEW/packages/mobile-app/src/features/history/hooks.ts">
        <metrics statements="2" coveredstatements="2" conditionals="0" coveredconditionals="0" methods="2" coveredmethods="2"/>
        <line num="8" count="12" type="stmt"/>
        <line num="10" count="6" type="stmt"/>
      </file>
    </package>
    <package name="features.home">
      <metrics statements="37" coveredstatements="35" conditionals="30" coveredconditionals="26" methods="12" coveredmethods="10"/>
      <file name="HomeScreen.tsx" path="/home/runner/work/CALCULADORANEW/CALCULADORANEW/packages/mobile-app/src/features/home/HomeScreen.tsx">
        <metrics statements="23" coveredstatements="21" conditionals="22" coveredconditionals="18" methods="8" coveredmethods="6"/>
        <line num="23" count="19" type="stmt"/>
        <line num="24" count="19" type="cond" truecount="2" falsecount="0"/>
        <line num="25" count="19" type="stmt"/>
        <line num="26" count="19" type="stmt"/>
        <line num="27" count="19" type="stmt"/>
        <line num="28" count="19" type="stmt"/>
        <line num="30" count="19" type="stmt"/>
        <line num="31" count="11" type="cond" truecount="2" falsecount="0"/>
        <line num="32" count="10" type="stmt"/>
        <line num="35" count="19" type="stmt"/>
        <line num="36" count="11" type="cond" truecount="4" falsecount="0"/>
        <line num="37" count="4" type="stmt"/>
        <line num="40" count="19" type="cond" truecount="2" falsecount="0"/>
        <line num="41" count="6" type="stmt"/>
        <line num="44" count="13" type="cond" truecount="2" falsecount="0"/>
        <line num="45" count="1" type="stmt"/>
        <line num="50" count="0" type="stmt"/>
        <line num="56" count="12" type="stmt"/>
        <line num="58" count="12" type="stmt"/>
        <line num="79" count="1" type="stmt"/>
        <line num="87" count="0" type="stmt"/>
        <line num="89" count="1" type="stmt"/>
        <line num="90" count="1" type="stmt"/>
      </file>
      <file name="api.ts" path="/home/runner/work/CALCULADORANEW/CALCULADORANEW/packages/mobile-app/src/features/home/api.ts">
        <metrics statements="2" coveredstatements="2" conditionals="0" coveredconditionals="0" methods="1" coveredmethods="1"/>
        <line num="7" count="3" type="stmt"/>
        <line num="8" count="1" type="stmt"/>
      </file>
      <file name="hooks.ts" path="/home/runner/work/CALCULADORANEW/CALCULADORANEW/packages/mobile-app/src/features/home/hooks.ts">
        <metrics statements="1" coveredstatements="1" conditionals="0" coveredconditionals="0" methods="1" coveredmethods="1"/>
        <line num="11" count="23" type="stmt"/>
      </file>
      <file name="returnRateTrend.ts" path="/home/runner/work/CALCULADORANEW/CALCULADORANEW/packages/mobile-app/src/features/home/returnRateTrend.ts">
        <metrics statements="11" coveredstatements="11" conditionals="8" coveredconditionals="8" methods="2" coveredmethods="2"/>
        <line num="15" count="2" type="stmt"/>
        <line num="27" count="13" type="stmt"/>
        <line num="28" count="13" type="stmt"/>
        <line num="29" count="13" type="stmt"/>
        <line num="31" count="13" type="cond" truecount="2" falsecount="0"/>
        <line num="32" count="7" type="stmt"/>
        <line num="34" count="6" type="stmt"/>
        <line num="35" count="6" type="cond" truecount="4" falsecount="0"/>
        <line num="36" count="3" type="stmt"/>
        <line num="38" count="3" type="cond" truecount="2" falsecount="0"/>
        <line num="43" count="5" type="stmt"/>
      </file>
    </package>
    <package name="features.manual-notification">
      <metrics statements="29" coveredstatements="26" conditionals="23" coveredconditionals="18" methods="12" coveredmethods="10"/>
      <file name="ManualNotificationScreen.tsx" path="/home/runner/work/CALCULADORANEW/CALCULADORANEW/packages/mobile-app/src/features/manual-notification/ManualNotificationScreen.tsx">
        <metrics statements="27" coveredstatements="24" conditionals="23" coveredconditionals="18" methods="10" coveredmethods="8"/>
        <line num="21" count="22" type="stmt"/>
        <line num="22" count="22" type="stmt"/>
        <line num="23" count="22" type="stmt"/>
        <line num="24" count="22" type="stmt"/>
        <line num="25" count="22" type="stmt"/>
        <line num="27" count="22" type="stmt"/>
        <line num="28" count="3" type="stmt"/>
        <line num="29" count="3" type="cond" truecount="1" falsecount="1"/>
        <line num="30" count="3" type="cond" truecount="1" falsecount="1"/>
        <line num="32" count="0" type="cond" truecount="0" falsecount="2"/>
        <line num="33" count="0" type="stmt"/>
        <line num="39" count="22" type="cond" truecount="3" falsecount="0"/>
        <line num="41" count="22" type="stmt"/>
        <line num="42" count="3" type="cond" truecount="1" falsecount="1"/>
        <line num="43" count="3" type="cond" truecount="2" falsecount="0"/>
        <line num="44" count="3" type="stmt"/>
        <line num="45" count="3" type="stmt"/>
        <line num="46" count="2" type="cond" truecount="2" falsecount="0"/>
        <line num="47" count="2" type="stmt"/>
        <line num="48" count="2" type="stmt"/>
        <line num="49" count="2" type="stmt"/>
        <line num="55" count="22" type="stmt"/>
        <line num="58" count="2" type="stmt"/>
        <line num="67" count="35" type="stmt"/>
        <line num="69" count="30" type="stmt"/>
        <line num="72" count="3" type="stmt"/>
        <line num="94" count="0" type="stmt"/>
      </file>
      <file name="api.ts" path="/home/runner/work/CALCULADORANEW/CALCULADORANEW/packages/mobile-app/src/features/manual-notification/api.ts">
        <metrics statements="1" coveredstatements="1" conditionals="0" coveredconditionals="0" methods="1" coveredmethods="1"/>
        <line num="8" count="4" type="stmt"/>
      </file>
      <file name="hooks.ts" path="/home/runner/work/CALCULADORANEW/CALCULADORANEW/packages/mobile-app/src/features/manual-notification/hooks.ts">
        <metrics statements="1" coveredstatements="1" conditionals="0" coveredconditionals="0" methods="1" coveredmethods="1"/>
        <line num="8" count="27" type="stmt"/>
      </file>
    </package>
    <package name="features.notifications">
      <metrics statements="24" coveredstatements="23" conditionals="16" coveredconditionals="16" methods="11" coveredmethods="10"/>
      <file name="NotificationsScreen.tsx" path="/home/runner/work/CALCULADORANEW/CALCULADORANEW/packages/mobile-app/src/features/notifications/NotificationsScreen.tsx">
        <metrics statements="12" coveredstatements="11" conditionals="12" coveredconditionals="12" methods="5" coveredmethods="4"/>
        <line num="14" count="9" type="stmt"/>
        <line num="15" count="9" type="cond" truecount="2" falsecount="0"/>
        <line num="17" count="9" type="cond" truecount="2" falsecount="0"/>
        <line num="18" count="5" type="stmt"/>
        <line num="21" count="4" type="cond" truecount="2" falsecount="0"/>
        <line num="22" count="1" type="stmt"/>
        <line num="27" count="0" type="stmt"/>
        <line num="33" count="3" type="cond" truecount="2" falsecount="0"/>
        <line num="34" count="1" type="stmt"/>
        <line num="41" count="2" type="stmt"/>
        <line num="44" count="3" type="stmt"/>
        <line num="46" count="3" type="stmt"/>
      </file>
      <file name="api.ts" path="/home/runner/work/CALCULADORANEW/CALCULADORANEW/packages/mobile-app/src/features/notifications/api.ts">
        <metrics statements="2" coveredstatements="2" conditionals="0" coveredconditionals="0" methods="1" coveredmethods="1"/>
        <line num="7" count="4" type="stmt"/>
        <line num="8" count="3" type="stmt"/>
      </file>
      <file name="grouping.ts" path="/home/runner/work/CALCULADORANEW/CALCULADORANEW/packages/mobile-app/src/features/notifications/grouping.ts">
        <metrics statements="9" coveredstatements="9" conditionals="4" coveredconditionals="4" methods="4" coveredmethods="4"/>
        <line num="14" count="2" type="stmt"/>
        <line num="26" count="13" type="stmt"/>
        <line num="27" count="13" type="stmt"/>
        <line num="28" count="11" type="cond" truecount="2" falsecount="0"/>
        <line num="29" count="11" type="stmt"/>
        <line num="30" count="11" type="stmt"/>
        <line num="33" count="39" type="stmt"/>
        <line num="38" count="2" type="stmt"/>
        <line num="40" count="39" type="stmt"/>
      </file>
      <file name="hooks.ts" path="/home/runner/work/CALCULADORANEW/CALCULADORANEW/packages/mobile-app/src/features/notifications/hooks.ts">
        <metrics statements="1" coveredstatements="1" conditionals="0" coveredconditionals="0" methods="1" coveredmethods="1"/>
        <line num="8" count="13" type="stmt"/>
      </file>
    </package>
    <package name="features.roster">
      <metrics statements="60" coveredstatements="56" conditionals="34" coveredconditionals="29" methods="25" coveredmethods="22"/>
      <file name="BudgetsScreen.tsx" path="/home/runner/work/CALCULADORANEW/CALCULADORANEW/packages/mobile-app/src/features/roster/BudgetsScreen.tsx">
        <metrics statements="26" coveredstatements="24" conditionals="17" coveredconditionals="14" methods="9" coveredmethods="8"/>
        <line num="14" count="19" type="stmt"/>
        <line num="15" count="18" type="stmt"/>
        <line num="16" count="18" type="stmt"/>
        <line num="17" count="18" type="stmt"/>
        <line num="19" count="18" type="stmt"/>
        <line num="20" count="3" type="stmt"/>
        <line num="21" count="3" type="stmt"/>
        <line num="24" count="18" type="stmt"/>
        <line num="25" count="18" type="cond" truecount="3" falsecount="0"/>
        <line num="27" count="18" type="stmt"/>
        <line num="28" count="2" type="cond" truecount="1" falsecount="1"/>
        <line num="29" count="2" type="stmt"/>
        <line num="30" count="2" type="cond" truecount="1" falsecount="1"/>
        <line num="31" count="2" type="stmt"/>
        <line num="32" count="2" type="stmt"/>
        <line num="36" count="1" type="stmt"/>
        <line num="42" count="18" type="cond" truecount="2" falsecount="0"/>
        <line num="43" count="4" type="stmt"/>
        <line num="46" count="14" type="cond" truecount="1" falsecount="1"/>
        <line num="47" count="0" type="stmt"/>
        <line num="49" count="0" type="stmt"/>
        <line num="54" count="14" type="stmt"/>
        <line num="62" count="15" type="stmt"/>
        <line num="64" count="12" type="cond" truecount="2" falsecount="0"/>
        <line num="76" count="2" type="stmt"/>
        <line num="86" count="3" type="stmt"/>
      </file>
      <file name="RosterScreen.tsx" path="/home/runner/work/CALCULADORANEW/CALCULADORANEW/packages/mobile-app/src/features/roster/RosterScreen.tsx">
        <metrics statements="20" coveredstatements="18" conditionals="17" coveredconditionals="15" methods="7" coveredmethods="5"/>
        <line num="19" count="22" type="stmt"/>
        <line num="20" count="22" type="stmt"/>
        <line num="22" count="22" type="stmt"/>
        <line num="23" count="22" type="stmt"/>
        <line num="24" count="22" type="stmt"/>
        <line num="25" count="22" type="stmt"/>
        <line num="27" count="22" type="cond" truecount="3" falsecount="0"/>
        <line num="29" count="22" type="stmt"/>
        <line num="30" count="2" type="cond" truecount="1" falsecount="1"/>
        <line num="31" count="2" type="stmt"/>
        <line num="32" count="2" type="stmt"/>
        <line num="33" count="1" type="stmt"/>
        <line num="34" count="1" type="stmt"/>
        <line num="35" count="1" type="stmt"/>
        <line num="41" count="22" type="stmt"/>
        <line num="50" count="0" type="stmt"/>
        <line num="56" count="2" type="stmt"/>
        <line num="58" count="1" type="stmt"/>
        <line num="75" count="0" type="stmt"/>
        <line num="90" count="3" type="stmt"/>
      </file>
      <file name="api.ts" path="/home/runner/work/CALCULADORANEW/CALCULADORANEW/packages/mobile-app/src/features/roster/api.ts">
        <metrics statements="6" coveredstatements="6" conditionals="0" coveredconditionals="0" methods="3" coveredmethods="3"/>
        <line num="8" count="1" type="stmt"/>
        <line num="9" count="1" type="stmt"/>
        <line num="13" count="2" type="stmt"/>
        <line num="14" count="1" type="stmt"/>
        <line num="18" count="2" type="stmt"/>
        <line num="19" count="1" type="stmt"/>
      </file>
      <file name="hooks.ts" path="/home/runner/work/CALCULADORANEW/CALCULADORANEW/packages/mobile-app/src/features/roster/hooks.ts">
        <metrics statements="8" coveredstatements="8" conditionals="0" coveredconditionals="0" methods="6" coveredmethods="6"/>
        <line num="9" count="43" type="stmt"/>
        <line num="13" count="28" type="stmt"/>
        <line num="14" count="28" type="stmt"/>
        <line num="16" count="2" type="stmt"/>
        <line num="21" count="21" type="stmt"/>
        <line num="22" count="21" type="stmt"/>
        <line num="23" count="3" type="stmt"/>
        <line num="24" count="2" type="stmt"/>
      </file>
    </package>
    <package name="features.sales-entry">
      <metrics statements="97" coveredstatements="96" conditionals="59" coveredconditionals="52" methods="22" coveredmethods="22"/>
      <file name="SalesEntryScreen.tsx" path="/home/runner/work/CALCULADORANEW/CALCULADORANEW/packages/mobile-app/src/features/sales-entry/SalesEntryScreen.tsx">
        <metrics statements="32" coveredstatements="31" conditionals="29" coveredconditionals="23" methods="6" coveredmethods="6"/>
        <line num="20" count="20" type="stmt"/>
        <line num="24" count="20" type="stmt"/>
        <line num="25" count="20" type="cond" truecount="1" falsecount="1"/>
        <line num="26" count="20" type="stmt"/>
        <line num="28" count="20" type="stmt"/>
        <line num="29" count="20" type="stmt"/>
        <line num="30" count="20" type="stmt"/>
        <line num="31" count="20" type="stmt"/>
        <line num="32" count="20" type="stmt"/>
        <line num="33" count="20" type="stmt"/>
        <line num="36" count="20" type="stmt"/>
        <line num="37" count="6" type="cond" truecount="1" falsecount="1"/>
        <line num="38" count="6" type="stmt"/>
        <line num="39" count="6" type="cond" truecount="2" falsecount="0"/>
        <line num="40" count="1" type="stmt"/>
        <line num="41" count="1" type="stmt"/>
        <line num="44" count="6" type="stmt"/>
        <line num="46" count="6" type="stmt"/>
        <line num="51" count="20" type="stmt"/>
        <line num="52" count="20" type="cond" truecount="3" falsecount="0"/>
        <line num="54" count="20" type="stmt"/>
        <line num="55" count="3" type="stmt"/>
        <line num="56" count="3" type="cond" truecount="3" falsecount="1"/>
        <line num="57" count="0" type="stmt"/>
        <line num="59" count="3" type="stmt"/>
        <line num="60" count="3" type="stmt"/>
        <line num="65" count="2" type="stmt"/>
        <line num="66" count="2" type="stmt"/>
        <line num="68" count="1" type="stmt"/>
        <line num="69" count="1" type="cond" truecount="1" falsecount="1"/>
        <line num="70" count="1" type="stmt"/>
        <line num="76" count="20" type="stmt"/>
      </file>
      <file name="api.ts" path="/home/runner/work/CALCULADORANEW/CALCULADORANEW/packages/mobile-app/src/features/sales-entry/api.ts">
        <metrics statements="4" coveredstatements="4" conditionals="0" coveredconditionals="0" methods="2" coveredmethods="2"/>
        <line num="7" count="3" type="stmt"/>
        <line num="8" count="1" type="stmt"/>
        <line num="12" count="2" type="stmt"/>
        <line num="13" count="1" type="stmt"/>
      </file>
      <file name="hooks.ts" path="/home/runner/work/CALCULADORANEW/CALCULADORANEW/packages/mobile-app/src/features/sales-entry/hooks.ts">
        <metrics statements="23" coveredstatements="23" conditionals="12" coveredconditionals="12" methods="5" coveredmethods="5"/>
        <line num="24" count="4" type="stmt"/>
        <line num="25" count="4" type="cond" truecount="2" falsecount="0"/>
        <line num="29" count="30" type="stmt"/>
        <line num="30" count="30" type="stmt"/>
        <line num="32" count="8" type="cond" truecount="2" falsecount="0"/>
        <line num="33" count="1" type="stmt"/>
        <line num="35" count="7" type="stmt"/>
        <line num="36" count="7" type="cond" truecount="2" falsecount="0"/>
        <line num="37" count="1" type="stmt"/>
        <line num="43" count="1" type="stmt"/>
        <line num="45" count="6" type="stmt"/>
        <line num="46" count="6" type="stmt"/>
        <line num="47" count="2" type="stmt"/>
        <line num="49" count="4" type="cond" truecount="2" falsecount="0"/>
        <line num="50" count="2" type="stmt"/>
        <line num="56" count="2" type="stmt"/>
        <line num="58" count="2" type="stmt"/>
        <line num="64" count="5" type="cond" truecount="2" falsecount="0"/>
        <line num="65" count="2" type="stmt"/>
        <line num="85" count="8" type="stmt"/>
        <line num="86" count="8" type="cond" truecount="2" falsecount="0"/>
        <line num="87" count="6" type="stmt"/>
        <line num="89" count="2" type="stmt"/>
      </file>
      <file name="syncEngine.ts" path="/home/runner/work/CALCULADORANEW/CALCULADORANEW/packages/mobile-app/src/features/sales-entry/syncEngine.ts">
        <metrics statements="21" coveredstatements="21" conditionals="8" coveredconditionals="7" methods="3" coveredmethods="3"/>
        <line num="18" count="2" type="stmt"/>
        <line num="26" count="9" type="cond" truecount="2" falsecount="0"/>
        <line num="27" count="1" type="stmt"/>
        <line num="29" count="8" type="stmt"/>
        <line num="30" count="8" type="stmt"/>
        <line num="31" count="8" type="stmt"/>
        <line num="32" count="8" type="cond" truecount="2" falsecount="0"/>
        <line num="33" count="1" type="stmt"/>
        <line num="36" count="7" type="stmt"/>
        <line num="37" count="8" type="stmt"/>
        <line num="40" count="5" type="stmt"/>
        <line num="41" count="5" type="stmt"/>
        <line num="42" count="5" type="stmt"/>
        <line num="43" count="6" type="cond" truecount="2" falsecount="0"/>
        <line num="44" count="5" type="stmt"/>
        <line num="45" count="5" type="stmt"/>
        <line num="47" count="1" type="cond" truecount="1" falsecount="1"/>
        <line num="48" count="1" type="stmt"/>
        <line num="51" count="5" type="stmt"/>
        <line num="57" count="8" type="stmt"/>
        <line num="63" count="7" type="stmt"/>
      </file>
      <file name="useAutoSync.ts" path="/home/runner/work/CALCULADORANEW/CALCULADORANEW/packages/mobile-app/src/features/sales-entry/useAutoSync.ts">
        <metrics statements="17" coveredstatements="17" conditionals="10" coveredconditionals="10" methods="6" coveredmethods="6"/>
        <line num="16" count="5" type="stmt"/>
        <line num="18" count="5" type="stmt"/>
        <line num="19" count="5" type="cond" truecount="2" falsecount="0"/>
        <line num="20" count="1" type="stmt"/>
        <line num="22" count="4" type="stmt"/>
        <line num="24" count="4" type="stmt"/>
        <line num="25" count="2" type="stmt"/>
        <line num="26" count="2" type="cond" truecount="4" falsecount="0"/>
        <line num="27" count="1" type="stmt"/>
        <line num="31" count="4" type="stmt"/>
        <line num="32" count="4" type="cond" truecount="4" falsecount="0"/>
        <line num="33" count="1" type="stmt"/>
        <line num="37" count="4" type="stmt"/>
        <line num="38" count="1" type="stmt"/>
        <line num="41" count="4" type="stmt"/>
        <line num="42" count="4" type="stmt"/>
        <line num="43" count="4" type="stmt"/>
      </file>
    </package>
    <package name="features.tiers">
      <metrics statements="42" coveredstatements="38" conditionals="19" coveredconditionals="17" methods="19" coveredmethods="16"/>
      <file name="TiersScreen.tsx" path="/home/runner/work/CALCULADORANEW/CALCULADORANEW/packages/mobile-app/src/features/tiers/TiersScreen.tsx">
        <metrics statements="33" coveredstatements="29" conditionals="19" coveredconditionals="17" methods="13" coveredmethods="10"/>
        <line num="21" count="20" type="stmt"/>
        <line num="22" count="19" type="stmt"/>
        <line num="23" count="19" type="stmt"/>
        <line num="24" count="19" type="stmt"/>
        <line num="27" count="19" type="cond" truecount="3" falsecount="0"/>
        <line num="28" count="10" type="stmt"/>
        <line num="34" count="19" type="stmt"/>
        <line num="35" count="13" type="stmt"/>
        <line num="36" count="13" type="stmt"/>
        <line num="37" count="13" type="cond" truecount="4" falsecount="0"/>
        <line num="39" count="19" type="cond" truecount="2" falsecount="0"/>
        <line num="41" count="19" type="stmt"/>
        <line num="42" count="1" type="stmt"/>
        <line num="43" count="1" type="stmt"/>
        <line num="44" count="1" type="stmt"/>
        <line num="47" count="19" type="stmt"/>
        <line num="48" count="1" type="stmt"/>
        <line num="51" count="19" type="stmt"/>
        <line num="52" count="3" type="cond" truecount="1" falsecount="1"/>
        <line num="53" count="3" type="stmt"/>
        <line num="60" count="3" type="stmt"/>
        <line num="61" count="3" type="stmt"/>
        <line num="62" count="2" type="stmt"/>
        <line num="68" count="19" type="cond" truecount="2" falsecount="0"/>
        <line num="69" count="7" type="stmt"/>
        <line num="72" count="12" type="stmt"/>
        <line num="77" count="0" type="stmt"/>
        <line num="78" count="0" type="stmt"/>
        <line num="86" count="0" type="stmt"/>
        <line num="100" count="19" type="stmt"/>
        <line num="102" count="12" type="stmt"/>
        <line num="106" count="1" type="stmt"/>
        <line num="113" count="0" type="stmt"/>
      </file>
      <file name="api.ts" path="/home/runner/work/CALCULADORANEW/CALCULADORANEW/packages/mobile-app/src/features/tiers/api.ts">
        <metrics statements="4" coveredstatements="4" conditionals="0" coveredconditionals="0" methods="2" coveredmethods="2"/>
        <line num="7" count="1" type="stmt"/>
        <line num="8" count="1" type="stmt"/>
        <line num="12" count="3" type="stmt"/>
        <line num="13" count="2" type="stmt"/>
      </file>
      <file name="hooks.ts" path="/home/runner/work/CALCULADORANEW/CALCULADORANEW/packages/mobile-app/src/features/tiers/hooks.ts">
        <metrics statements="5" coveredstatements="5" conditionals="0" coveredconditionals="0" methods="4" coveredmethods="4"/>
        <line num="13" count="21" type="stmt"/>
        <line num="15" count="10" type="stmt"/>
        <line num="20" count="24" type="stmt"/>
        <line num="21" count="24" type="stmt"/>
        <line num="23" count="3" type="stmt"/>
      </file>
    </package>
    <package name="shared">
      <metrics statements="1" coveredstatements="0" conditionals="0" coveredconditionals="0" methods="0" coveredmethods="0"/>
      <file name="theme.ts" path="/home/runner/work/CALCULADORANEW/CALCULADORANEW/packages/mobile-app/src/shared/theme.ts">
        <metrics statements="1" coveredstatements="0" conditionals="0" coveredconditionals="0" methods="0" coveredmethods="0"/>
        <line num="6" count="0" type="stmt"/>
      </file>
    </package>
    <package name="shared.api">
      <metrics statements="22" coveredstatements="22" conditionals="16" coveredconditionals="12" methods="6" coveredmethods="6"/>
      <file name="apiClient.ts" path="/home/runner/work/CALCULADORANEW/CALCULADORANEW/packages/mobile-app/src/shared/api/apiClient.ts">
        <metrics statements="22" coveredstatements="22" conditionals="16" coveredconditionals="12" methods="6" coveredmethods="6"/>
        <line num="10" count="37" type="cond" truecount="1" falsecount="1"/>
        <line num="11" count="37" type="cond" truecount="1" falsecount="1"/>
        <line num="12" count="37" type="stmt"/>
        <line num="15" count="37" type="stmt"/>
        <line num="24" count="37" type="stmt"/>
        <line num="26" count="55" type="stmt"/>
        <line num="35" count="5" type="cond" truecount="1" falsecount="1"/>
        <line num="36" count="5" type="cond" truecount="2" falsecount="0"/>
        <line num="39" count="37" type="stmt"/>
        <line num="40" count="41" type="stmt"/>
        <line num="41" count="41" type="cond" truecount="2" falsecount="0"/>
        <line num="42" count="3" type="cond" truecount="1" falsecount="1"/>
        <line num="43" count="3" type="stmt"/>
        <line num="45" count="41" type="stmt"/>
        <line num="48" count="37" type="stmt"/>
        <line num="49" count="23" type="stmt"/>
        <line num="51" count="18" type="stmt"/>
        <line num="52" count="18" type="stmt"/>
        <line num="53" count="18" type="cond" truecount="4" falsecount="0"/>
        <line num="54" count="1" type="stmt"/>
        <line num="55" count="1" type="stmt"/>
        <line num="57" count="18" type="stmt"/>
      </file>
      <file name="contractTypes.ts" path="/home/runner/work/CALCULADORANEW/CALCULADORANEW/packages/mobile-app/src/shared/api/contractTypes.ts">
        <metrics statements="0" coveredstatements="0" conditionals="0" coveredconditionals="0" methods="0" coveredmethods="0"/>
      </file>
    </package>
    <package name="shared.components">
      <metrics statements="17" coveredstatements="17" conditionals="27" coveredconditionals="26" methods="10" coveredmethods="10"/>
      <file name="ConfirmDialog.tsx" path="/home/runner/work/CALCULADORANEW/CALCULADORANEW/packages/mobile-app/src/shared/components/ConfirmDialog.tsx">
        <metrics statements="1" coveredstatements="1" conditionals="2" coveredconditionals="2" methods="1" coveredmethods="1"/>
        <line num="26" count="11" type="stmt"/>
      </file>
      <file name="ErrorBanner.tsx" path="/home/runner/work/CALCULADORANEW/CALCULADORANEW/packages/mobile-app/src/shared/components/ErrorBanner.tsx">
        <metrics statements="2" coveredstatements="2" conditionals="2" coveredconditionals="2" methods="1" coveredmethods="1"/>
        <line num="14" count="47" type="cond" truecount="2" falsecount="0"/>
        <line num="15" count="47" type="stmt"/>
      </file>
      <file name="OfflineBanner.tsx" path="/home/runner/work/CALCULADORANEW/CALCULADORANEW/packages/mobile-app/src/shared/components/OfflineBanner.tsx">
        <metrics statements="2" coveredstatements="2" conditionals="1" coveredconditionals="1" methods="1" coveredmethods="1"/>
        <line num="13" count="2" type="stmt"/>
        <line num="16" count="22" type="stmt"/>
      </file>
      <file name="PrimaryButton.tsx" path="/home/runner/work/CALCULADORANEW/CALCULADORANEW/packages/mobile-app/src/shared/components/PrimaryButton.tsx">
        <metrics statements="1" coveredstatements="1" conditionals="7" coveredconditionals="7" methods="1" coveredmethods="1"/>
        <line num="22" count="141" type="stmt"/>
      </file>
      <file name="SessionGate.tsx" path="/home/runner/work/CALCULADORANEW/CALCULADORANEW/packages/mobile-app/src/shared/components/SessionGate.tsx">
        <metrics statements="2" coveredstatements="2" conditionals="2" coveredconditionals="2" methods="1" coveredmethods="1"/>
        <line num="12" count="4" type="stmt"/>
        <line num="13" count="4" type="stmt"/>
      </file>
      <file name="Skeletons.tsx" path="/home/runner/work/CALCULADORANEW/CALCULADORANEW/packages/mobile-app/src/shared/components/Skeletons.tsx">
        <metrics statements="3" coveredstatements="3" conditionals="1" coveredconditionals="1" methods="3" coveredmethods="3"/>
        <line num="11" count="8" type="stmt"/>
        <line num="23" count="28" type="stmt"/>
        <line num="26" count="82" type="stmt"/>
      </file>
      <file name="SyncStatusIcon.tsx" path="/home/runner/work/CALCULADORANEW/CALCULADORANEW/packages/mobile-app/src/shared/components/SyncStatusIcon.tsx">
        <metrics statements="3" coveredstatements="3" conditionals="6" coveredconditionals="6" methods="1" coveredmethods="1"/>
        <line num="14" count="10" type="cond" truecount="2" falsecount="0"/>
        <line num="15" count="7" type="stmt"/>
        <line num="17" count="3" type="stmt"/>
      </file>
      <file name="ValidatedTextInput.tsx" path="/home/runner/work/CALCULADORANEW/CALCULADORANEW/packages/mobile-app/src/shared/components/ValidatedTextInput.tsx">
        <metrics statements="3" coveredstatements="3" conditionals="6" coveredconditionals="5" methods="1" coveredmethods="1"/>
        <line num="33" count="176" type="stmt"/>
        <line num="34" count="176" type="cond" truecount="1" falsecount="1"/>
        <line num="35" count="176" type="stmt"/>
      </file>
    </package>
    <package name="shared.net">
      <metrics statements="11" coveredstatements="11" conditionals="8" coveredconditionals="8" methods="4" coveredmethods="4"/>
      <file name="connectivity.ts" path="/home/runner/work/CALCULADORANEW/CALCULADORANEW/packages/mobile-app/src/shared/net/connectivity.ts">
        <metrics statements="11" coveredstatements="11" conditionals="8" coveredconditionals="8" methods="4" coveredmethods="4"/>
        <line num="9" count="8" type="cond" truecount="2" falsecount="0"/>
        <line num="10" count="7" type="cond" truecount="2" falsecount="0"/>
        <line num="14" count="1" type="stmt"/>
        <line num="15" count="1" type="stmt"/>
        <line num="23" count="2" type="stmt"/>
        <line num="24" count="2" type="stmt"/>
        <line num="25" count="3" type="stmt"/>
        <line num="26" count="3" type="cond" truecount="4" falsecount="0"/>
        <line num="27" count="1" type="stmt"/>
        <line num="29" count="3" type="stmt"/>
        <line num="31" count="2" type="stmt"/>
      </file>
    </package>
    <package name="shared.session">
      <metrics statements="35" coveredstatements="35" conditionals="6" coveredconditionals="4" methods="13" coveredmethods="12"/>
      <file name="SessionContext.tsx" path="/home/runner/work/CALCULADORANEW/CALCULADORANEW/packages/mobile-app/src/shared/session/SessionContext.tsx">
        <metrics statements="35" coveredstatements="35" conditionals="6" coveredconditionals="4" methods="13" coveredmethods="12"/>
        <line num="23" count="6" type="stmt"/>
        <line num="26" count="101" type="stmt"/>
        <line num="27" count="101" type="stmt"/>
        <line num="28" count="101" type="stmt"/>
        <line num="32" count="101" type="stmt"/>
        <line num="33" count="26" type="stmt"/>
        <line num="34" count="26" type="stmt"/>
        <line num="36" count="26" type="cond" truecount="1" falsecount="1"/>
        <line num="37" count="26" type="stmt"/>
        <line num="41" count="26" type="cond" truecount="1" falsecount="1"/>
        <line num="42" count="26" type="stmt"/>
        <line num="45" count="26" type="stmt"/>
        <line num="46" count="26" type="stmt"/>
        <line num="52" count="101" type="stmt"/>
        <line num="53" count="26" type="stmt"/>
        <line num="54" count="1" type="stmt"/>
        <line num="55" count="1" type="stmt"/>
        <line num="57" count="26" type="stmt"/>
        <line num="60" count="101" type="stmt"/>
        <line num="61" count="17" type="stmt"/>
        <line num="62" count="17" type="stmt"/>
        <line num="63" count="17" type="stmt"/>
        <line num="66" count="101" type="stmt"/>
        <line num="67" count="3" type="stmt"/>
        <line num="69" count="3" type="stmt"/>
        <line num="74" count="3" type="stmt"/>
        <line num="75" count="3" type="stmt"/>
        <line num="78" count="101" type="stmt"/>
        <line num="80" count="101" type="stmt"/>
        <line num="81" count="86" type="stmt"/>
        <line num="85" count="101" type="stmt"/>
        <line num="89" count="154" type="stmt"/>
        <line num="90" count="153" type="cond" truecount="2" falsecount="0"/>
        <line num="91" count="1" type="stmt"/>
        <line num="93" count="152" type="stmt"/>
      </file>
    </package>
    <package name="shared.storage">
      <metrics statements="38" coveredstatements="36" conditionals="19" coveredconditionals="16" methods="12" coveredmethods="12"/>
      <file name="pendingSalesDb.ts" path="/home/runner/work/CALCULADORANEW/CALCULADORANEW/packages/mobile-app/src/shared/storage/pendingSalesDb.ts">
        <metrics statements="26" coveredstatements="24" conditionals="14" coveredconditionals="11" methods="8" coveredmethods="8"/>
        <line num="13" count="6" type="stmt"/>
        <line num="29" count="6" type="stmt"/>
        <line num="32" count="48" type="cond" truecount="2" falsecount="0"/>
        <line num="33" count="24" type="stmt"/>
        <line num="34" count="24" type="stmt"/>
        <line num="46" count="24" type="stmt"/>
        <line num="49" count="48" type="stmt"/>
        <line num="54" count="27" type="stmt"/>
        <line num="62" count="17" type="cond" truecount="1" falsecount="1"/>
        <line num="63" count="0" type="stmt"/>
        <line num="65" count="17" type="cond" truecount="1" falsecount="1"/>
        <line num="66" count="0" type="stmt"/>
        <line num="68" count="17" type="cond" truecount="2" falsecount="0"/>
        <line num="69" count="1" type="stmt"/>
        <line num="71" count="16" type="stmt"/>
        <line num="72" count="16" type="stmt"/>
        <line num="87" count="15" type="stmt"/>
        <line num="88" count="15" type="stmt"/>
        <line num="92" count="15" type="stmt"/>
        <line num="97" count="15" type="stmt"/>
        <line num="98" count="15" type="stmt"/>
        <line num="102" count="15" type="cond" truecount="2" falsecount="0"/>
        <line num="107" count="1" type="stmt"/>
        <line num="108" count="1" type="stmt"/>
        <line num="120" count="1" type="stmt"/>
        <line num="121" count="1" type="stmt"/>
      </file>
      <file name="secureSession.ts" path="/home/runner/work/CALCULADORANEW/CALCULADORANEW/packages/mobile-app/src/shared/storage/secureSession.ts">
        <metrics statements="12" coveredstatements="12" conditionals="5" coveredconditionals="5" methods="4" coveredmethods="4"/>
        <line num="16" count="39" type="stmt"/>
        <line num="17" count="39" type="stmt"/>
        <line num="18" count="39" type="stmt"/>
        <line num="21" count="24" type="stmt"/>
        <line num="22" count="24" type="stmt"/>
        <line num="23" count="24" type="stmt"/>
        <line num="27" count="33" type="stmt"/>
        <line num="32" count="33" type="cond" truecount="5" falsecount="0"/>
        <line num="33" count="18" type="stmt"/>
        <line num="35" count="15" type="stmt"/>
        <line num="39" count="43" type="stmt"/>
        <line num="43" count="22" type="stmt"/>
      </file>
    </package>
  </project>
</coverage>
