{"/home/runner/work/CALCULADORANEW/CALCULADORANEW/packages/mobile-app/src/features/auth/SupervisorLoginScreen.tsx": {"path":"/home/runner/work/CALCULADORANEW/CALCULADORANEW/packages/mobile-app/src/features/auth/SupervisorLoginScreen.tsx","statementMap":{"0":{"start":{"line":18,"column":24},"end":{"line":18,"column":36}},"1":{"start":{"line":19,"column":20},"end":{"line":19,"column":32}},"2":{"start":{"line":20,"column":19},"end":{"line":20,"column":39}},"3":{"start":{"line":22,"column":20},"end":{"line":22,"column":36}},"4":{"start":{"line":24,"column":26},"end":{"line":26,"column":3}},"5":{"start":{"line":25,"column":4},"end":{"line":25,"column":52}},"6":{"start":{"line":28,"column":23},"end":{"line":35,"column":3}},"7":{"start":{"line":29,"column":4},"end":{"line":34,"column":5}},"8":{"start":{"line":30,"column":21},"end":{"line":30,"column":56}},"9":{"start":{"line":31,"column":6},"end":{"line":31,"column":26}},"10":{"start":{"line":37,"column":2},"end":{"line":61,"column":4}},"11":{"start":{"line":57,"column":27},"end":{"line":57,"column":61}}},"fnMap":{"0":{"name":"SupervisorLoginScreen","decl":{"start":{"line":17,"column":16},"end":{"line":17,"column":37}},"loc":{"start":{"line":17,"column":80},"end":{"line":62,"column":1}},"line":17},"1":{"name":"(anonymous_1)","decl":{"start":{"line":24,"column":26},"end":{"line":24,"column":27}},"loc":{"start":{"line":24,"column":44},"end":{"line":26,"column":3}},"line":24},"2":{"name":"(anonymous_2)","decl":{"start":{"line":28,"column":23},"end":{"line":28,"column":24}},"loc":{"start":{"line":28,"column":35},"end":{"line":35,"column":3}},"line":28},"3":{"name":"(anonymous_3)","decl":{"start":{"line":57,"column":21},"end":{"line":57,"column":22}},"loc":{"start":{"line":57,"column":27},"end":{"line":57,"column":61}},"line":57}},"branchMap":{},"s":{"0":17,"1":17,"2":17,"3":17,"4":17,"5":5,"6":17,"7":2,"8":2,"9":1,"10":17,"11":0},"f":{"0":17,"1":5,"2":2,"3":0},"b":{},"_coverageSchema":"1a1c01bbd47fc00a2c39e90264f33305004495a9","hash":"4f0d4fa64c1139b59fddf213397da3b9e9f0af1e"}
,"/home/runner/work/CALCULADORANEW/CALCULADORANEW/packages/mobile-app/src/features/auth/VendorLoginScreen.tsx": {"path":"/home/runner/work/CALCULADORANEW/CALCULADORANEW/packages/mobile-app/src/features/auth/VendorLoginScreen.tsx","statementMap":{"0":{"start":{"line":19,"column":34},"end":{"line":19,"column":46}},"1":{"start":{"line":20,"column":34},"end":{"line":20,"column":46}},"2":{"start":{"line":21,"column":20},"end":{"line":21,"column":32}},"3":{"start":{"line":22,"column":19},"end":{"line":22,"column":37}},"4":{"start":{"line":24,"column":20},"end":{"line":24,"column":76}},"5":{"start":{"line":26,"column":23},"end":{"line":33,"column":3}},"6":{"start":{"line":27,"column":4},"end":{"line":32,"column":5}},"7":{"start":{"line":28,"column":21},"end":{"line":28,"column":71}},"8":{"start":{"line":29,"column":6},"end":{"line":29,"column":26}},"9":{"start":{"line":35,"column":2},"end":{"line":61,"column":4}},"10":{"start":{"line":57,"column":27},"end":{"line":57,"column":65}}},"fnMap":{"0":{"name":"VendorLoginScreen","decl":{"start":{"line":18,"column":16},"end":{"line":18,"column":33}},"loc":{"start":{"line":18,"column":76},"end":{"line":62,"column":1}},"line":18},"1":{"name":"(anonymous_1)","decl":{"start":{"line":26,"column":23},"end":{"line":26,"column":24}},"loc":{"start":{"line":26,"column":35},"end":{"line":33,"column":3}},"line":26},"2":{"name":"(anonymous_2)","decl":{"start":{"line":57,"column":21},"end":{"line":57,"column":22}},"loc":{"start":{"line":57,"column":27},"end":{"line":57,"column":65}},"line":57}},"branchMap":{"0":{"loc":{"start":{"line":24,"column":20},"end":{"line":24,"column":76}},"type":"binary-expr","locations":[{"start":{"line":24,"column":20},"end":{"line":24,"column":46}},{"start":{"line":24,"column":50},"end":{"line":24,"column":76}}],"line":24}},"s":{"0":19,"1":19,"2":19,"3":19,"4":19,"5":19,"6":2,"7":2,"8":1,"9":19,"10":1},"f":{"0":19,"1":2,"2":1},"b":{"0":[19,13]},"_coverageSchema":"1a1c01bbd47fc00a2c39e90264f33305004495a9","hash":"e3f7943e159b1cf90d5072dd0aed05a1522189b0"}
,"/home/runner/work/CALCULADORANEW/CALCULADORANEW/packages/mobile-app/src/features/auth/api.ts": {"path":"/home/runner/work/CALCULADORANEW/CALCULADORANEW/packages/mobile-app/src/features/auth/api.ts","statementMap":{"0":{"start":{"line":7,"column":19},"end":{"line":7,"column":102}},"1":{"start":{"line":8,"column":2},"end":{"line":8,"column":14}},"2":{"start":{"line":12,"column":19},"end":{"line":12,"column":89}},"3":{"start":{"line":13,"column":2},"end":{"line":13,"column":14}},"4":{"start":{"line":22,"column":2},"end":{"line":22,"column":39}}},"fnMap":{"0":{"name":"loginVendedor","decl":{"start":{"line":6,"column":22},"end":{"line":6,"column":35}},"loc":{"start":{"line":6,"column":96},"end":{"line":9,"column":1}},"line":6},"1":{"name":"loginSupervisor","decl":{"start":{"line":11,"column":22},"end":{"line":11,"column":37}},"loc":{"start":{"line":11,"column":75},"end":{"line":14,"column":1}},"line":11},"2":{"name":"logout","decl":{"start":{"line":21,"column":22},"end":{"line":21,"column":28}},"loc":{"start":{"line":21,"column":46},"end":{"line":23,"column":1}},"line":21}},"branchMap":{},"s":{"0":2,"1":1,"2":2,"3":1,"4":2},"f":{"0":2,"1":2,"2":2},"b":{},"_coverageSchema":"1a1c01bbd47fc00a2c39e90264f33305004495a9","hash":"b48273bb57377d451988734f03aa2a0b30eb598f"}
,"/home/runner/work/CALCULADORANEW/CALCULADORANEW/packages/mobile-app/src/features/auth/hooks.ts": {"path":"/home/runner/work/CALCULADORANEW/CALCULADORANEW/packages/mobile-app/src/features/auth/hooks.ts","statementMap":{"0":{"start":{"line":10,"column":2},"end":{"line":12,"column":5}},"1":{"start":{"line":11,"column":44},"end":{"line":11,"column":77}},"2":{"start":{"line":16,"column":2},"end":{"line":18,"column":5}},"3":{"start":{"line":17,"column":29},"end":{"line":17,"column":49}}},"fnMap":{"0":{"name":"useLoginVendedor","decl":{"start":{"line":9,"column":16},"end":{"line":9,"column":32}},"loc":{"start":{"line":9,"column":35},"end":{"line":13,"column":1}},"line":9},"1":{"name":"(anonymous_1)","decl":{"start":{"line":11,"column":16},"end":{"line":11,"column":17}},"loc":{"start":{"line":11,"column":44},"end":{"line":11,"column":77}},"line":11},"2":{"name":"useLoginSupervisor","decl":{"start":{"line":15,"column":16},"end":{"line":15,"column":34}},"loc":{"start":{"line":15,"column":37},"end":{"line":19,"column":1}},"line":15},"3":{"name":"(anonymous_3)","decl":{"start":{"line":17,"column":16},"end":{"line":17,"column":17}},"loc":{"start":{"line":17,"column":29},"end":{"line":17,"column":49}},"line":17}},"branchMap":{},"s":{"0":25,"1":4,"2":20,"3":3},"f":{"0":25,"1":4,"2":20,"3":3},"b":{},"_coverageSchema":"1a1c01bbd47fc00a2c39e90264f33305004495a9","hash":"adf3f473a97b3662ee3bea544f0319524551d4cb"}
,"/home/runner/work/CALCULADORANEW/CALCULADORANEW/packages/mobile-app/src/features/history/HistoryScreen.tsx": {"path":"/home/runner/work/CALCULADORANEW/CALCULADORANEW/packages/mobile-app/src/features/history/HistoryScreen.tsx","statementMap":{"0":{"start":{"line":11,"column":16},"end":{"line":11,"column":38}},"1":{"start":{"line":13,"column":2},"end":{"line":15,"column":3}},"2":{"start":{"line":14,"column":4},"end":{"line":14,"column":42}},"3":{"start":{"line":17,"column":2},"end":{"line":27,"column":3}},"4":{"start":{"line":18,"column":4},"end":{"line":26,"column":6}},"5":{"start":{"line":23,"column":25},"end":{"line":23,"column":40}},"6":{"start":{"line":29,"column":18},"end":{"line":29,"column":34}},"7":{"start":{"line":30,"column":2},"end":{"line":36,"column":3}},"8":{"start":{"line":31,"column":4},"end":{"line":35,"column":6}},"9":{"start":{"line":38,"column":2},"end":{"line":51,"column":4}},"10":{"start":{"line":42,"column":30},"end":{"line":42,"column":37}},"11":{"start":{"line":44,"column":8},"end":{"line":48,"column":10}}},"fnMap":{"0":{"name":"HistoryScreen","decl":{"start":{"line":10,"column":16},"end":{"line":10,"column":29}},"loc":{"start":{"line":10,"column":51},"end":{"line":52,"column":1}},"line":10},"1":{"name":"(anonymous_1)","decl":{"start":{"line":23,"column":19},"end":{"line":23,"column":20}},"loc":{"start":{"line":23,"column":25},"end":{"line":23,"column":40}},"line":23},"2":{"name":"(anonymous_2)","decl":{"start":{"line":42,"column":20},"end":{"line":42,"column":21}},"loc":{"start":{"line":42,"column":30},"end":{"line":42,"column":37}},"line":42},"3":{"name":"(anonymous_3)","decl":{"start":{"line":43,"column":18},"end":{"line":43,"column":19}},"loc":{"start":{"line":44,"column":8},"end":{"line":48,"column":10}},"line":44}},"branchMap":{"0":{"loc":{"start":{"line":13,"column":2},"end":{"line":15,"column":3}},"type":"if","locations":[{"start":{"line":13,"column":2},"end":{"line":15,"column":3}},{"start":{},"end":{}}],"line":13},"1":{"loc":{"start":{"line":17,"column":2},"end":{"line":27,"column":3}},"type":"if","locations":[{"start":{"line":17,"column":2},"end":{"line":27,"column":3}},{"start":{},"end":{}}],"line":17},"2":{"loc":{"start":{"line":29,"column":18},"end":{"line":29,"column":34}},"type":"binary-expr","locations":[{"start":{"line":29,"column":18},"end":{"line":29,"column":28}},{"start":{"line":29,"column":32},"end":{"line":29,"column":34}}],"line":29},"3":{"loc":{"start":{"line":30,"column":2},"end":{"line":36,"column":3}},"type":"if","locations":[{"start":{"line":30,"column":2},"end":{"line":36,"column":3}},{"start":{},"end":{}}],"line":30}},"s":{"0":8,"1":7,"2":4,"3":3,"4":1,"5":0,"6":2,"7":2,"8":1,"9":1,"10":2,"11":1},"f":{"0":8,"1":0,"2":2,"3":1},"b":{"0":[4,3],"1":[1,2],"2":[2,0],"3":[1,1]},"_coverageSchema":"1a1c01bbd47fc00a2c39e90264f33305004495a9","hash":"9e9ff26c7c5ede0693275cee343a09f44a20f8ce"}
,"/home/runner/work/CALCULADORANEW/CALCULADORANEW/packages/mobile-app/src/features/history/api.ts": {"path":"/home/runner/work/CALCULADORANEW/CALCULADORANEW/packages/mobile-app/src/features/history/api.ts","statementMap":{"0":{"start":{"line":7,"column":19},"end":{"line":9,"column":4}},"1":{"start":{"line":10,"column":2},"end":{"line":10,"column":14}}},"fnMap":{"0":{"name":"getCommissionHistory","decl":{"start":{"line":6,"column":22},"end":{"line":6,"column":42}},"loc":{"start":{"line":6,"column":88},"end":{"line":11,"column":1}},"line":6}},"branchMap":{"0":{"loc":{"start":{"line":8,"column":12},"end":{"line":8,"column":41}},"type":"cond-expr","locations":[{"start":{"line":8,"column":20},"end":{"line":8,"column":29}},{"start":{"line":8,"column":32},"end":{"line":8,"column":41}}],"line":8}},"s":{"0":4,"1":3},"f":{"0":4},"b":{"0":[1,3]},"_coverageSchema":"1a1c01bbd47fc00a2c39e90264f33305004495a9","hash":"85ff498ddadc05a31e11ab505536915d98e73490"}
,"/home/runner/work/CALCULADORANEW/CALCULADORANEW/packages/mobile-app/src/features/history/hooks.ts": {"path":"/home/runner/work/CALCULADORANEW/CALCULADORANEW/packages/mobile-app/src/features/history/hooks.ts","statementMap":{"0":{"start":{"line":8,"column":2},"end":{"line":11,"column":5}},"1":{"start":{"line":10,"column":19},"end":{"line":10,"column":41}}},"fnMap":{"0":{"name":"useCommissionHistory","decl":{"start":{"line":7,"column":16},"end":{"line":7,"column":36}},"loc":{"start":{"line":7,"column":39},"end":{"line":12,"column":1}},"line":7},"1":{"name":"(anonymous_1)","decl":{"start":{"line":10,"column":13},"end":{"line":10,"column":14}},"loc":{"start":{"line":10,"column":19},"end":{"line":10,"column":41}},"line":10}},"branchMap":{},"s":{"0":12,"1":6},"f":{"0":12,"1":6},"b":{},"_coverageSchema":"1a1c01bbd47fc00a2c39e90264f33305004495a9","hash":"36bbb1be8f1f486eb794bcc5075a7d36db6cde6c"}
,"/home/runner/work/CALCULADORANEW/CALCULADORANEW/packages/mobile-app/src/features/home/HomeScreen.tsx": {"path":"/home/runner/work/CALCULADORANEW/CALCULADORANEW/packages/mobile-app/src/features/home/HomeScreen.tsx","statementMap":{"0":{"start":{"line":23,"column":30},"end":{"line":23,"column":42}},"1":{"start":{"line":24,"column":19},"end":{"line":24,"column":42}},"2":{"start":{"line":25,"column":16},"end":{"line":25,"column":38}},"3":{"start":{"line":26,"column":42},"end":{"line":26,"column":53}},"4":{"start":{"line":27,"column":28},"end":{"line":27,"column":61}},"5":{"start":{"line":28,"column":56},"end":{"line":28,"column":71}},"6":{"start":{"line":30,"column":2},"end":{"line":33,"column":29}},"7":{"start":{"line":31,"column":4},"end":{"line":31,"column":26}},"8":{"start":{"line":31,"column":19},"end":{"line":31,"column":26}},"9":{"start":{"line":32,"column":4},"end":{"line":32,"column":76}},"10":{"start":{"line":32,"column":46},"end":{"line":32,"column":74}},"11":{"start":{"line":35,"column":2},"end":{"line":38,"column":41}},"12":{"start":{"line":36,"column":4},"end":{"line":36,"column":48}},"13":{"start":{"line":36,"column":41},"end":{"line":36,"column":48}},"14":{"start":{"line":37,"column":4},"end":{"line":37,"column":75}},"15":{"start":{"line":40,"column":2},"end":{"line":42,"column":3}},"16":{"start":{"line":41,"column":4},"end":{"line":41,"column":28}},"17":{"start":{"line":44,"column":2},"end":{"line":54,"column":3}},"18":{"start":{"line":45,"column":4},"end":{"line":53,"column":6}},"19":{"start":{"line":50,"column":25},"end":{"line":50,"column":40}},"20":{"start":{"line":56,"column":21},"end":{"line":56,"column":31}},"21":{"start":{"line":58,"column":2},"end":{"line":94,"column":4}},"22":{"start":{"line":79,"column":27},"end":{"line":79,"column":55}},"23":{"start":{"line":87,"column":24},"end":{"line":87,"column":53}},"24":{"start":{"line":89,"column":10},"end":{"line":89,"column":40}},"25":{"start":{"line":90,"column":10},"end":{"line":90,"column":25}}},"fnMap":{"0":{"name":"HomeScreen","decl":{"start":{"line":22,"column":16},"end":{"line":22,"column":26}},"loc":{"start":{"line":22,"column":80},"end":{"line":95,"column":1}},"line":22},"1":{"name":"(anonymous_1)","decl":{"start":{"line":30,"column":12},"end":{"line":30,"column":13}},"loc":{"start":{"line":30,"column":18},"end":{"line":33,"column":3}},"line":30},"2":{"name":"(anonymous_2)","decl":{"start":{"line":32,"column":36},"end":{"line":32,"column":37}},"loc":{"start":{"line":32,"column":46},"end":{"line":32,"column":74}},"line":32},"3":{"name":"(anonymous_3)","decl":{"start":{"line":35,"column":12},"end":{"line":35,"column":13}},"loc":{"start":{"line":35,"column":18},"end":{"line":38,"column":3}},"line":35},"4":{"name":"(anonymous_4)","decl":{"start":{"line":50,"column":19},"end":{"line":50,"column":20}},"loc":{"start":{"line":50,"column":25},"end":{"line":50,"column":40}},"line":50},"5":{"name":"(anonymous_5)","decl":{"start":{"line":79,"column":21},"end":{"line":79,"column":22}},"loc":{"start":{"line":79,"column":27},"end":{"line":79,"column":55}},"line":79},"6":{"name":"(anonymous_6)","decl":{"start":{"line":87,"column":18},"end":{"line":87,"column":19}},"loc":{"start":{"line":87,"column":24},"end":{"line":87,"column":53}},"line":87},"7":{"name":"(anonymous_7)","decl":{"start":{"line":88,"column":19},"end":{"line":88,"column":20}},"loc":{"start":{"line":88,"column":31},"end":{"line":91,"column":9}},"line":88}},"branchMap":{"0":{"loc":{"start":{"line":24,"column":19},"end":{"line":24,"column":42}},"type":"binary-expr","locations":[{"start":{"line":24,"column":19},"end":{"line":24,"column":34}},{"start":{"line":24,"column":38},"end":{"line":24,"column":42}}],"line":24},"1":{"loc":{"start":{"line":31,"column":4},"end":{"line":31,"column":26}},"type":"if","locations":[{"start":{"line":31,"column":4},"end":{"line":31,"column":26}},{"start":{},"end":{}}],"line":31},"2":{"loc":{"start":{"line":36,"column":4},"end":{"line":36,"column":48}},"type":"if","locations":[{"start":{"line":36,"column":4},"end":{"line":36,"column":48}},{"start":{},"end":{}}],"line":36},"3":{"loc":{"start":{"line":36,"column":8},"end":{"line":36,"column":39}},"type":"binary-expr","locations":[{"start":{"line":36,"column":8},"end":{"line":36,"column":17}},{"start":{"line":36,"column":21},"end":{"line":36,"column":39}}],"line":36},"4":{"loc":{"start":{"line":40,"column":2},"end":{"line":42,"column":3}},"type":"if","locations":[{"start":{"line":40,"column":2},"end":{"line":42,"column":3}},{"start":{},"end":{}}],"line":40},"5":{"loc":{"start":{"line":44,"column":2},"end":{"line":54,"column":3}},"type":"if","locations":[{"start":{"line":44,"column":2},"end":{"line":54,"column":3}},{"start":{},"end":{}}],"line":44},"6":{"loc":{"start":{"line":69,"column":32},"end":{"line":69,"column":63}},"type":"binary-expr","locations":[{"start":{"line":69,"column":32},"end":{"line":69,"column":58}},{"start":{"line":69,"column":62},"end":{"line":69,"column":63}}],"line":69},"7":{"loc":{"start":{"line":70,"column":19},"end":{"line":70,"column":83}},"type":"cond-expr","locations":[{"start":{"line":70,"column":62},"end":{"line":70,"column":71}},{"start":{"line":70,"column":74},"end":{"line":70,"column":83}}],"line":70},"8":{"loc":{"start":{"line":70,"column":20},"end":{"line":70,"column":51}},"type":"binary-expr","locations":[{"start":{"line":70,"column":20},"end":{"line":70,"column":46}},{"start":{"line":70,"column":50},"end":{"line":70,"column":51}}],"line":70},"9":{"loc":{"start":{"line":73,"column":22},"end":{"line":73,"column":93}},"type":"cond-expr","locations":[{"start":{"line":73,"column":41},"end":{"line":73,"column":53}},{"start":{"line":73,"column":56},"end":{"line":73,"column":93}}],"line":73},"10":{"loc":{"start":{"line":73,"column":56},"end":{"line":73,"column":93}},"type":"cond-expr","locations":[{"start":{"line":73,"column":73},"end":{"line":73,"column":83}},{"start":{"line":73,"column":86},"end":{"line":73,"column":93}}],"line":73}},"s":{"0":19,"1":19,"2":19,"3":19,"4":19,"5":19,"6":19,"7":11,"8":1,"9":10,"10":10,"11":19,"12":11,"13":7,"14":4,"15":19,"16":6,"17":13,"18":1,"19":0,"20":12,"21":12,"22":1,"23":0,"24":1,"25":1},"f":{"0":19,"1":11,"2":10,"3":11,"4":0,"5":1,"6":0,"7":1},"b":{"0":[19,1],"1":[1,10],"2":[7,4],"3":[11,10],"4":[6,13],"5":[1,12],"6":[12,0],"7":[0,12],"8":[12,0],"9":[1,11],"10":[0,11]},"_coverageSchema":"1a1c01bbd47fc00a2c39e90264f33305004495a9","hash":"f6999169afeae8bce3c1ded0056848290d2b06e0"}
,"/home/runner/work/CALCULADORANEW/CALCULADORANEW/packages/mobile-app/src/features/home/api.ts": {"path":"/home/runner/work/CALCULADORANEW/CALCULADORANEW/packages/mobile-app/src/features/home/api.ts","statementMap":{"0":{"start":{"line":7,"column":19},"end":{"line":7,"column":79}},"1":{"start":{"line":8,"column":2},"end":{"line":8,"column":14}}},"fnMap":{"0":{"name":"getCurrentCommission","decl":{"start":{"line":6,"column":22},"end":{"line":6,"column":42}},"loc":{"start":{"line":6,"column":72},"end":{"line":9,"column":1}},"line":6}},"branchMap":{},"s":{"0":3,"1":1},"f":{"0":3},"b":{},"_coverageSchema":"1a1c01bbd47fc00a2c39e90264f33305004495a9","hash":"6efe51bc45daeb3ce9afceedcb998ee09e2388f9"}
,"/home/runner/work/CALCULADORANEW/CALCULADORANEW/packages/mobile-app/src/features/home/hooks.ts": {"path":"/home/runner/work/CALCULADORANEW/CALCULADORANEW/packages/mobile-app/src/features/home/hooks.ts","statementMap":{"0":{"start":{"line":11,"column":2},"end":{"line":14,"column":5}}},"fnMap":{"0":{"name":"useCurrentCommission","decl":{"start":{"line":10,"column":16},"end":{"line":10,"column":36}},"loc":{"start":{"line":10,"column":39},"end":{"line":15,"column":1}},"line":10}},"branchMap":{},"s":{"0":23},"f":{"0":23},"b":{},"_coverageSchema":"1a1c01bbd47fc00a2c39e90264f33305004495a9","hash":"0839d287c0cd4345473c00f128469b66e897bf4e"}
,"/home/runner/work/CALCULADORANEW/CALCULADORANEW/packages/mobile-app/src/features/home/returnRateTrend.ts": {"path":"/home/runner/work/CALCULADORANEW/CALCULADORANEW/packages/mobile-app/src/features/home/returnRateTrend.ts","statementMap":{"0":{"start":{"line":15,"column":27},"end":{"line":15,"column":51}},"1":{"start":{"line":27,"column":14},"end":{"line":27,"column":48}},"2":{"start":{"line":28,"column":22},"end":{"line":28,"column":53}},"3":{"start":{"line":29,"column":2},"end":{"line":29,"column":61}},"4":{"start":{"line":31,"column":2},"end":{"line":33,"column":3}},"5":{"start":{"line":32,"column":4},"end":{"line":32,"column":18}},"6":{"start":{"line":34,"column":19},"end":{"line":34,"column":38}},"7":{"start":{"line":35,"column":2},"end":{"line":37,"column":3}},"8":{"start":{"line":36,"column":4},"end":{"line":36,"column":18}},"9":{"start":{"line":38,"column":2},"end":{"line":38,"column":54}},"10":{"start":{"line":43,"column":2},"end":{"line":43,"column":68}}},"fnMap":{"0":{"name":"computeReturnRateTrend","decl":{"start":{"line":23,"column":22},"end":{"line":23,"column":44}},"loc":{"start":{"line":26,"column":28},"end":{"line":39,"column":1}},"line":26},"1":{"name":"__clearReturnRateTrendForTests","decl":{"start":{"line":42,"column":22},"end":{"line":42,"column":52}},"loc":{"start":{"line":42,"column":86},"end":{"line":44,"column":1}},"line":42}},"branchMap":{"0":{"loc":{"start":{"line":31,"column":2},"end":{"line":33,"column":3}},"type":"if","locations":[{"start":{"line":31,"column":2},"end":{"line":33,"column":3}},{"start":{},"end":{}}],"line":31},"1":{"loc":{"start":{"line":35,"column":2},"end":{"line":37,"column":3}},"type":"if","locations":[{"start":{"line":35,"column":2},"end":{"line":37,"column":3}},{"start":{},"end":{}}],"line":35},"2":{"loc":{"start":{"line":35,"column":6},"end":{"line":35,"column":62}},"type":"binary-expr","locations":[{"start":{"line":35,"column":6},"end":{"line":35,"column":28}},{"start":{"line":35,"column":32},"end":{"line":35,"column":62}}],"line":35},"3":{"loc":{"start":{"line":38,"column":9},"end":{"line":38,"column":53}},"type":"cond-expr","locations":[{"start":{"line":38,"column":40},"end":{"line":38,"column":46}},{"start":{"line":38,"column":49},"end":{"line":38,"column":53}}],"line":38}},"s":{"0":2,"1":13,"2":13,"3":13,"4":13,"5":7,"6":6,"7":6,"8":3,"9":3,"10":5},"f":{"0":13,"1":5},"b":{"0":[7,6],"1":[3,3],"2":[6,6],"3":[2,1]},"_coverageSchema":"1a1c01bbd47fc00a2c39e90264f33305004495a9","hash":"f0a0a34d8202447be82ea8f21ddc5d563f17afe0"}
,"/home/runner/work/CALCULADORANEW/CALCULADORANEW/packages/mobile-app/src/features/manual-notification/ManualNotificationScreen.tsx": {"path":"/home/runner/work/CALCULADORANEW/CALCULADORANEW/packages/mobile-app/src/features/manual-notification/ManualNotificationScreen.tsx","statementMap":{"0":{"start":{"line":21,"column":26},"end":{"line":21,"column":65}},"1":{"start":{"line":22,"column":52},"end":{"line":22,"column":74}},"2":{"start":{"line":23,"column":32},"end":{"line":23,"column":44}},"3":{"start":{"line":24,"column":42},"end":{"line":24,"column":71}},"4":{"start":{"line":25,"column":19},"end":{"line":25,"column":46}},"5":{"start":{"line":27,"column":23},"end":{"line":36,"column":3}},"6":{"start":{"line":28,"column":4},"end":{"line":35,"column":7}},"7":{"start":{"line":29,"column":6},"end":{"line":31,"column":7}},"8":{"start":{"line":30,"column":8},"end":{"line":30,"column":60}},"9":{"start":{"line":32,"column":6},"end":{"line":34,"column":33}},"10":{"start":{"line":33,"column":33},"end":{"line":33,"column":48}},"11":{"start":{"line":39,"column":4},"end":{"line":39,"column":77}},"12":{"start":{"line":41,"column":21},"end":{"line":53,"column":3}},"13":{"start":{"line":42,"column":4},"end":{"line":42,"column":27}},"14":{"start":{"line":42,"column":20},"end":{"line":42,"column":27}},"15":{"start":{"line":43,"column":23},"end":{"line":43,"column":65}},"16":{"start":{"line":44,"column":4},"end":{"line":52,"column":5}},"17":{"start":{"line":45,"column":6},"end":{"line":45,"column":58}},"18":{"start":{"line":46,"column":20},"end":{"line":46,"column":78}},"19":{"start":{"line":47,"column":6},"end":{"line":47,"column":29}},"20":{"start":{"line":48,"column":6},"end":{"line":48,"column":21}},"21":{"start":{"line":49,"column":6},"end":{"line":49,"column":31}},"22":{"start":{"line":55,"column":2},"end":{"line":101,"column":4}},"23":{"start":{"line":58,"column":64},"end":{"line":58,"column":104}},"24":{"start":{"line":67,"column":34},"end":{"line":67,"column":41}},"25":{"start":{"line":69,"column":12},"end":{"line":74,"column":14}},"26":{"start":{"line":72,"column":29},"end":{"line":72,"column":50}},"27":{"start":{"line":94,"column":25},"end":{"line":94,"column":46}}},"fnMap":{"0":{"name":"ManualNotificationScreen","decl":{"start":{"line":20,"column":16},"end":{"line":20,"column":40}},"loc":{"start":{"line":20,"column":104},"end":{"line":102,"column":1}},"line":20},"1":{"name":"(anonymous_1)","decl":{"start":{"line":27,"column":23},"end":{"line":27,"column":24}},"loc":{"start":{"line":27,"column":45},"end":{"line":36,"column":3}},"line":27},"2":{"name":"(anonymous_2)","decl":{"start":{"line":28,"column":25},"end":{"line":28,"column":26}},"loc":{"start":{"line":28,"column":38},"end":{"line":35,"column":5}},"line":28},"3":{"name":"(anonymous_3)","decl":{"start":{"line":33,"column":25},"end":{"line":33,"column":26}},"loc":{"start":{"line":33,"column":33},"end":{"line":33,"column":48}},"line":33},"4":{"name":"(anonymous_4)","decl":{"start":{"line":41,"column":21},"end":{"line":41,"column":22}},"loc":{"start":{"line":41,"column":33},"end":{"line":53,"column":3}},"line":41},"5":{"name":"(anonymous_5)","decl":{"start":{"line":58,"column":53},"end":{"line":58,"column":54}},"loc":{"start":{"line":58,"column":64},"end":{"line":58,"column":104}},"line":58},"6":{"name":"(anonymous_6)","decl":{"start":{"line":67,"column":24},"end":{"line":67,"column":25}},"loc":{"start":{"line":67,"column":34},"end":{"line":67,"column":41}},"line":67},"7":{"name":"(anonymous_7)","decl":{"start":{"line":68,"column":22},"end":{"line":68,"column":23}},"loc":{"start":{"line":69,"column":12},"end":{"line":74,"column":14}},"line":69},"8":{"name":"(anonymous_8)","decl":{"start":{"line":72,"column":23},"end":{"line":72,"column":24}},"loc":{"start":{"line":72,"column":29},"end":{"line":72,"column":50}},"line":72},"9":{"name":"(anonymous_9)","decl":{"start":{"line":94,"column":19},"end":{"line":94,"column":20}},"loc":{"start":{"line":94,"column":25},"end":{"line":94,"column":46}},"line":94}},"branchMap":{"0":{"loc":{"start":{"line":29,"column":6},"end":{"line":31,"column":7}},"type":"if","locations":[{"start":{"line":29,"column":6},"end":{"line":31,"column":7}},{"start":{},"end":{}}],"line":29},"1":{"loc":{"start":{"line":30,"column":15},"end":{"line":30,"column":59}},"type":"cond-expr","locations":[{"start":{"line":30,"column":44},"end":{"line":30,"column":46}},{"start":{"line":30,"column":49},"end":{"line":30,"column":59}}],"line":30},"2":{"loc":{"start":{"line":32,"column":13},"end":{"line":34,"column":32}},"type":"cond-expr","locations":[{"start":{"line":33,"column":10},"end":{"line":33,"column":49}},{"start":{"line":34,"column":10},"end":{"line":34,"column":32}}],"line":32},"3":{"loc":{"start":{"line":39,"column":4},"end":{"line":39,"column":77}},"type":"binary-expr","locations":[{"start":{"line":39,"column":4},"end":{"line":39,"column":25}},{"start":{"line":39,"column":30},"end":{"line":39,"column":44}},{"start":{"line":39,"column":48},"end":{"line":39,"column":76}}],"line":39},"4":{"loc":{"start":{"line":42,"column":4},"end":{"line":42,"column":27}},"type":"if","locations":[{"start":{"line":42,"column":4},"end":{"line":42,"column":27}},{"start":{},"end":{}}],"line":42},"5":{"loc":{"start":{"line":43,"column":23},"end":{"line":43,"column":65}},"type":"cond-expr","locations":[{"start":{"line":43,"column":40},"end":{"line":43,"column":45}},{"start":{"line":43,"column":48},"end":{"line":43,"column":65}}],"line":43},"6":{"loc":{"start":{"line":46,"column":20},"end":{"line":46,"column":78}},"type":"cond-expr","locations":[{"start":{"line":46,"column":37},"end":{"line":46,"column":51}},{"start":{"line":46,"column":54},"end":{"line":46,"column":78}}],"line":46},"7":{"loc":{"start":{"line":57,"column":7},"end":{"line":57,"column":97}},"type":"binary-expr","locations":[{"start":{"line":57,"column":7},"end":{"line":57,"column":23}},{"start":{"line":57,"column":27},"end":{"line":57,"column":97}}],"line":57},"8":{"loc":{"start":{"line":63,"column":7},"end":{"line":77,"column":7}},"type":"binary-expr","locations":[{"start":{"line":63,"column":7},"end":{"line":63,"column":21}},{"start":{"line":64,"column":8},"end":{"line":76,"column":10}}],"line":63},"9":{"loc":{"start":{"line":71,"column":22},"end":{"line":71,"column":83}},"type":"cond-expr","locations":[{"start":{"line":71,"column":60},"end":{"line":71,"column":69}},{"start":{"line":71,"column":72},"end":{"line":71,"column":83}}],"line":71},"10":{"loc":{"start":{"line":98,"column":9},"end":{"line":98,"column":89}},"type":"cond-expr","locations":[{"start":{"line":98,"column":33},"end":{"line":98,"column":84}},{"start":{"line":98,"column":87},"end":{"line":98,"column":89}}],"line":98}},"s":{"0":22,"1":22,"2":22,"3":22,"4":22,"5":22,"6":3,"7":3,"8":3,"9":0,"10":0,"11":22,"12":22,"13":3,"14":0,"15":3,"16":3,"17":3,"18":2,"19":2,"20":2,"21":2,"22":22,"23":2,"24":35,"25":30,"26":3,"27":0},"f":{"0":22,"1":3,"2":3,"3":0,"4":3,"5":2,"6":35,"7":30,"8":3,"9":0},"b":{"0":[3,0],"1":[0,3],"2":[0,0],"3":[22,11,8],"4":[0,3],"5":[1,2],"6":[1,1],"7":[22,1],"8":[22,15],"9":[6,24],"10":[6,16]},"_coverageSchema":"1a1c01bbd47fc00a2c39e90264f33305004495a9","hash":"bfb4d7cd1d44f1969d9376f2aa5eaf91063df9fb"}
,"/home/runner/work/CALCULADORANEW/CALCULADORANEW/packages/mobile-app/src/features/manual-notification/api.ts": {"path":"/home/runner/work/CALCULADORANEW/CALCULADORANEW/packages/mobile-app/src/features/manual-notification/api.ts","statementMap":{"0":{"start":{"line":8,"column":2},"end":{"line":8,"column":55}}},"fnMap":{"0":{"name":"sendManualNotification","decl":{"start":{"line":7,"column":22},"end":{"line":7,"column":44}},"loc":{"start":{"line":7,"column":92},"end":{"line":9,"column":1}},"line":7}},"branchMap":{},"s":{"0":4},"f":{"0":4},"b":{},"_coverageSchema":"1a1c01bbd47fc00a2c39e90264f33305004495a9","hash":"4844f8466f9eaace8c6c4cb332b9c41a13900d15"}
,"/home/runner/work/CALCULADORANEW/CALCULADORANEW/packages/mobile-app/src/features/manual-notification/hooks.ts": {"path":"/home/runner/work/CALCULADORANEW/CALCULADORANEW/packages/mobile-app/src/features/manual-notification/hooks.ts","statementMap":{"0":{"start":{"line":8,"column":2},"end":{"line":10,"column":5}}},"fnMap":{"0":{"name":"useSendManualNotification","decl":{"start":{"line":7,"column":16},"end":{"line":7,"column":41}},"loc":{"start":{"line":7,"column":44},"end":{"line":11,"column":1}},"line":7}},"branchMap":{},"s":{"0":27},"f":{"0":27},"b":{},"_coverageSchema":"1a1c01bbd47fc00a2c39e90264f33305004495a9","hash":"aa73665e824c565a16fb62f121d2520f973b0142"}
,"/home/runner/work/CALCULADORANEW/CALCULADORANEW/packages/mobile-app/src/features/notifications/NotificationsScreen.tsx": {"path":"/home/runner/work/CALCULADORANEW/CALCULADORANEW/packages/mobile-app/src/features/notifications/NotificationsScreen.tsx","statementMap":{"0":{"start":{"line":14,"column":16},"end":{"line":14,"column":34}},"1":{"start":{"line":15,"column":17},"end":{"line":15,"column":82}},"2":{"start":{"line":15,"column":31},"end":{"line":15,"column":67}},"3":{"start":{"line":17,"column":2},"end":{"line":19,"column":3}},"4":{"start":{"line":18,"column":4},"end":{"line":18,"column":42}},"5":{"start":{"line":21,"column":2},"end":{"line":31,"column":3}},"6":{"start":{"line":22,"column":4},"end":{"line":30,"column":6}},"7":{"start":{"line":27,"column":25},"end":{"line":27,"column":40}},"8":{"start":{"line":33,"column":2},"end":{"line":39,"column":3}},"9":{"start":{"line":34,"column":4},"end":{"line":38,"column":6}},"10":{"start":{"line":41,"column":2},"end":{"line":61,"column":4}},"11":{"start":{"line":44,"column":8},"end":{"line":58,"column":23}},"12":{"start":{"line":46,"column":12},"end":{"line":56,"column":14}}},"fnMap":{"0":{"name":"NotificationsScreen","decl":{"start":{"line":13,"column":16},"end":{"line":13,"column":35}},"loc":{"start":{"line":13,"column":57},"end":{"line":62,"column":1}},"line":13},"1":{"name":"(anonymous_1)","decl":{"start":{"line":15,"column":25},"end":{"line":15,"column":26}},"loc":{"start":{"line":15,"column":31},"end":{"line":15,"column":67}},"line":15},"2":{"name":"(anonymous_2)","decl":{"start":{"line":27,"column":19},"end":{"line":27,"column":20}},"loc":{"start":{"line":27,"column":25},"end":{"line":27,"column":40}},"line":27},"3":{"name":"(anonymous_3)","decl":{"start":{"line":43,"column":18},"end":{"line":43,"column":19}},"loc":{"start":{"line":44,"column":8},"end":{"line":58,"column":23}},"line":44},"4":{"name":"(anonymous_4)","decl":{"start":{"line":45,"column":27},"end":{"line":45,"column":28}},"loc":{"start":{"line":46,"column":12},"end":{"line":56,"column":14}},"line":46}},"branchMap":{"0":{"loc":{"start":{"line":15,"column":50},"end":{"line":15,"column":66}},"type":"binary-expr","locations":[{"start":{"line":15,"column":50},"end":{"line":15,"column":60}},{"start":{"line":15,"column":64},"end":{"line":15,"column":66}}],"line":15},"1":{"loc":{"start":{"line":17,"column":2},"end":{"line":19,"column":3}},"type":"if","locations":[{"start":{"line":17,"column":2},"end":{"line":19,"column":3}},{"start":{},"end":{}}],"line":17},"2":{"loc":{"start":{"line":21,"column":2},"end":{"line":31,"column":3}},"type":"if","locations":[{"start":{"line":21,"column":2},"end":{"line":31,"column":3}},{"start":{},"end":{}}],"line":21},"3":{"loc":{"start":{"line":33,"column":2},"end":{"line":39,"column":3}},"type":"if","locations":[{"start":{"line":33,"column":2},"end":{"line":39,"column":3}},{"start":{},"end":{}}],"line":33},"4":{"loc":{"start":{"line":49,"column":26},"end":{"line":49,"column":80}},"type":"cond-expr","locations":[{"start":{"line":49,"column":46},"end":{"line":49,"column":55}},{"start":{"line":49,"column":58},"end":{"line":49,"column":80}}],"line":49},"5":{"loc":{"start":{"line":51,"column":16},"end":{"line":53,"column":29}},"type":"cond-expr","locations":[{"start":{"line":52,"column":20},"end":{"line":52,"column":155}},{"start":{"line":53,"column":20},"end":{"line":53,"column":29}}],"line":51}},"s":{"0":9,"1":9,"2":8,"3":9,"4":5,"5":4,"6":1,"7":0,"8":3,"9":1,"10":2,"11":3,"12":3},"f":{"0":9,"1":8,"2":0,"3":3,"4":3},"b":{"0":[8,5],"1":[5,4],"2":[1,3],"3":[1,2],"4":[1,2],"5":[1,2]},"_coverageSchema":"1a1c01bbd47fc00a2c39e90264f33305004495a9","hash":"779be4c4331fb6a565b5920600dddc40e9acb378"}
,"/home/runner/work/CALCULADORANEW/CALCULADORANEW/packages/mobile-app/src/features/notifications/api.ts": {"path":"/home/runner/work/CALCULADORANEW/CALCULADORANEW/packages/mobile-app/src/features/notifications/api.ts","statementMap":{"0":{"start":{"line":7,"column":19},"end":{"line":7,"column":75}},"1":{"start":{"line":8,"column":2},"end":{"line":8,"column":14}}},"fnMap":{"0":{"name":"getNotifications","decl":{"start":{"line":6,"column":22},"end":{"line":6,"column":38}},"loc":{"start":{"line":6,"column":69},"end":{"line":9,"column":1}},"line":6}},"branchMap":{},"s":{"0":4,"1":3},"f":{"0":4},"b":{},"_coverageSchema":"1a1c01bbd47fc00a2c39e90264f33305004495a9","hash":"eaaa611af29036a3a8fda6dea21151e82d879759"}
,"/home/runner/work/CALCULADORANEW/CALCULADORANEW/packages/mobile-app/src/features/notifications/grouping.ts": {"path":"/home/runner/work/CALCULADORANEW/CALCULADORANEW/packages/mobile-app/src/features/notifications/grouping.ts","statementMap":{"0":{"start":{"line":14,"column":78},"end":{"line":18,"column":1}},"1":{"start":{"line":26,"column":17},"end":{"line":26,"column":63}},"2":{"start":{"line":27,"column":2},"end":{"line":31,"column":3}},"3":{"start":{"line":28,"column":19},"end":{"line":28,"column":54}},"4":{"start":{"line":29,"column":4},"end":{"line":29,"column":30}},"5":{"start":{"line":30,"column":4},"end":{"line":30,"column":42}},"6":{"start":{"line":33,"column":2},"end":{"line":40,"column":48}},"7":{"start":{"line":33,"column":52},"end":{"line":40,"column":3}},"8":{"start":{"line":38,"column":16},"end":{"line":38,"column":75}},"9":{"start":{"line":40,"column":24},"end":{"line":40,"column":46}}},"fnMap":{"0":{"name":"groupNotifications","decl":{"start":{"line":25,"column":16},"end":{"line":25,"column":34}},"loc":{"start":{"line":25,"column":90},"end":{"line":41,"column":1}},"line":25},"1":{"name":"(anonymous_1)","decl":{"start":{"line":33,"column":25},"end":{"line":33,"column":26}},"loc":{"start":{"line":33,"column":52},"end":{"line":40,"column":3}},"line":33},"2":{"name":"(anonymous_2)","decl":{"start":{"line":38,"column":6},"end":{"line":38,"column":7}},"loc":{"start":{"line":38,"column":16},"end":{"line":38,"column":75}},"line":38},"3":{"name":"(anonymous_3)","decl":{"start":{"line":40,"column":13},"end":{"line":40,"column":14}},"loc":{"start":{"line":40,"column":24},"end":{"line":40,"column":46}},"line":40}},"branchMap":{"0":{"loc":{"start":{"line":28,"column":19},"end":{"line":28,"column":54}},"type":"binary-expr","locations":[{"start":{"line":28,"column":19},"end":{"line":28,"column":48}},{"start":{"line":28,"column":52},"end":{"line":28,"column":54}}],"line":28},"1":{"loc":{"start":{"line":37,"column":16},"end":{"line":37,"column":37}},"type":"binary-expr","locations":[{"start":{"line":37,"column":16},"end":{"line":37,"column":31}},{"start":{"line":37,"column":35},"end":{"line":37,"column":37}}],"line":37}},"s":{"0":2,"1":13,"2":13,"3":11,"4":11,"5":11,"6":13,"7":39,"8":2,"9":39},"f":{"0":13,"1":39,"2":2,"3":39},"b":{"0":[11,9],"1":[39,30]},"_coverageSchema":"1a1c01bbd47fc00a2c39e90264f33305004495a9","hash":"6766fa9b3763c58cc4caa7a767219bbf44d2b0d4"}
,"/home/runner/work/CALCULADORANEW/CALCULADORANEW/packages/mobile-app/src/features/notifications/hooks.ts": {"path":"/home/runner/work/CALCULADORANEW/CALCULADORANEW/packages/mobile-app/src/features/notifications/hooks.ts","statementMap":{"0":{"start":{"line":8,"column":2},"end":{"line":11,"column":5}}},"fnMap":{"0":{"name":"useNotifications","decl":{"start":{"line":7,"column":16},"end":{"line":7,"column":32}},"loc":{"start":{"line":7,"column":35},"end":{"line":12,"column":1}},"line":7}},"branchMap":{},"s":{"0":13},"f":{"0":13},"b":{},"_coverageSchema":"1a1c01bbd47fc00a2c39e90264f33305004495a9","hash":"127b700c8fd0d7b0586740c1a9756edf3d139e24"}
,"/home/runner/work/CALCULADORANEW/CALCULADORANEW/packages/mobile-app/src/features/roster/BudgetsScreen.tsx": {"path":"/home/runner/work/CALCULADORANEW/CALCULADORANEW/packages/mobile-app/src/features/roster/BudgetsScreen.tsx","statementMap":{"0":{"start":{"line":14,"column":16},"end":{"line":14,"column":28}},"1":{"start":{"line":15,"column":25},"end":{"line":15,"column":42}},"2":{"start":{"line":16,"column":48},"end":{"line":16,"column":77}},"3":{"start":{"line":17,"column":40},"end":{"line":17,"column":52}},"4":{"start":{"line":19,"column":20},"end":{"line":22,"column":3}},"5":{"start":{"line":20,"column":4},"end":{"line":20,"column":33}},"6":{"start":{"line":21,"column":4},"end":{"line":21,"column":42}},"7":{"start":{"line":24,"column":23},"end":{"line":24,"column":46}},"8":{"start":{"line":25,"column":24},"end":{"line":25,"column":100}},"9":{"start":{"line":27,"column":21},"end":{"line":40,"column":3}},"10":{"start":{"line":28,"column":4},"end":{"line":28,"column":31}},"11":{"start":{"line":28,"column":24},"end":{"line":28,"column":31}},"12":{"start":{"line":29,"column":19},"end":{"line":29,"column":61}},"13":{"start":{"line":29,"column":43},"end":{"line":29,"column":60}},"14":{"start":{"line":30,"column":4},"end":{"line":30,"column":24}},"15":{"start":{"line":30,"column":17},"end":{"line":30,"column":24}},"16":{"start":{"line":31,"column":4},"end":{"line":39,"column":5}},"17":{"start":{"line":32,"column":6},"end":{"line":35,"column":9}},"18":{"start":{"line":36,"column":6},"end":{"line":36,"column":31}},"19":{"start":{"line":42,"column":2},"end":{"line":44,"column":3}},"20":{"start":{"line":43,"column":4},"end":{"line":43,"column":42}},"21":{"start":{"line":46,"column":2},"end":{"line":52,"column":3}},"22":{"start":{"line":47,"column":4},"end":{"line":51,"column":6}},"23":{"start":{"line":49,"column":82},"end":{"line":49,"column":97}},"24":{"start":{"line":54,"column":2},"end":{"line":93,"column":4}},"25":{"start":{"line":62,"column":32},"end":{"line":62,"column":39}},"26":{"start":{"line":64,"column":10},"end":{"line":89,"column":11}},"27":{"start":{"line":76,"column":31},"end":{"line":76,"column":50}},"28":{"start":{"line":86,"column":29},"end":{"line":86,"column":60}}},"fnMap":{"0":{"name":"BudgetsScreen","decl":{"start":{"line":13,"column":16},"end":{"line":13,"column":29}},"loc":{"start":{"line":13,"column":51},"end":{"line":94,"column":1}},"line":13},"1":{"name":"(anonymous_1)","decl":{"start":{"line":19,"column":20},"end":{"line":19,"column":21}},"loc":{"start":{"line":19,"column":65},"end":{"line":22,"column":3}},"line":19},"2":{"name":"(anonymous_2)","decl":{"start":{"line":27,"column":21},"end":{"line":27,"column":22}},"loc":{"start":{"line":27,"column":49},"end":{"line":40,"column":3}},"line":27},"3":{"name":"(anonymous_3)","decl":{"start":{"line":29,"column":36},"end":{"line":29,"column":37}},"loc":{"start":{"line":29,"column":43},"end":{"line":29,"column":60}},"line":29},"4":{"name":"(anonymous_4)","decl":{"start":{"line":49,"column":76},"end":{"line":49,"column":77}},"loc":{"start":{"line":49,"column":82},"end":{"line":49,"column":97}},"line":49},"5":{"name":"(anonymous_5)","decl":{"start":{"line":62,"column":22},"end":{"line":62,"column":23}},"loc":{"start":{"line":62,"column":32},"end":{"line":62,"column":39}},"line":62},"6":{"name":"(anonymous_6)","decl":{"start":{"line":63,"column":20},"end":{"line":63,"column":21}},"loc":{"start":{"line":64,"column":10},"end":{"line":89,"column":11}},"line":64},"7":{"name":"(anonymous_7)","decl":{"start":{"line":76,"column":25},"end":{"line":76,"column":26}},"loc":{"start":{"line":76,"column":31},"end":{"line":76,"column":50}},"line":76},"8":{"name":"(anonymous_8)","decl":{"start":{"line":86,"column":23},"end":{"line":86,"column":24}},"loc":{"start":{"line":86,"column":29},"end":{"line":86,"column":60}},"line":86}},"branchMap":{"0":{"loc":{"start":{"line":25,"column":24},"end":{"line":25,"column":100}},"type":"binary-expr","locations":[{"start":{"line":25,"column":24},"end":{"line":25,"column":49}},{"start":{"line":25,"column":53},"end":{"line":25,"column":80}},{"start":{"line":25,"column":84},"end":{"line":25,"column":100}}],"line":25},"1":{"loc":{"start":{"line":28,"column":4},"end":{"line":28,"column":31}},"type":"if","locations":[{"start":{"line":28,"column":4},"end":{"line":28,"column":31}},{"start":{},"end":{}}],"line":28},"2":{"loc":{"start":{"line":30,"column":4},"end":{"line":30,"column":24}},"type":"if","locations":[{"start":{"line":30,"column":4},"end":{"line":30,"column":24}},{"start":{},"end":{}}],"line":30},"3":{"loc":{"start":{"line":42,"column":2},"end":{"line":44,"column":3}},"type":"if","locations":[{"start":{"line":42,"column":2},"end":{"line":44,"column":3}},{"start":{},"end":{}}],"line":42},"4":{"loc":{"start":{"line":46,"column":2},"end":{"line":52,"column":3}},"type":"if","locations":[{"start":{"line":46,"column":2},"end":{"line":52,"column":3}},{"start":{},"end":{}}],"line":46},"5":{"loc":{"start":{"line":56,"column":7},"end":{"line":58,"column":7}},"type":"binary-expr","locations":[{"start":{"line":56,"column":7},"end":{"line":56,"column":29}},{"start":{"line":57,"column":8},"end":{"line":57,"column":77}}],"line":56},"6":{"loc":{"start":{"line":64,"column":10},"end":{"line":89,"column":11}},"type":"cond-expr","locations":[{"start":{"line":65,"column":12},"end":{"line":81,"column":19}},{"start":{"line":83,"column":12},"end":{"line":88,"column":14}}],"line":64},"7":{"loc":{"start":{"line":71,"column":23},"end":{"line":71,"column":89}},"type":"cond-expr","locations":[{"start":{"line":71,"column":40},"end":{"line":71,"column":77}},{"start":{"line":71,"column":80},"end":{"line":71,"column":89}}],"line":71}},"s":{"0":19,"1":18,"2":18,"3":18,"4":18,"5":3,"6":3,"7":18,"8":18,"9":18,"10":2,"11":0,"12":2,"13":2,"14":2,"15":0,"16":2,"17":2,"18":1,"19":18,"20":4,"21":14,"22":0,"23":0,"24":14,"25":15,"26":12,"27":2,"28":3},"f":{"0":19,"1":3,"2":2,"3":2,"4":0,"5":15,"6":12,"7":2,"8":3},"b":{"0":[18,11,11],"1":[0,2],"2":[0,2],"3":[4,14],"4":[0,14],"5":[14,2],"6":[8,4],"7":[1,7]},"_coverageSchema":"1a1c01bbd47fc00a2c39e90264f33305004495a9","hash":"2d0cc944788bc9478195a27597be341db2be156b"}
,"/home/runner/work/CALCULADORANEW/CALCULADORANEW/packages/mobile-app/src/features/roster/RosterScreen.tsx": {"path":"/home/runner/work/CALCULADORANEW/CALCULADORANEW/packages/mobile-app/src/features/roster/RosterScreen.tsx","statementMap":{"0":{"start":{"line":19,"column":16},"end":{"line":19,"column":28}},"1":{"start":{"line":20,"column":25},"end":{"line":20,"column":42}},"2":{"start":{"line":22,"column":28},"end":{"line":22,"column":40}},"3":{"start":{"line":23,"column":26},"end":{"line":23,"column":38}},"4":{"start":{"line":24,"column":32},"end":{"line":24,"column":61}},"5":{"start":{"line":25,"column":40},"end":{"line":25,"column":55}},"6":{"start":{"line":27,"column":20},"end":{"line":27,"column":81}},"7":{"start":{"line":29,"column":20},"end":{"line":39,"column":3}},"8":{"start":{"line":30,"column":4},"end":{"line":30,"column":27}},"9":{"start":{"line":30,"column":20},"end":{"line":30,"column":27}},"10":{"start":{"line":31,"column":4},"end":{"line":38,"column":5}},"11":{"start":{"line":32,"column":6},"end":{"line":32,"column":76}},"12":{"start":{"line":33,"column":6},"end":{"line":33,"column":19}},"13":{"start":{"line":34,"column":6},"end":{"line":34,"column":18}},"14":{"start":{"line":35,"column":6},"end":{"line":35,"column":28}},"15":{"start":{"line":41,"column":2},"end":{"line":93,"column":4}},"16":{"start":{"line":50,"column":82},"end":{"line":50,"column":97}},"17":{"start":{"line":56,"column":34},"end":{"line":56,"column":41}},"18":{"start":{"line":58,"column":12},"end":{"line":62,"column":14}},"19":{"start":{"line":75,"column":38},"end":{"line":75,"column":66}},"20":{"start":{"line":90,"column":56},"end":{"line":90,"column":76}}},"fnMap":{"0":{"name":"RosterScreen","decl":{"start":{"line":18,"column":16},"end":{"line":18,"column":28}},"loc":{"start":{"line":18,"column":97},"end":{"line":94,"column":1}},"line":18},"1":{"name":"(anonymous_1)","decl":{"start":{"line":29,"column":20},"end":{"line":29,"column":21}},"loc":{"start":{"line":29,"column":32},"end":{"line":39,"column":3}},"line":29},"2":{"name":"(anonymous_2)","decl":{"start":{"line":50,"column":76},"end":{"line":50,"column":77}},"loc":{"start":{"line":50,"column":82},"end":{"line":50,"column":97}},"line":50},"3":{"name":"(anonymous_3)","decl":{"start":{"line":56,"column":24},"end":{"line":56,"column":25}},"loc":{"start":{"line":56,"column":34},"end":{"line":56,"column":41}},"line":56},"4":{"name":"(anonymous_4)","decl":{"start":{"line":57,"column":22},"end":{"line":57,"column":23}},"loc":{"start":{"line":58,"column":12},"end":{"line":62,"column":14}},"line":58},"5":{"name":"(anonymous_5)","decl":{"start":{"line":75,"column":27},"end":{"line":75,"column":28}},"loc":{"start":{"line":75,"column":38},"end":{"line":75,"column":66}},"line":75},"6":{"name":"(anonymous_6)","decl":{"start":{"line":90,"column":50},"end":{"line":90,"column":51}},"loc":{"start":{"line":90,"column":56},"end":{"line":90,"column":76}},"line":90}},"branchMap":{"0":{"loc":{"start":{"line":27,"column":20},"end":{"line":27,"column":81}},"type":"binary-expr","locations":[{"start":{"line":27,"column":20},"end":{"line":27,"column":39}},{"start":{"line":27,"column":43},"end":{"line":27,"column":61}},{"start":{"line":27,"column":65},"end":{"line":27,"column":81}}],"line":27},"1":{"loc":{"start":{"line":30,"column":4},"end":{"line":30,"column":27}},"type":"if","locations":[{"start":{"line":30,"column":4},"end":{"line":30,"column":27}},{"start":{},"end":{}}],"line":30},"2":{"loc":{"start":{"line":43,"column":7},"end":{"line":47,"column":7}},"type":"binary-expr","locations":[{"start":{"line":43,"column":7},"end":{"line":43,"column":31}},{"start":{"line":44,"column":8},"end":{"line":46,"column":15}}],"line":43},"3":{"loc":{"start":{"line":48,"column":7},"end":{"line":48,"column":56}},"type":"binary-expr","locations":[{"start":{"line":48,"column":7},"end":{"line":48,"column":22}},{"start":{"line":48,"column":26},"end":{"line":48,"column":56}}],"line":48},"4":{"loc":{"start":{"line":49,"column":7},"end":{"line":51,"column":7}},"type":"binary-expr","locations":[{"start":{"line":49,"column":7},"end":{"line":49,"column":20}},{"start":{"line":50,"column":8},"end":{"line":50,"column":101}}],"line":49},"5":{"loc":{"start":{"line":52,"column":7},"end":{"line":65,"column":7}},"type":"binary-expr","locations":[{"start":{"line":52,"column":7},"end":{"line":52,"column":22}},{"start":{"line":53,"column":8},"end":{"line":64,"column":10}}],"line":52},"6":{"loc":{"start":{"line":66,"column":7},"end":{"line":91,"column":7}},"type":"cond-expr","locations":[{"start":{"line":67,"column":8},"end":{"line":88,"column":15}},{"start":{"line":90,"column":8},"end":{"line":90,"column":105}}],"line":66},"7":{"loc":{"start":{"line":68,"column":11},"end":{"line":70,"column":11}},"type":"binary-expr","locations":[{"start":{"line":68,"column":11},"end":{"line":68,"column":33}},{"start":{"line":69,"column":12},"end":{"line":69,"column":94}}],"line":68}},"s":{"0":22,"1":22,"2":22,"3":22,"4":22,"5":22,"6":22,"7":22,"8":2,"9":0,"10":2,"11":2,"12":1,"13":1,"14":1,"15":22,"16":0,"17":2,"18":1,"19":0,"20":3},"f":{"0":22,"1":2,"2":0,"3":2,"4":1,"5":0,"6":3},"b":{"0":[22,8,5],"1":[0,2],"2":[22,2],"3":[22,6],"4":[22,0],"5":[22,16],"6":[13,9],"7":[13,2]},"_coverageSchema":"1a1c01bbd47fc00a2c39e90264f33305004495a9","hash":"f5358f105b067e6b57e835de49d4c5ee6b6fe122"}
,"/home/runner/work/CALCULADORANEW/CALCULADORANEW/packages/mobile-app/src/features/roster/api.ts": {"path":"/home/runner/work/CALCULADORANEW/CALCULADORANEW/packages/mobile-app/src/features/roster/api.ts","statementMap":{"0":{"start":{"line":8,"column":19},"end":{"line":8,"column":60}},"1":{"start":{"line":9,"column":2},"end":{"line":9,"column":14}},"2":{"start":{"line":13,"column":19},"end":{"line":13,"column":66}},"3":{"start":{"line":14,"column":2},"end":{"line":14,"column":14}},"4":{"start":{"line":18,"column":19},"end":{"line":18,"column":79}},"5":{"start":{"line":19,"column":2},"end":{"line":19,"column":14}}},"fnMap":{"0":{"name":"getVendors","decl":{"start":{"line":7,"column":22},"end":{"line":7,"column":32}},"loc":{"start":{"line":7,"column":54},"end":{"line":10,"column":1}},"line":7},"1":{"name":"createVendor","decl":{"start":{"line":12,"column":22},"end":{"line":12,"column":34}},"loc":{"start":{"line":12,"column":72},"end":{"line":15,"column":1}},"line":12},"2":{"name":"updateVendor","decl":{"start":{"line":17,"column":22},"end":{"line":17,"column":34}},"loc":{"start":{"line":17,"column":90},"end":{"line":20,"column":1}},"line":17}},"branchMap":{},"s":{"0":1,"1":1,"2":2,"3":1,"4":2,"5":1},"f":{"0":1,"1":2,"2":2},"b":{},"_coverageSchema":"1a1c01bbd47fc00a2c39e90264f33305004495a9","hash":"432c4be01228b793ad694eac98ab33b65f064391"}
,"/home/runner/work/CALCULADORANEW/CALCULADORANEW/packages/mobile-app/src/features/roster/hooks.ts": {"path":"/home/runner/work/CALCULADORANEW/CALCULADORANEW/packages/mobile-app/src/features/roster/hooks.ts","statementMap":{"0":{"start":{"line":9,"column":2},"end":{"line":9,"column":76}},"1":{"start":{"line":13,"column":22},"end":{"line":13,"column":38}},"2":{"start":{"line":14,"column":2},"end":{"line":17,"column":5}},"3":{"start":{"line":16,"column":21},"end":{"line":16,"column":77}},"4":{"start":{"line":21,"column":22},"end":{"line":21,"column":38}},"5":{"start":{"line":22,"column":2},"end":{"line":25,"column":5}},"6":{"start":{"line":23,"column":41},"end":{"line":23,"column":70}},"7":{"start":{"line":24,"column":21},"end":{"line":24,"column":77}}},"fnMap":{"0":{"name":"useVendors","decl":{"start":{"line":8,"column":16},"end":{"line":8,"column":26}},"loc":{"start":{"line":8,"column":29},"end":{"line":10,"column":1}},"line":8},"1":{"name":"useCreateVendor","decl":{"start":{"line":12,"column":16},"end":{"line":12,"column":31}},"loc":{"start":{"line":12,"column":34},"end":{"line":18,"column":1}},"line":12},"2":{"name":"(anonymous_2)","decl":{"start":{"line":16,"column":15},"end":{"line":16,"column":16}},"loc":{"start":{"line":16,"column":21},"end":{"line":16,"column":77}},"line":16},"3":{"name":"useUpdateVendor","decl":{"start":{"line":20,"column":16},"end":{"line":20,"column":31}},"loc":{"start":{"line":20,"column":34},"end":{"line":26,"column":1}},"line":20},"4":{"name":"(anonymous_4)","decl":{"start":{"line":23,"column":16},"end":{"line":23,"column":17}},"loc":{"start":{"line":23,"column":41},"end":{"line":23,"column":70}},"line":23},"5":{"name":"(anonymous_5)","decl":{"start":{"line":24,"column":15},"end":{"line":24,"column":16}},"loc":{"start":{"line":24,"column":21},"end":{"line":24,"column":77}},"line":24}},"branchMap":{},"s":{"0":43,"1":28,"2":28,"3":2,"4":21,"5":21,"6":3,"7":2},"f":{"0":43,"1":28,"2":2,"3":21,"4":3,"5":2},"b":{},"_coverageSchema":"1a1c01bbd47fc00a2c39e90264f33305004495a9","hash":"5aafdaab3f899680eb5e4be5e60df2c82dac5857"}
,"/home/runner/work/CALCULADORANEW/CALCULADORANEW/packages/mobile-app/src/features/sales-entry/SalesEntryScreen.tsx": {"path":"/home/runner/work/CALCULADORANEW/CALCULADORANEW/packages/mobile-app/src/features/sales-entry/SalesEntryScreen.tsx","statementMap":{"0":{"start":{"line":20,"column":2},"end":{"line":20,"column":47}},"1":{"start":{"line":24,"column":22},"end":{"line":24,"column":34}},"2":{"start":{"line":25,"column":19},"end":{"line":25,"column":42}},"3":{"start":{"line":26,"column":19},"end":{"line":26,"column":29}},"4":{"start":{"line":28,"column":30},"end":{"line":28,"column":42}},"5":{"start":{"line":29,"column":32},"end":{"line":29,"column":44}},"6":{"start":{"line":30,"column":44},"end":{"line":30,"column":59}},"7":{"start":{"line":31,"column":36},"end":{"line":31,"column":51}},"8":{"start":{"line":32,"column":34},"end":{"line":32,"column":49}},"9":{"start":{"line":33,"column":19},"end":{"line":33,"column":40}},"10":{"start":{"line":36,"column":2},"end":{"line":49,"column":17}},"11":{"start":{"line":37,"column":4},"end":{"line":37,"column":26}},"12":{"start":{"line":37,"column":19},"end":{"line":37,"column":26}},"13":{"start":{"line":38,"column":4},"end":{"line":43,"column":7}},"14":{"start":{"line":39,"column":6},"end":{"line":42,"column":7}},"15":{"start":{"line":40,"column":8},"end":{"line":40,"column":32}},"16":{"start":{"line":41,"column":8},"end":{"line":41,"column":34}},"17":{"start":{"line":44,"column":4},"end":{"line":44,"column":49}},"18":{"start":{"line":46,"column":6},"end":{"line":46,"column":28}},"19":{"start":{"line":51,"column":23},"end":{"line":51,"column":41}},"20":{"start":{"line":52,"column":24},"end":{"line":52,"column":95}},"21":{"start":{"line":54,"column":21},"end":{"line":74,"column":3}},"22":{"start":{"line":55,"column":4},"end":{"line":55,"column":27}},"23":{"start":{"line":56,"column":4},"end":{"line":58,"column":5}},"24":{"start":{"line":57,"column":6},"end":{"line":57,"column":13}},"25":{"start":{"line":59,"column":4},"end":{"line":73,"column":5}},"26":{"start":{"line":60,"column":21},"end":{"line":64,"column":8}},"27":{"start":{"line":65,"column":6},"end":{"line":65,"column":35}},"28":{"start":{"line":66,"column":6},"end":{"line":66,"column":16}},"29":{"start":{"line":68,"column":21},"end":{"line":68,"column":84}},"30":{"start":{"line":69,"column":6},"end":{"line":71,"column":7}},"31":{"start":{"line":70,"column":8},"end":{"line":70,"column":26}},"32":{"start":{"line":76,"column":2},"end":{"line":115,"column":4}}},"fnMap":{"0":{"name":"todayIso","decl":{"start":{"line":19,"column":9},"end":{"line":19,"column":17}},"loc":{"start":{"line":19,"column":28},"end":{"line":21,"column":1}},"line":19},"1":{"name":"SalesEntryScreen","decl":{"start":{"line":23,"column":16},"end":{"line":23,"column":32}},"loc":{"start":{"line":23,"column":88},"end":{"line":116,"column":1}},"line":23},"2":{"name":"(anonymous_2)","decl":{"start":{"line":36,"column":12},"end":{"line":36,"column":13}},"loc":{"start":{"line":36,"column":18},"end":{"line":49,"column":3}},"line":36},"3":{"name":"(anonymous_3)","decl":{"start":{"line":38,"column":48},"end":{"line":38,"column":49}},"loc":{"start":{"line":38,"column":59},"end":{"line":43,"column":5}},"line":38},"4":{"name":"setIsOffline0","decl":{"start":{"line":45,"column":13},"end":{"line":45,"column":26}},"loc":{"start":{"line":45,"column":44},"end":{"line":47,"column":5}},"line":45},"5":{"name":"(anonymous_5)","decl":{"start":{"line":54,"column":21},"end":{"line":54,"column":22}},"loc":{"start":{"line":54,"column":33},"end":{"line":74,"column":3}},"line":54}},"branchMap":{"0":{"loc":{"start":{"line":25,"column":19},"end":{"line":25,"column":42}},"type":"binary-expr","locations":[{"start":{"line":25,"column":19},"end":{"line":25,"column":34}},{"start":{"line":25,"column":38},"end":{"line":25,"column":42}}],"line":25},"1":{"loc":{"start":{"line":37,"column":4},"end":{"line":37,"column":26}},"type":"if","locations":[{"start":{"line":37,"column":4},"end":{"line":37,"column":26}},{"start":{},"end":{}}],"line":37},"2":{"loc":{"start":{"line":39,"column":6},"end":{"line":42,"column":7}},"type":"if","locations":[{"start":{"line":39,"column":6},"end":{"line":42,"column":7}},{"start":{},"end":{}}],"line":39},"3":{"loc":{"start":{"line":52,"column":24},"end":{"line":52,"column":95}},"type":"binary-expr","locations":[{"start":{"line":52,"column":24},"end":{"line":52,"column":44}},{"start":{"line":52,"column":48},"end":{"line":52,"column":75}},{"start":{"line":52,"column":79},"end":{"line":52,"column":95}}],"line":52},"4":{"loc":{"start":{"line":56,"column":4},"end":{"line":58,"column":5}},"type":"if","locations":[{"start":{"line":56,"column":4},"end":{"line":58,"column":5}},{"start":{},"end":{}}],"line":56},"5":{"loc":{"start":{"line":56,"column":8},"end":{"line":56,"column":34}},"type":"binary-expr","locations":[{"start":{"line":56,"column":8},"end":{"line":56,"column":22}},{"start":{"line":56,"column":26},"end":{"line":56,"column":34}}],"line":56},"6":{"loc":{"start":{"line":63,"column":17},"end":{"line":63,"column":64}},"type":"cond-expr","locations":[{"start":{"line":63,"column":41},"end":{"line":63,"column":42}},{"start":{"line":63,"column":45},"end":{"line":63,"column":64}}],"line":63},"7":{"loc":{"start":{"line":69,"column":6},"end":{"line":71,"column":7}},"type":"if","locations":[{"start":{"line":69,"column":6},"end":{"line":71,"column":7}},{"start":{},"end":{}}],"line":69},"8":{"loc":{"start":{"line":81,"column":30},"end":{"line":81,"column":52}},"type":"binary-expr","locations":[{"start":{"line":81,"column":30},"end":{"line":81,"column":39}},{"start":{"line":81,"column":43},"end":{"line":81,"column":52}}],"line":81},"9":{"loc":{"start":{"line":82,"column":7},"end":{"line":86,"column":7}},"type":"binary-expr","locations":[{"start":{"line":82,"column":7},"end":{"line":82,"column":15}},{"start":{"line":83,"column":8},"end":{"line":85,"column":15}}],"line":82},"10":{"loc":{"start":{"line":92,"column":15},"end":{"line":92,"column":100}},"type":"cond-expr","locations":[{"start":{"line":92,"column":49},"end":{"line":92,"column":88}},{"start":{"line":92,"column":91},"end":{"line":92,"column":100}}],"line":92},"11":{"loc":{"start":{"line":92,"column":15},"end":{"line":92,"column":46}},"type":"binary-expr","locations":[{"start":{"line":92,"column":15},"end":{"line":92,"column":28}},{"start":{"line":92,"column":32},"end":{"line":92,"column":46}}],"line":92},"12":{"loc":{"start":{"line":102,"column":7},"end":{"line":106,"column":7}},"type":"binary-expr","locations":[{"start":{"line":102,"column":7},"end":{"line":102,"column":23}},{"start":{"line":103,"column":8},"end":{"line":105,"column":15}}],"line":102},"13":{"loc":{"start":{"line":110,"column":18},"end":{"line":110,"column":44}},"type":"binary-expr","locations":[{"start":{"line":110,"column":18},"end":{"line":110,"column":32}},{"start":{"line":110,"column":36},"end":{"line":110,"column":44}}],"line":110}},"s":{"0":20,"1":20,"2":20,"3":20,"4":20,"5":20,"6":20,"7":20,"8":20,"9":20,"10":20,"11":6,"12":0,"13":6,"14":6,"15":1,"16":1,"17":6,"18":6,"19":20,"20":20,"21":20,"22":3,"23":3,"24":0,"25":3,"26":3,"27":2,"28":2,"29":1,"30":1,"31":1,"32":20},"f":{"0":20,"1":20,"2":6,"3":6,"4":6,"5":3},"b":{"0":[20,0],"1":[0,6],"2":[1,5],"3":[20,13,13],"4":[0,3],"5":[3,3],"6":[3,0],"7":[1,0],"8":[20,2],"9":[20,1],"10":[0,20],"11":[20,6],"12":[20,1],"13":[20,12]},"_coverageSchema":"1a1c01bbd47fc00a2c39e90264f33305004495a9","hash":"0c11c8883e726c8d65724c1496154e01a6a9856b"}
,"/home/runner/work/CALCULADORANEW/CALCULADORANEW/packages/mobile-app/src/features/sales-entry/api.ts": {"path":"/home/runner/work/CALCULADORANEW/CALCULADORANEW/packages/mobile-app/src/features/sales-entry/api.ts","statementMap":{"0":{"start":{"line":7,"column":19},"end":{"line":7,"column":67}},"1":{"start":{"line":8,"column":2},"end":{"line":8,"column":14}},"2":{"start":{"line":12,"column":19},"end":{"line":12,"column":79}},"3":{"start":{"line":13,"column":2},"end":{"line":13,"column":14}}},"fnMap":{"0":{"name":"postSale","decl":{"start":{"line":6,"column":22},"end":{"line":6,"column":30}},"loc":{"start":{"line":6,"column":74},"end":{"line":9,"column":1}},"line":6},"1":{"name":"postSalesSync","decl":{"start":{"line":11,"column":22},"end":{"line":11,"column":35}},"loc":{"start":{"line":11,"column":88},"end":{"line":14,"column":1}},"line":11}},"branchMap":{},"s":{"0":3,"1":1,"2":2,"3":1},"f":{"0":3,"1":2},"b":{},"_coverageSchema":"1a1c01bbd47fc00a2c39e90264f33305004495a9","hash":"8aac64d3da0dfdacdb9a28abaa66651f768e23f8"}
,"/home/runner/work/CALCULADORANEW/CALCULADORANEW/packages/mobile-app/src/features/sales-entry/hooks.ts": {"path":"/home/runner/work/CALCULADORANEW/CALCULADORANEW/packages/mobile-app/src/features/sales-entry/hooks.ts","statementMap":{"0":{"start":{"line":24,"column":21},"end":{"line":24,"column":40}},"1":{"start":{"line":25,"column":2},"end":{"line":25,"column":80}},"2":{"start":{"line":29,"column":22},"end":{"line":29,"column":38}},"3":{"start":{"line":30,"column":2},"end":{"line":68,"column":5}},"4":{"start":{"line":32,"column":6},"end":{"line":34,"column":7}},"5":{"start":{"line":33,"column":8},"end":{"line":33,"column":78}},"6":{"start":{"line":35,"column":21},"end":{"line":35,"column":51}},"7":{"start":{"line":36,"column":6},"end":{"line":44,"column":7}},"8":{"start":{"line":37,"column":8},"end":{"line":42,"column":11}},"9":{"start":{"line":43,"column":8},"end":{"line":43,"column":33}},"10":{"start":{"line":45,"column":6},"end":{"line":59,"column":7}},"11":{"start":{"line":46,"column":21},"end":{"line":46,"column":42}},"12":{"start":{"line":47,"column":8},"end":{"line":47,"column":40}},"13":{"start":{"line":49,"column":8},"end":{"line":57,"column":9}},"14":{"start":{"line":50,"column":10},"end":{"line":55,"column":13}},"15":{"start":{"line":56,"column":10},"end":{"line":56,"column":35}},"16":{"start":{"line":58,"column":8},"end":{"line":58,"column":20}},"17":{"start":{"line":64,"column":6},"end":{"line":66,"column":7}},"18":{"start":{"line":65,"column":8},"end":{"line":65,"column":79}},"19":{"start":{"line":85,"column":18},"end":{"line":85,"column":58}},"20":{"start":{"line":86,"column":2},"end":{"line":88,"column":3}},"21":{"start":{"line":87,"column":4},"end":{"line":87,"column":16}},"22":{"start":{"line":89,"column":2},"end":{"line":89,"column":78}}},"fnMap":{"0":{"name":"isNetworkFailure","decl":{"start":{"line":23,"column":9},"end":{"line":23,"column":25}},"loc":{"start":{"line":23,"column":51},"end":{"line":26,"column":1}},"line":23},"1":{"name":"useSaveSale","decl":{"start":{"line":28,"column":16},"end":{"line":28,"column":27}},"loc":{"start":{"line":28,"column":53},"end":{"line":69,"column":1}},"line":28},"2":{"name":"(anonymous_2)","decl":{"start":{"line":31,"column":16},"end":{"line":31,"column":17}},"loc":{"start":{"line":31,"column":33},"end":{"line":60,"column":5}},"line":31},"3":{"name":"(anonymous_3)","decl":{"start":{"line":61,"column":15},"end":{"line":61,"column":16}},"loc":{"start":{"line":61,"column":27},"end":{"line":67,"column":5}},"line":61},"4":{"name":"loadTodaySaleDraft","decl":{"start":{"line":81,"column":22},"end":{"line":81,"column":40}},"loc":{"start":{"line":84,"column":34},"end":{"line":90,"column":1}},"line":84}},"branchMap":{"0":{"loc":{"start":{"line":25,"column":9},"end":{"line":25,"column":79}},"type":"binary-expr","locations":[{"start":{"line":25,"column":9},"end":{"line":25,"column":42}},{"start":{"line":25,"column":46},"end":{"line":25,"column":79}}],"line":25},"1":{"loc":{"start":{"line":32,"column":6},"end":{"line":34,"column":7}},"type":"if","locations":[{"start":{"line":32,"column":6},"end":{"line":34,"column":7}},{"start":{},"end":{}}],"line":32},"2":{"loc":{"start":{"line":36,"column":6},"end":{"line":44,"column":7}},"type":"if","locations":[{"start":{"line":36,"column":6},"end":{"line":44,"column":7}},{"start":{},"end":{}}],"line":36},"3":{"loc":{"start":{"line":49,"column":8},"end":{"line":57,"column":9}},"type":"if","locations":[{"start":{"line":49,"column":8},"end":{"line":57,"column":9}},{"start":{},"end":{}}],"line":49},"4":{"loc":{"start":{"line":64,"column":6},"end":{"line":66,"column":7}},"type":"if","locations":[{"start":{"line":64,"column":6},"end":{"line":66,"column":7}},{"start":{},"end":{}}],"line":64},"5":{"loc":{"start":{"line":86,"column":2},"end":{"line":88,"column":3}},"type":"if","locations":[{"start":{"line":86,"column":2},"end":{"line":88,"column":3}},{"start":{},"end":{}}],"line":86}},"s":{"0":4,"1":4,"2":30,"3":30,"4":8,"5":1,"6":7,"7":7,"8":1,"9":1,"10":6,"11":6,"12":2,"13":4,"14":2,"15":2,"16":2,"17":5,"18":2,"19":8,"20":8,"21":6,"22":2},"f":{"0":4,"1":30,"2":8,"3":5,"4":8},"b":{"0":[4,4],"1":[1,7],"2":[1,6],"3":[2,2],"4":[2,3],"5":[6,2]},"_coverageSchema":"1a1c01bbd47fc00a2c39e90264f33305004495a9","hash":"e57bb31e515af3ae142cbe82dde8a6808ca2ab16"}
,"/home/runner/work/CALCULADORANEW/CALCULADORANEW/packages/mobile-app/src/features/sales-entry/syncEngine.ts": {"path":"/home/runner/work/CALCULADORANEW/CALCULADORANEW/packages/mobile-app/src/features/sales-entry/syncEngine.ts","statementMap":{"0":{"start":{"line":18,"column":17},"end":{"line":18,"column":34}},"1":{"start":{"line":26,"column":2},"end":{"line":28,"column":3}},"2":{"start":{"line":27,"column":4},"end":{"line":27,"column":64}},"3":{"start":{"line":29,"column":2},"end":{"line":29,"column":25}},"4":{"start":{"line":30,"column":2},"end":{"line":58,"column":3}},"5":{"start":{"line":31,"column":20},"end":{"line":31,"column":52}},"6":{"start":{"line":32,"column":4},"end":{"line":34,"column":5}},"7":{"start":{"line":33,"column":6},"end":{"line":33,"column":66}},"8":{"start":{"line":36,"column":20},"end":{"line":38,"column":5}},"9":{"start":{"line":37,"column":28},"end":{"line":37,"column":96}},"10":{"start":{"line":40,"column":23},"end":{"line":40,"column":24}},"11":{"start":{"line":41,"column":24},"end":{"line":41,"column":25}},"12":{"start":{"line":42,"column":4},"end":{"line":50,"column":5}},"13":{"start":{"line":43,"column":6},"end":{"line":49,"column":7}},"14":{"start":{"line":44,"column":8},"end":{"line":44,"column":59}},"15":{"start":{"line":45,"column":8},"end":{"line":45,"column":26}},"16":{"start":{"line":47,"column":8},"end":{"line":47,"column":99}},"17":{"start":{"line":48,"column":8},"end":{"line":48,"column":27}},"18":{"start":{"line":51,"column":4},"end":{"line":51,"column":59}},"19":{"start":{"line":57,"column":4},"end":{"line":57,"column":30}},"20":{"start":{"line":63,"column":2},"end":{"line":63,"column":19}}},"fnMap":{"0":{"name":"runSync","decl":{"start":{"line":20,"column":22},"end":{"line":20,"column":29}},"loc":{"start":{"line":20,"column":70},"end":{"line":59,"column":1}},"line":20},"1":{"name":"(anonymous_1)","decl":{"start":{"line":37,"column":18},"end":{"line":37,"column":19}},"loc":{"start":{"line":37,"column":28},"end":{"line":37,"column":96}},"line":37},"2":{"name":"__resetSyncStateForTests","decl":{"start":{"line":62,"column":16},"end":{"line":62,"column":40}},"loc":{"start":{"line":62,"column":49},"end":{"line":64,"column":1}},"line":62}},"branchMap":{"0":{"loc":{"start":{"line":26,"column":2},"end":{"line":28,"column":3}},"type":"if","locations":[{"start":{"line":26,"column":2},"end":{"line":28,"column":3}},{"start":{},"end":{}}],"line":26},"1":{"loc":{"start":{"line":32,"column":4},"end":{"line":34,"column":5}},"type":"if","locations":[{"start":{"line":32,"column":4},"end":{"line":34,"column":5}},{"start":{},"end":{}}],"line":32},"2":{"loc":{"start":{"line":43,"column":6},"end":{"line":49,"column":7}},"type":"if","locations":[{"start":{"line":43,"column":6},"end":{"line":49,"column":7}},{"start":{"line":46,"column":13},"end":{"line":49,"column":7}}],"line":43},"3":{"loc":{"start":{"line":47,"column":65},"end":{"line":47,"column":97}},"type":"binary-expr","locations":[{"start":{"line":47,"column":65},"end":{"line":47,"column":83}},{"start":{"line":47,"column":87},"end":{"line":47,"column":97}}],"line":47}},"s":{"0":2,"1":9,"2":1,"3":8,"4":8,"5":8,"6":8,"7":1,"8":7,"9":8,"10":5,"11":5,"12":5,"13":6,"14":5,"15":5,"16":1,"17":1,"18":5,"19":8,"20":7},"f":{"0":9,"1":8,"2":7},"b":{"0":[1,8],"1":[1,7],"2":[5,1],"3":[1,0]},"_coverageSchema":"1a1c01bbd47fc00a2c39e90264f33305004495a9","hash":"59f613247f9a30b20db6177232e769bb7199e587"}
,"/home/runner/work/CALCULADORANEW/CALCULADORANEW/packages/mobile-app/src/features/sales-entry/useAutoSync.ts": {"path":"/home/runner/work/CALCULADORANEW/CALCULADORANEW/packages/mobile-app/src/features/sales-entry/useAutoSync.ts","statementMap":{"0":{"start":{"line":16,"column":22},"end":{"line":16,"column":38}},"1":{"start":{"line":18,"column":2},"end":{"line":45,"column":30}},"2":{"start":{"line":19,"column":4},"end":{"line":21,"column":5}},"3":{"start":{"line":20,"column":6},"end":{"line":20,"column":23}},"4":{"start":{"line":22,"column":20},"end":{"line":22,"column":25}},"5":{"start":{"line":24,"column":20},"end":{"line":29,"column":5}},"6":{"start":{"line":25,"column":22},"end":{"line":25,"column":45}},"7":{"start":{"line":26,"column":6},"end":{"line":28,"column":7}},"8":{"start":{"line":27,"column":8},"end":{"line":27,"column":79}},"9":{"start":{"line":31,"column":4},"end":{"line":35,"column":7}},"10":{"start":{"line":32,"column":6},"end":{"line":34,"column":7}},"11":{"start":{"line":33,"column":8},"end":{"line":33,"column":23}},"12":{"start":{"line":37,"column":24},"end":{"line":39,"column":6}},"13":{"start":{"line":38,"column":6},"end":{"line":38,"column":21}},"14":{"start":{"line":41,"column":4},"end":{"line":44,"column":6}},"15":{"start":{"line":42,"column":6},"end":{"line":42,"column":23}},"16":{"start":{"line":43,"column":6},"end":{"line":43,"column":20}}},"fnMap":{"0":{"name":"useAutoSync","decl":{"start":{"line":15,"column":16},"end":{"line":15,"column":27}},"loc":{"start":{"line":15,"column":59},"end":{"line":46,"column":1}},"line":15},"1":{"name":"(anonymous_1)","decl":{"start":{"line":18,"column":12},"end":{"line":18,"column":13}},"loc":{"start":{"line":18,"column":18},"end":{"line":45,"column":3}},"line":18},"2":{"name":"(anonymous_2)","decl":{"start":{"line":24,"column":20},"end":{"line":24,"column":21}},"loc":{"start":{"line":24,"column":32},"end":{"line":29,"column":5}},"line":24},"3":{"name":"(anonymous_3)","decl":{"start":{"line":31,"column":34},"end":{"line":31,"column":35}},"loc":{"start":{"line":31,"column":46},"end":{"line":35,"column":5}},"line":31},"4":{"name":"(anonymous_4)","decl":{"start":{"line":37,"column":36},"end":{"line":37,"column":37}},"loc":{"start":{"line":37,"column":42},"end":{"line":39,"column":5}},"line":37},"5":{"name":"(anonymous_5)","decl":{"start":{"line":41,"column":11},"end":{"line":41,"column":12}},"loc":{"start":{"line":41,"column":17},"end":{"line":44,"column":5}},"line":41}},"branchMap":{"0":{"loc":{"start":{"line":19,"column":4},"end":{"line":21,"column":5}},"type":"if","locations":[{"start":{"line":19,"column":4},"end":{"line":21,"column":5}},{"start":{},"end":{}}],"line":19},"1":{"loc":{"start":{"line":26,"column":6},"end":{"line":28,"column":7}},"type":"if","locations":[{"start":{"line":26,"column":6},"end":{"line":28,"column":7}},{"start":{},"end":{}}],"line":26},"2":{"loc":{"start":{"line":26,"column":10},"end":{"line":26,"column":48}},"type":"binary-expr","locations":[{"start":{"line":26,"column":10},"end":{"line":26,"column":20}},{"start":{"line":26,"column":24},"end":{"line":26,"column":48}}],"line":26},"3":{"loc":{"start":{"line":32,"column":6},"end":{"line":34,"column":7}},"type":"if","locations":[{"start":{"line":32,"column":6},"end":{"line":34,"column":7}},{"start":{},"end":{}}],"line":32},"4":{"loc":{"start":{"line":32,"column":10},"end":{"line":32,"column":30}},"type":"binary-expr","locations":[{"start":{"line":32,"column":10},"end":{"line":32,"column":16}},{"start":{"line":32,"column":20},"end":{"line":32,"column":30}}],"line":32}},"s":{"0":5,"1":5,"2":5,"3":1,"4":4,"5":4,"6":2,"7":2,"8":1,"9":4,"10":4,"11":1,"12":4,"13":1,"14":4,"15":4,"16":4},"f":{"0":5,"1":5,"2":2,"3":4,"4":1,"5":4},"b":{"0":[1,4],"1":[1,1],"2":[2,2],"3":[1,3],"4":[4,1]},"_coverageSchema":"1a1c01bbd47fc00a2c39e90264f33305004495a9","hash":"31b518ff501af0e06a834d641ea92ad751112cac"}
,"/home/runner/work/CALCULADORANEW/CALCULADORANEW/packages/mobile-app/src/features/tiers/TiersScreen.tsx": {"path":"/home/runner/work/CALCULADORANEW/CALCULADORANEW/packages/mobile-app/src/features/tiers/TiersScreen.tsx","statementMap":{"0":{"start":{"line":21,"column":32},"end":{"line":21,"column":61}},"1":{"start":{"line":22,"column":16},"end":{"line":22,"column":33}},"2":{"start":{"line":23,"column":26},"end":{"line":23,"column":50}},"3":{"start":{"line":24,"column":30},"end":{"line":24,"column":64}},"4":{"start":{"line":27,"column":4},"end":{"line":32,"column":9}},"5":{"start":{"line":28,"column":35},"end":{"line":31,"column":5}},"6":{"start":{"line":34,"column":26},"end":{"line":38,"column":3}},"7":{"start":{"line":35,"column":22},"end":{"line":35,"column":53}},"8":{"start":{"line":36,"column":17},"end":{"line":36,"column":48}},"9":{"start":{"line":37,"column":4},"end":{"line":37,"column":113}},"10":{"start":{"line":39,"column":19},"end":{"line":39,"column":81}},"11":{"start":{"line":41,"column":21},"end":{"line":45,"column":3}},"12":{"start":{"line":42,"column":17},"end":{"line":42,"column":34}},"13":{"start":{"line":43,"column":4},"end":{"line":43,"column":53}},"14":{"start":{"line":44,"column":4},"end":{"line":44,"column":20}},"15":{"start":{"line":47,"column":18},"end":{"line":49,"column":3}},"16":{"start":{"line":48,"column":4},"end":{"line":48,"column":77}},"17":{"start":{"line":51,"column":21},"end":{"line":66,"column":3}},"18":{"start":{"line":52,"column":4},"end":{"line":52,"column":26}},"19":{"start":{"line":52,"column":19},"end":{"line":52,"column":26}},"20":{"start":{"line":53,"column":43},"end":{"line":59,"column":7}},"21":{"start":{"line":53,"column":78},"end":{"line":59,"column":5}},"22":{"start":{"line":60,"column":4},"end":{"line":65,"column":5}},"23":{"start":{"line":61,"column":6},"end":{"line":61,"column":49}},"24":{"start":{"line":62,"column":6},"end":{"line":62,"column":22}},"25":{"start":{"line":68,"column":2},"end":{"line":70,"column":3}},"26":{"start":{"line":69,"column":4},"end":{"line":69,"column":42}},"27":{"start":{"line":72,"column":2},"end":{"line":129,"column":4}},"28":{"start":{"line":77,"column":10},"end":{"line":77,"column":39}},"29":{"start":{"line":78,"column":10},"end":{"line":78,"column":26}},"30":{"start":{"line":86,"column":87},"end":{"line":86,"column":102}},"31":{"start":{"line":100,"column":36},"end":{"line":100,"column":49}},"32":{"start":{"line":102,"column":10},"end":{"line":117,"column":17}},"33":{"start":{"line":106,"column":38},"end":{"line":106,"column":79}},"34":{"start":{"line":113,"column":38},"end":{"line":113,"column":79}}},"fnMap":{"0":{"name":"TiersScreen","decl":{"start":{"line":20,"column":16},"end":{"line":20,"column":27}},"loc":{"start":{"line":20,"column":49},"end":{"line":130,"column":1}},"line":20},"1":{"name":"(anonymous_1)","decl":{"start":{"line":28,"column":27},"end":{"line":28,"column":28}},"loc":{"start":{"line":28,"column":35},"end":{"line":31,"column":5}},"line":28},"2":{"name":"(anonymous_2)","decl":{"start":{"line":34,"column":26},"end":{"line":34,"column":27}},"loc":{"start":{"line":34,"column":47},"end":{"line":38,"column":3}},"line":34},"3":{"name":"(anonymous_3)","decl":{"start":{"line":41,"column":21},"end":{"line":41,"column":22}},"loc":{"start":{"line":41,"column":79},"end":{"line":45,"column":3}},"line":41},"4":{"name":"(anonymous_4)","decl":{"start":{"line":47,"column":18},"end":{"line":47,"column":19}},"loc":{"start":{"line":47,"column":24},"end":{"line":49,"column":3}},"line":47},"5":{"name":"(anonymous_5)","decl":{"start":{"line":51,"column":21},"end":{"line":51,"column":22}},"loc":{"start":{"line":51,"column":33},"end":{"line":66,"column":3}},"line":51},"6":{"name":"(anonymous_6)","decl":{"start":{"line":53,"column":60},"end":{"line":53,"column":61}},"loc":{"start":{"line":53,"column":78},"end":{"line":59,"column":5}},"line":53},"7":{"name":"(anonymous_7)","decl":{"start":{"line":76,"column":23},"end":{"line":76,"column":24}},"loc":{"start":{"line":76,"column":34},"end":{"line":79,"column":9}},"line":76},"8":{"name":"(anonymous_8)","decl":{"start":{"line":86,"column":81},"end":{"line":86,"column":82}},"loc":{"start":{"line":86,"column":87},"end":{"line":86,"column":102}},"line":86},"9":{"name":"(anonymous_9)","decl":{"start":{"line":100,"column":22},"end":{"line":100,"column":23}},"loc":{"start":{"line":100,"column":36},"end":{"line":100,"column":49}},"line":100},"10":{"name":"(anonymous_10)","decl":{"start":{"line":101,"column":20},"end":{"line":101,"column":21}},"loc":{"start":{"line":102,"column":10},"end":{"line":117,"column":17}},"line":102},"11":{"name":"(anonymous_11)","decl":{"start":{"line":106,"column":28},"end":{"line":106,"column":29}},"loc":{"start":{"line":106,"column":38},"end":{"line":106,"column":79}},"line":106},"12":{"name":"(anonymous_12)","decl":{"start":{"line":113,"column":28},"end":{"line":113,"column":29}},"loc":{"start":{"line":113,"column":38},"end":{"line":113,"column":79}},"line":113}},"branchMap":{"0":{"loc":{"start":{"line":27,"column":4},"end":{"line":32,"column":9}},"type":"binary-expr","locations":[{"start":{"line":27,"column":4},"end":{"line":27,"column":10}},{"start":{"line":28,"column":5},"end":{"line":31,"column":7}},{"start":{"line":32,"column":6},"end":{"line":32,"column":8}}],"line":27},"1":{"loc":{"start":{"line":37,"column":11},"end":{"line":37,"column":112}},"type":"binary-expr","locations":[{"start":{"line":37,"column":11},"end":{"line":37,"column":44}},{"start":{"line":37,"column":48},"end":{"line":37,"column":81}},{"start":{"line":37,"column":85},"end":{"line":37,"column":99}},{"start":{"line":37,"column":103},"end":{"line":37,"column":112}}],"line":37},"2":{"loc":{"start":{"line":39,"column":19},"end":{"line":39,"column":81}},"type":"binary-expr","locations":[{"start":{"line":39,"column":19},"end":{"line":39,"column":42}},{"start":{"line":39,"column":46},"end":{"line":39,"column":81}}],"line":39},"3":{"loc":{"start":{"line":52,"column":4},"end":{"line":52,"column":26}},"type":"if","locations":[{"start":{"line":52,"column":4},"end":{"line":52,"column":26}},{"start":{},"end":{}}],"line":52},"4":{"loc":{"start":{"line":68,"column":2},"end":{"line":70,"column":3}},"type":"if","locations":[{"start":{"line":68,"column":2},"end":{"line":70,"column":3}},{"start":{},"end":{}}],"line":68},"5":{"loc":{"start":{"line":85,"column":7},"end":{"line":87,"column":7}},"type":"binary-expr","locations":[{"start":{"line":85,"column":7},"end":{"line":85,"column":20}},{"start":{"line":86,"column":8},"end":{"line":86,"column":106}}],"line":85},"6":{"loc":{"start":{"line":88,"column":7},"end":{"line":90,"column":7}},"type":"binary-expr","locations":[{"start":{"line":88,"column":7},"end":{"line":88,"column":30}},{"start":{"line":89,"column":8},"end":{"line":89,"column":107}}],"line":88},"7":{"loc":{"start":{"line":91,"column":7},"end":{"line":96,"column":7}},"type":"binary-expr","locations":[{"start":{"line":91,"column":7},"end":{
[...]
,"/home/runner/work/CALCULADORANEW/CALCULADORANEW/packages/mobile-app/src/shared/components/ValidatedTextInput.tsx": {"path":"/home/runner/work/CALCULADORANEW/CALCULADORANEW/packages/mobile-app/src/shared/components/ValidatedTextInput.tsx","statementMap":{"0":{"start":{"line":33,"column":19},"end":{"line":33,"column":33}},"1":{"start":{"line":34,"column":22},"end":{"line":34,"column":48}},"2":{"start":{"line":35,"column":2},"end":{"line":57,"column":4}}},"fnMap":{"0":{"name":"ValidatedTextInput","decl":{"start":{"line":22,"column":16},"end":{"line":22,"column":34}},"loc":{"start":{"line":32,"column":47},"end":{"line":58,"column":1}},"line":32}},"branchMap":{"0":{"loc":{"start":{"line":34,"column":22},"end":{"line":34,"column":48}},"type":"binary-expr","locations":[{"start":{"line":34,"column":22},"end":{"line":34,"column":28}},{"start":{"line":34,"column":32},"end":{"line":34,"column":48}}],"line":34},"1":{"loc":{"start":{"line":49,"column":27},"end":{"line":49,"column":55}},"type":"cond-expr","locations":[{"start":{"line":49,"column":38},"end":{"line":49,"column":43}},{"start":{"line":49,"column":46},"end":{"line":49,"column":55}}],"line":49},"2":{"loc":{"start":{"line":51,"column":7},"end":{"line":55,"column":7}},"type":"binary-expr","locations":[{"start":{"line":51,"column":7},"end":{"line":51,"column":15}},{"start":{"line":52,"column":8},"end":{"line":54,"column":21}}],"line":51}},"s":{"0":176,"1":176,"2":176},"f":{"0":176},"b":{"0":[176,0],"1":[2,174],"2":[176,2]},"_coverageSchema":"1a1c01bbd47fc00a2c39e90264f33305004495a9","hash":"3aa7b8932996db0db9b36fcb83cf7a541bf87151"}
,"/home/runner/work/CALCULADORANEW/CALCULADORANEW/packages/mobile-app/src/shared/net/connectivity.ts": {"path":"/home/runner/work/CALCULADORANEW/CALCULADORANEW/packages/mobile-app/src/shared/net/connectivity.ts","statementMap":{"0":{"start":{"line":9,"column":2},"end":{"line":9,"column":27}},"1":{"start":{"line":9,"column":14},"end":{"line":9,"column":27}},"2":{"start":{"line":10,"column":2},"end":{"line":10,"column":75}},"3":{"start":{"line":14,"column":16},"end":{"line":14,"column":37}},"4":{"start":{"line":15,"column":2},"end":{"line":15,"column":28}},"5":{"start":{"line":23,"column":37},"end":{"line":23,"column":41}},"6":{"start":{"line":24,"column":22},"end":{"line":30,"column":4}},"7":{"start":{"line":25,"column":25},"end":{"line":25,"column":43}},"8":{"start":{"line":26,"column":4},"end":{"line":28,"column":5}},"9":{"start":{"line":27,"column":6},"end":{"line":27,"column":17}},"10":{"start":{"line":29,"column":4},"end":{"line":29,"column":32}},"11":{"start":{"line":31,"column":2},"end":{"line":31,"column":21}}},"fnMap":{"0":{"name":"isConnected","decl":{"start":{"line":8,"column":16},"end":{"line":8,"column":27}},"loc":{"start":{"line":8,"column":65},"end":{"line":11,"column":1}},"line":8},"1":{"name":"getCurrentConnectivity","decl":{"start":{"line":13,"column":22},"end":{"line":13,"column":44}},"loc":{"start":{"line":13,"column":65},"end":{"line":16,"column":1}},"line":13},"2":{"name":"onReconnect","decl":{"start":{"line":22,"column":16},"end":{"line":22,"column":27}},"loc":{"start":{"line":22,"column":62},"end":{"line":32,"column":1}},"line":22},"3":{"name":"(anonymous_3)","decl":{"start":{"line":24,"column":47},"end":{"line":24,"column":48}},"loc":{"start":{"line":24,"column":58},"end":{"line":30,"column":3}},"line":24}},"branchMap":{"0":{"loc":{"start":{"line":9,"column":2},"end":{"line":9,"column":27}},"type":"if","locations":[{"start":{"line":9,"column":2},"end":{"line":9,"column":27}},{"start":{},"end":{}}],"line":9},"1":{"loc":{"start":{"line":10,"column":17},"end":{"line":10,"column":73}},"type":"binary-expr","locations":[{"start":{"line":10,"column":17},"end":{"line":10,"column":34}},{"start":{"line":10,"column":38},"end":{"line":10,"column":73}}],"line":10},"2":{"loc":{"start":{"line":26,"column":4},"end":{"line":28,"column":5}},"type":"if","locations":[{"start":{"line":26,"column":4},"end":{"line":28,"column":5}},{"start":{},"end":{}}],"line":26},"3":{"loc":{"start":{"line":26,"column":8},"end":{"line":26,"column":46}},"type":"binary-expr","locations":[{"start":{"line":26,"column":8},"end":{"line":26,"column":30}},{"start":{"line":26,"column":34},"end":{"line":26,"column":46}}],"line":26}},"s":{"0":8,"1":1,"2":7,"3":1,"4":1,"5":2,"6":2,"7":3,"8":3,"9":1,"10":3,"11":2},"f":{"0":8,"1":1,"2":2,"3":3},"b":{"0":[1,7],"1":[7,5],"2":[1,2],"3":[3,1]},"_coverageSchema":"1a1c01bbd47fc00a2c39e90264f33305004495a9","hash":"83587d0c4584d787733792ea7984dd3f0424562e"}
,"/home/runner/work/CALCULADORANEW/CALCULADORANEW/packages/mobile-app/src/shared/session/SessionContext.tsx": {"path":"/home/runner/work/CALCULADORANEW/CALCULADORANEW/packages/mobile-app/src/shared/session/SessionContext.tsx","statementMap":{"0":{"start":{"line":23,"column":23},"end":{"line":23,"column":80}},"1":{"start":{"line":26,"column":32},"end":{"line":26,"column":62}},"2":{"start":{"line":27,"column":30},"end":{"line":27,"column":70}},"3":{"start":{"line":28,"column":46},"end":{"line":28,"column":75}},"4":{"start":{"line":32,"column":2},"end":{"line":48,"column":9}},"5":{"start":{"line":33,"column":18},"end":{"line":33,"column":22}},"6":{"start":{"line":34,"column":4},"end":{"line":44,"column":9}},"7":{"start":{"line":36,"column":8},"end":{"line":38,"column":9}},"8":{"start":{"line":37,"column":10},"end":{"line":37,"column":31}},"9":{"start":{"line":41,"column":8},"end":{"line":43,"column":9}},"10":{"start":{"line":42,"column":10},"end":{"line":42,"column":29}},"11":{"start":{"line":45,"column":4},"end":{"line":47,"column":6}},"12":{"start":{"line":46,"column":6},"end":{"line":46,"column":22}},"13":{"start":{"line":52,"column":2},"end":{"line":58,"column":9}},"14":{"start":{"line":53,"column":4},"end":{"line":56,"column":7}},"15":{"start":{"line":54,"column":6},"end":{"line":54,"column":23}},"16":{"start":{"line":55,"column":6},"end":{"line":55,"column":62}},"17":{"start":{"line":57,"column":4},"end":{"line":57,"column":53}},"18":{"start":{"line":57,"column":17},"end":{"line":57,"column":52}},"19":{"start":{"line":60,"column":16},"end":{"line":64,"column":8}},"20":{"start":{"line":61,"column":4},"end":{"line":61,"column":34}},"21":{"start":{"line":62,"column":4},"end":{"line":62,"column":28}},"22":{"start":{"line":63,"column":4},"end":{"line":63,"column":27}},"23":{"start":{"line":66,"column":17},"end":{"line":76,"column":8}},"24":{"start":{"line":67,"column":4},"end":{"line":73,"column":5}},"25":{"start":{"line":69,"column":6},"end":{"line":69,"column":28}},"26":{"start":{"line":74,"column":4},"end":{"line":74,"column":25}},"27":{"start":{"line":75,"column":4},"end":{"line":75,"column":21}},"28":{"start":{"line":78,"column":30},"end":{"line":78,"column":76}},"29":{"start":{"line":78,"column":48},"end":{"line":78,"column":71}},"30":{"start":{"line":80,"column":16},"end":{"line":83,"column":3}},"31":{"start":{"line":81,"column":11},"end":{"line":81,"column":82}},"32":{"start":{"line":85,"column":2},"end":{"line":85,"column":85}},"33":{"start":{"line":89,"column":14},"end":{"line":89,"column":40}},"34":{"start":{"line":90,"column":2},"end":{"line":92,"column":3}},"35":{"start":{"line":91,"column":4},"end":{"line":91,"column":75}},"36":{"start":{"line":93,"column":2},"end":{"line":93,"column":13}}},"fnMap":{"0":{"name":"SessionProvider","decl":{"start":{"line":25,"column":16},"end":{"line":25,"column":31}},"loc":{"start":{"line":25,"column":96},"end":{"line":86,"column":1}},"line":25},"1":{"name":"(anonymous_1)","decl":{"start":{"line":32,"column":12},"end":{"line":32,"column":13}},"loc":{"start":{"line":32,"column":18},"end":{"line":48,"column":3}},"line":32},"2":{"name":"(anonymous_2)","decl":{"start":{"line":35,"column":12},"end":{"line":35,"column":13}},"loc":{"start":{"line":35,"column":26},"end":{"line":39,"column":7}},"line":35},"3":{"name":"(anonymous_3)","decl":{"start":{"line":40,"column":15},"end":{"line":40,"column":16}},"loc":{"start":{"line":40,"column":21},"end":{"line":44,"column":7}},"line":40},"4":{"name":"(anonymous_4)","decl":{"start":{"line":45,"column":11},"end":{"line":45,"column":12}},"loc":{"start":{"line":45,"column":17},"end":{"line":47,"column":5}},"line":45},"5":{"name":"(anonymous_5)","decl":{"start":{"line":52,"column":12},"end":{"line":52,"column":13}},"loc":{"start":{"line":52,"column":18},"end":{"line":58,"column":3}},"line":52},"6":{"name":"(anonymous_6)","decl":{"start":{"line":53,"column":34},"end":{"line":53,"column":35}},"loc":{"start":{"line":53,"column":40},"end":{"line":56,"column":5}},"line":53},"7":{"name":"(anonymous_7)","decl":{"start":{"line":57,"column":11},"end":{"line":57,"column":12}},"loc":{"start":{"line":57,"column":17},"end":{"line":57,"column":52}},"line":57},"8":{"name":"(anonymous_8)","decl":{"start":{"line":60,"column":28},"end":{"line":60,"column":29}},"loc":{"start":{"line":60,"column":59},"end":{"line":64,"column":3}},"line":60},"9":{"name":"(anonymous_9)","decl":{"start":{"line":66,"column":29},"end":{"line":66,"column":30}},"loc":{"start":{"line":66,"column":41},"end":{"line":76,"column":3}},"line":66},"10":{"name":"(anonymous_10)","decl":{"start":{"line":78,"column":42},"end":{"line":78,"column":43}},"loc":{"start":{"line":78,"column":48},"end":{"line":78,"column":71}},"line":78},"11":{"name":"(anonymous_11)","decl":{"start":{"line":81,"column":4},"end":{"line":81,"column":5}},"loc":{"start":{"line":81,"column":11},"end":{"line":81,"column":82}},"line":81},"12":{"name":"useSession","decl":{"start":{"line":88,"column":16},"end":{"line":88,"column":26}},"loc":{"start":{"line":88,"column":50},"end":{"line":94,"column":1}},"line":88}},"branchMap":{"0":{"loc":{"start":{"line":36,"column":8},"end":{"line":38,"column":9}},"type":"if","locations":[{"start":{"line":36,"column":8},"end":{"line":38,"column":9}},{"start":{},"end":{}}],"line":36},"1":{"loc":{"start":{"line":41,"column":8},"end":{"line":43,"column":9}},"type":"if","locations":[{"start":{"line":41,"column":8},"end":{"line":43,"column":9}},{"start":{},"end":{}}],"line":41},"2":{"loc":{"start":{"line":90,"column":2},"end":{"line":92,"column":3}},"type":"if","locations":[{"start":{"line":90,"column":2},"end":{"line":92,"column":3}},{"start":{},"end":{}}],"line":90}},"s":{"0":6,"1":101,"2":101,"3":101,"4":101,"5":26,"6":26,"7":26,"8":26,"9":26,"10":26,"11":26,"12":26,"13":101,"14":26,"15":1,"16":1,"17":26,"18":26,"19":101,"20":17,"21":17,"22":17,"23":101,"24":3,"25":3,"26":3,"27":3,"28":101,"29":0,"30":101,"31":86,"32":101,"33":154,"34":153,"35":1,"36":152},"f":{"0":101,"1":26,"2":26,"3":26,"4":26,"5":26,"6":1,"7":26,"8":17,"9":3,"10":0,"11":86,"12":154},"b":{"0":[26,0],"1":[26,0],"2":[1,152]},"_coverageSchema":"1a1c01bbd47fc00a2c39e90264f33305004495a9","hash":"ce579d8882d79cfda2587fd13ce5f6ef5b4bbf58"}
,"/home/runner/work/CALCULADORANEW/CALCULADORANEW/packages/mobile-app/src/shared/storage/pendingSalesDb.ts": {"path":"/home/runner/work/CALCULADORANEW/CALCULADORANEW/packages/mobile-app/src/shared/storage/pendingSalesDb.ts","statementMap":{"0":{"start":{"line":13,"column":16},"end":{"line":13,"column":34}},"1":{"start":{"line":29,"column":55},"end":{"line":29,"column":59}},"2":{"start":{"line":32,"column":2},"end":{"line":48,"column":3}},"3":{"start":{"line":33,"column":4},"end":{"line":47,"column":7}},"4":{"start":{"line":34,"column":6},"end":{"line":45,"column":8}},"5":{"start":{"line":46,"column":6},"end":{"line":46,"column":16}},"6":{"start":{"line":49,"column":2},"end":{"line":49,"column":19}},"7":{"start":{"line":54,"column":2},"end":{"line":54,"column":19}},"8":{"start":{"line":62,"column":2},"end":{"line":64,"column":3}},"9":{"start":{"line":63,"column":4},"end":{"line":63,"column":59}},"10":{"start":{"line":65,"column":2},"end":{"line":67,"column":3}},"11":{"start":{"line":66,"column":4},"end":{"line":66,"column":59}},"12":{"start":{"line":68,"column":2},"end":{"line":70,"column":3}},"13":{"start":{"line":69,"column":4},"end":{"line":69,"column":61}},"14":{"start":{"line":71,"column":13},"end":{"line":71,"column":26}},"15":{"start":{"line":72,"column":2},"end":{"line":82,"column":4}},"16":{"start":{"line":87,"column":13},"end":{"line":87,"column":26}},"17":{"start":{"line":88,"column":15},"end":{"line":91,"column":3}},"18":{"start":{"line":92,"column":2},"end":{"line":92,"column":14}},"19":{"start":{"line":97,"column":13},"end":{"line":97,"column":26}},"20":{"start":{"line":98,"column":14},"end":{"line":101,"column":3}},"21":{"start":{"line":102,"column":2},"end":{"line":102,"column":21}},"22":{"start":{"line":107,"column":13},"end":{"line":107,"column":26}},"23":{"start":{"line":108,"column":2},"end":{"line":111,"column":5}},"24":{"start":{"line":120,"column":13},"end":{"line":120,"column":26}},"25":{"start":{"line":121,"column":2},"end":{"line":125,"column":4}}},"fnMap":{"0":{"name":"getDb","decl":{"start":{"line":31,"column":15},"end":{"line":31,"column":20}},"loc":{"start":{"line":31,"column":55},"end":{"line":50,"column":1}},"line":31},"1":{"name":"(anonymous_1)","decl":{"start":{"line":33,"column":55},"end":{"line":33,"column":56}},"loc":{"start":{"line":33,"column":69},"end":{"line":47,"column":5}},"line":33},"2":{"name":"__resetDbForTests","decl":{"start":{"line":53,"column":16},"end":{"line":53,"column":33}},"loc":{"start":{"line":53,"column":42},"end":{"line":55,"column":1}},"line":53},"3":{"name":"upsertPendingSale","decl":{"start":{"line":61,"column":22},"end":{"line":61,"column":39}},"loc":{"start":{"line":61,"column":86},"end":{"line":83,"column":1}},"line":61},"4":{"name":"listPendingSales","decl":{"start":{"line":86,"column":22},"end":{"line":86,"column":38}},"loc":{"start":{"line":86,"column":81},"end":{"line":93,"column":1}},"line":86},"5":{"name":"getPendingSale","decl":{"start":{"line":96,"column":22},"end":{"line":96,"column":36}},"loc":{"start":{"line":96,"column":102},"end":{"line":103,"column":1}},"line":96},"6":{"name":"deletePendingSale","decl":{"start":{"line":106,"column":22},"end":{"line":106,"column":39}},"loc":{"start":{"line":106,"column":91},"end":{"line":112,"column":1}},"line":106},"7":{"name":"markPendingSaleRejected","decl":{"start":{"line":115,"column":22},"end":{"line":115,"column":45}},"loc":{"start":{"line":119,"column":17},"end":{"line":126,"column":1}},"line":119}},"branchMap":{"0":{"loc":{"start":{"line":32,"column":2},"end":{"line":48,"column":3}},"type":"if","locations":[{"start":{"line":32,"column":2},"end":{"line":48,"column":3}},{"start":{},"end":{}}],"line":32},"1":{"loc":{"start":{"line":62,"column":2},"end":{"line":64,"column":3}},"type":"if","locations":[{"start":{"line":62,"column":2},"end":{"line":64,"column":3}},{"start":{},"end":{}}],"line":62},"2":{"loc":{"start":{"line":65,"column":2},"end":{"line":67,"column":3}},"type":"if","locations":[{"start":{"line":65,"column":2},"end":{"line":67,"column":3}},{"start":{},"end":{}}],"line":65},"3":{"loc":{"start":{"line":68,"column":2},"end":{"line":70,"column":3}},"type":"if","locations":[{"start":{"line":68,"column":2},"end":{"line":70,"column":3}},{"start":{},"end":{}}],"line":68},"4":{"loc":{"start":{"line":79,"column":16},"end":{"line":79,"column":34}},"type":"binary-expr","locations":[{"start":{"line":79,"column":16},"end":{"line":79,"column":29}},{"start":{"line":79,"column":33},"end":{"line":79,"column":34}}],"line":79},"5":{"loc":{"start":{"line":80,"column":18},"end":{"line":80,"column":61}},"type":"binary-expr","locations":[{"start":{"line":80,"column":18},"end":{"line":80,"column":33}},{"start":{"line":80,"column":37},"end":{"line":80,"column":61}}],"line":80},"6":{"loc":{"start":{"line":102,"column":9},"end":{"line":102,"column":20}},"type":"binary-expr","locations":[{"start":{"line":102,"column":9},"end":{"line":102,"column":12}},{"start":{"line":102,"column":16},"end":{"line":102,"column":20}}],"line":102}},"s":{"0":6,"1":6,"2":48,"3":24,"4":24,"5":24,"6":48,"7":27,"8":17,"9":0,"10":17,"11":0,"12":17,"13":1,"14":16,"15":16,"16":15,"17":15,"18":15,"19":15,"20":15,"21":15,"22":1,"23":1,"24":1,"25":1},"f":{"0":48,"1":24,"2":27,"3":17,"4":15,"5":15,"6":1,"7":1},"b":{"0":[24,24],"1":[0,17],"2":[0,17],"3":[1,16],"4":[16,0],"5":[16,16],"6":[15,9]},"_coverageSchema":"1a1c01bbd47fc00a2c39e90264f33305004495a9","hash":"e6469714f82ddc99bb73c392c2495848c2f922b1"}
,"/home/runner/work/CALCULADORANEW/CALCULADORANEW/packages/mobile-app/src/shared/storage/secureSession.ts": {"path":"/home/runner/work/CALCULADORANEW/CALCULADORANEW/packages/mobile-app/src/shared/storage/secureSession.ts","statementMap":{"0":{"start":{"line":16,"column":18},"end":{"line":16,"column":33}},"1":{"start":{"line":17,"column":20},"end":{"line":17,"column":37}},"2":{"start":{"line":18,"column":17},"end":{"line":18,"column":31}},"3":{"start":{"line":21,"column":2},"end":{"line":21,"column":59}},"4":{"start":{"line":22,"column":2},"end":{"line":22,"column":62}},"5":{"start":{"line":23,"column":2},"end":{"line":23,"column":57}},"6":{"start":{"line":27,"column":32},"end":{"line":31,"column":4}},"7":{"start":{"line":32,"column":2},"end":{"line":34,"column":3}},"8":{"start":{"line":33,"column":4},"end":{"line":33,"column":16}},"9":{"start":{"line":35,"column":2},"end":{"line":35,"column":54}},"10":{"start":{"line":39,"column":2},"end":{"line":39,"column":45}},"11":{"start":{"line":43,"column":2},"end":{"line":47,"column":5}}},"fnMap":{"0":{"name":"saveSession","decl":{"start":{"line":20,"column":22},"end":{"line":20,"column":33}},"loc":{"start":{"line":20,"column":67},"end":{"line":24,"column":1}},"line":20},"1":{"name":"getSession","decl":{"start":{"line":26,"column":22},"end":{"line":26,"column":32}},"loc":{"start":{"line":26,"column":60},"end":{"line":36,"column":1}},"line":26},"2":{"name":"getToken","decl":{"start":{"line":38,"column":22},"end":{"line":38,"column":30}},"loc":{"start":{"line":38,"column":57},"end":{"line":40,"column":1}},"line":38},"3":{"name":"clearSession","decl":{"start":{"line":42,"column":22},"end":{"line":42,"column":34}},"loc":{"start":{"line":42,"column":52},"end":{"line":48,"column":1}},"line":42}},"branchMap":{"0":{"loc":{"start":{"line":32,"column":2},"end":{"line":34,"column":3}},"type":"if","locations":[{"start":{"line":32,"column":2},"end":{"line":34,"column":3}},{"start":{},"end":{}}],"line":32},"1":{"loc":{"start":{"line":32,"column":6},"end":{"line":32,"column":32}},"type":"binary-expr","locations":[{"start":{"line":32,"column":6},"end":{"line":32,"column":12}},{"start":{"line":32,"column":16},"end":{"line":32,"column":23}},{"start":{"line":32,"column":27},"end":{"line":32,"column":32}}],"line":32}},"s":{"0":39,"1":39,"2":39,"3":24,"4":24,"5":24,"6":33,"7":33,"8":18,"9":15,"10":43,"11":22},"f":{"0":24,"1":33,"2":43,"3":22},"b":{"0":[18,15],"1":[33,18,16]},"_coverageSchema":"1a1c01bbd47fc00a2c39e90264f33305004495a9","hash":"f770573629b78f6ec67862cb419b3d72d1da8141"}
}
