TN:
SF:src/features/auth/SupervisorLoginScreen.tsx
FN:17,SupervisorLoginScreen
FN:24,(anonymous_1)
FN:28,(anonymous_2)
FN:57,(anonymous_3)
FNF:4
FNH:3
FNDA:17,SupervisorLoginScreen
FNDA:5,(anonymous_1)
FNDA:2,(anonymous_2)
FNDA:0,(anonymous_3)
DA:18,17
DA:19,17
DA:20,17
DA:22,17
DA:24,17
DA:25,5
DA:28,17
DA:29,2
DA:30,2
DA:31,1
DA:37,17
DA:57,0
LF:12
LH:11
BRF:0
BRH:0
end_of_record
TN:
SF:src/features/auth/VendorLoginScreen.tsx
FN:18,VendorLoginScreen
FN:26,(anonymous_1)
FN:57,(anonymous_2)
FNF:3
FNH:3
FNDA:19,VendorLoginScreen
FNDA:2,(anonymous_1)
FNDA:1,(anonymous_2)
DA:19,19
DA:20,19
DA:21,19
DA:22,19
DA:24,19
DA:26,19
DA:27,2
DA:28,2
DA:29,1
DA:35,19
DA:57,1
LF:11
LH:11
BRDA:24,0,0,19
BRDA:24,0,1,13
BRF:2
BRH:2
end_of_record
TN:
SF:src/features/auth/api.ts
FN:6,loginVendedor
FN:11,loginSupervisor
FN:21,logout
FNF:3
FNH:3
FNDA:2,loginVendedor
FNDA:2,loginSupervisor
FNDA:2,logout
DA:7,2
DA:8,1
DA:12,2
DA:13,1
DA:22,2
LF:5
LH:5
BRF:0
BRH:0
end_of_record
TN:
SF:src/features/auth/hooks.ts
FN:9,useLoginVendedor
FN:11,(anonymous_1)
FN:15,useLoginSupervisor
FN:17,(anonymous_3)
FNF:4
FNH:4
FNDA:25,useLoginVendedor
FNDA:4,(anonymous_1)
FNDA:20,useLoginSupervisor
FNDA:3,(anonymous_3)
DA:10,25
DA:11,4
DA:16,20
DA:17,3
LF:4
LH:4
BRF:0
BRH:0
end_of_record
TN:
SF:src/features/history/HistoryScreen.tsx
FN:10,HistoryScreen
FN:23,(anonymous_1)
FN:42,(anonymous_2)
FN:43,(anonymous_3)
FNF:4
FNH:3
FNDA:8,HistoryScreen
FNDA:0,(anonymous_1)
FNDA:2,(anonymous_2)
FNDA:1,(anonymous_3)
DA:11,8
DA:13,7
DA:14,4
DA:17,3
DA:18,1
DA:23,0
DA:29,2
DA:30,2
DA:31,1
DA:38,1
DA:42,2
DA:44,1
LF:12
LH:11
BRDA:13,0,0,4
BRDA:13,0,1,3
BRDA:17,1,0,1
BRDA:17,1,1,2
BRDA:29,2,0,2
BRDA:29,2,1,0
BRDA:30,3,0,1
BRDA:30,3,1,1
BRF:8
BRH:7
end_of_record
TN:
SF:src/features/history/api.ts
FN:6,getCommissionHistory
FNF:1
FNH:1
FNDA:4,getCommissionHistory
DA:7,4
DA:10,3
LF:2
LH:2
BRDA:8,0,0,1
BRDA:8,0,1,3
BRF:2
BRH:2
end_of_record
TN:
SF:src/features/history/hooks.ts
FN:7,useCommissionHistory
FN:10,(anonymous_1)
FNF:2
FNH:2
FNDA:12,useCommissionHistory
FNDA:6,(anonymous_1)
DA:8,12
DA:10,6
LF:2
LH:2
BRF:0
BRH:0
end_of_record
TN:
SF:src/features/home/HomeScreen.tsx
FN:22,HomeScreen
FN:30,(anonymous_1)
FN:32,(anonymous_2)
FN:35,(anonymous_3)
FN:50,(anonymous_4)
FN:79,(anonymous_5)
FN:87,(anonymous_6)
FN:88,(anonymous_7)
FNF:8
FNH:6
FNDA:19,HomeScreen
FNDA:11,(anonymous_1)
FNDA:10,(anonymous_2)
FNDA:11,(anonymous_3)
FNDA:0,(anonymous_4)
FNDA:1,(anonymous_5)
FNDA:0,(anonymous_6)
FNDA:1,(anonymous_7)
DA:23,19
DA:24,19
DA:25,19
DA:26,19
DA:27,19
DA:28,19
DA:30,19
DA:31,11
DA:32,10
DA:35,19
DA:36,11
DA:37,4
DA:40,19
DA:41,6
DA:44,13
DA:45,1
DA:50,0
DA:56,12
DA:58,12
DA:79,1
DA:87,0
DA:89,1
DA:90,1
LF:23
LH:21
BRDA:24,0,0,19
BRDA:24,0,1,1
BRDA:31,1,0,1
BRDA:31,1,1,10
BRDA:36,2,0,7
BRDA:36,2,1,4
BRDA:36,3,0,11
BRDA:36,3,1,10
BRDA:40,4,0,6
BRDA:40,4,1,13
BRDA:44,5,0,1
BRDA:44,5,1,12
BRDA:69,6,0,12
BRDA:69,6,1,0
BRDA:70,7,0,0
BRDA:70,7,1,12
BRDA:70,8,0,12
BRDA:70,8,1,0
BRDA:73,9,0,1
BRDA:73,9,1,11
BRDA:73,10,0,0
BRDA:73,10,1,11
BRF:22
BRH:18
end_of_record
TN:
SF:src/features/home/api.ts
FN:6,getCurrentCommission
FNF:1
FNH:1
FNDA:3,getCurrentCommission
DA:7,3
DA:8,1
LF:2
LH:2
BRF:0
BRH:0
end_of_record
TN:
SF:src/features/home/hooks.ts
FN:10,useCurrentCommission
FNF:1
FNH:1
FNDA:23,useCurrentCommission
DA:11,23
LF:1
LH:1
BRF:0
BRH:0
end_of_record
TN:
SF:src/features/home/returnRateTrend.ts
FN:23,computeReturnRateTrend
FN:42,__clearReturnRateTrendForTests
FNF:2
FNH:2
FNDA:13,computeReturnRateTrend
FNDA:5,__clearReturnRateTrendForTests
DA:15,2
DA:27,13
DA:28,13
DA:29,13
DA:31,13
DA:32,7
DA:34,6
DA:35,6
DA:36,3
DA:38,3
DA:43,5
LF:11
LH:11
BRDA:31,0,0,7
BRDA:31,0,1,6
BRDA:35,1,0,3
BRDA:35,1,1,3
BRDA:35,2,0,6
BRDA:35,2,1,6
BRDA:38,3,0,2
BRDA:38,3,1,1
BRF:8
BRH:8
end_of_record
TN:
SF:src/features/manual-notification/ManualNotificationScreen.tsx
FN:20,ManualNotificationScreen
FN:27,(anonymous_1)
FN:28,(anonymous_2)
FN:33,(anonymous_3)
FN:41,(anonymous_4)
FN:58,(anonymous_5)
FN:67,(anonymous_6)
FN:68,(anonymous_7)
FN:72,(anonymous_8)
FN:94,(anonymous_9)
FNF:10
FNH:8
FNDA:22,ManualNotificationScreen
FNDA:3,(anonymous_1)
FNDA:3,(anonymous_2)
FNDA:0,(anonymous_3)
FNDA:3,(anonymous_4)
FNDA:2,(anonymous_5)
FNDA:35,(anonymous_6)
FNDA:30,(anonymous_7)
FNDA:3,(anonymous_8)
FNDA:0,(anonymous_9)
DA:21,22
DA:22,22
DA:23,22
DA:24,22
DA:25,22
DA:27,22
DA:28,3
DA:29,3
DA:30,3
DA:32,0
DA:33,0
DA:39,22
DA:41,22
DA:42,3
DA:43,3
DA:44,3
DA:45,3
DA:46,2
DA:47,2
DA:48,2
DA:49,2
DA:55,22
DA:58,2
DA:67,35
DA:69,30
DA:72,3
DA:94,0
LF:27
LH:24
BRDA:29,0,0,3
BRDA:29,0,1,0
BRDA:30,1,0,0
BRDA:30,1,1,3
BRDA:32,2,0,0
BRDA:32,2,1,0
BRDA:39,3,0,22
BRDA:39,3,1,11
BRDA:39,3,2,8
BRDA:42,4,0,0
BRDA:42,4,1,3
BRDA:43,5,0,1
BRDA:43,5,1,2
BRDA:46,6,0,1
BRDA:46,6,1,1
BRDA:57,7,0,22
BRDA:57,7,1,1
BRDA:63,8,0,22
BRDA:63,8,1,15
BRDA:71,9,0,6
BRDA:71,9,1,24
BRDA:98,10,0,6
BRDA:98,10,1,16
BRF:23
BRH:18
end_of_record
TN:
SF:src/features/manual-notification/api.ts
FN:7,sendManualNotification
FNF:1
FNH:1
FNDA:4,sendManualNotification
DA:8,4
LF:1
LH:1
BRF:0
BRH:0
end_of_record
TN:
SF:src/features/manual-notification/hooks.ts
FN:7,useSendManualNotification
FNF:1
FNH:1
FNDA:27,useSendManualNotification
DA:8,27
LF:1
LH:1
BRF:0
BRH:0
end_of_record
TN:
SF:src/features/notifications/NotificationsScreen.tsx
FN:13,NotificationsScreen
FN:15,(anonymous_1)
FN:27,(anonymous_2)
FN:43,(anonymous_3)
FN:45,(anonymous_4)
FNF:5
FNH:4
FNDA:9,NotificationsScreen
FNDA:8,(anonymous_1)
FNDA:0,(anonymous_2)
FNDA:3,(anonymous_3)
FNDA:3,(anonymous_4)
DA:14,9
DA:15,9
DA:17,9
DA:18,5
DA:21,4
DA:22,1
DA:27,0
DA:33,3
DA:34,1
DA:41,2
DA:44,3
DA:46,3
LF:12
LH:11
BRDA:15,0,0,8
BRDA:15,0,1,5
BRDA:17,1,0,5
BRDA:17,1,1,4
BRDA:21,2,0,1
BRDA:21,2,1,3
BRDA:33,3,0,1
BRDA:33,3,1,2
BRDA:49,4,0,1
BRDA:49,4,1,2
BRDA:51,5,0,1
BRDA:51,5,1,2
BRF:12
BRH:12
end_of_record
TN:
SF:src/features/notifications/api.ts
FN:6,getNotifications
FNF:1
FNH:1
FNDA:4,getNotifications
DA:7,4
DA:8,3
LF:2
LH:2
BRF:0
BRH:0
end_of_record
TN:
SF:src/features/notifications/grouping.ts
FN:25,groupNotifications
FN:33,(anonymous_1)
FN:38,(anonymous_2)
FN:40,(anonymous_3)
FNF:4
FNH:4
FNDA:13,groupNotifications
FNDA:39,(anonymous_1)
FNDA:2,(anonymous_2)
FNDA:39,(anonymous_3)
DA:14,2
DA:26,13
DA:27,13
DA:28,11
DA:29,11
DA:30,11
DA:33,39
DA:38,2
DA:40,39
LF:9
LH:9
BRDA:28,0,0,11
BRDA:28,0,1,9
BRDA:37,1,0,39
BRDA:37,1,1,30
BRF:4
BRH:4
end_of_record
TN:
SF:src/features/notifications/hooks.ts
FN:7,useNotifications
FNF:1
FNH:1
FNDA:13,useNotifications
DA:8,13
LF:1
LH:1
BRF:0
BRH:0
end_of_record
TN:
SF:src/features/roster/BudgetsScreen.tsx
FN:13,BudgetsScreen
FN:19,(anonymous_1)
FN:27,(anonymous_2)
FN:29,(anonymous_3)
FN:49,(anonymous_4)
FN:62,(anonymous_5)
FN:63,(anonymous_6)
FN:76,(anonymous_7)
FN:86,(anonymous_8)
FNF:9
FNH:8
FNDA:19,BudgetsScreen
FNDA:3,(anonymous_1)
FNDA:2,(anonymous_2)
FNDA:2,(anonymous_3)
FNDA:0,(anonymous_4)
FNDA:15,(anonymous_5)
FNDA:12,(anonymous_6)
FNDA:2,(anonymous_7)
FNDA:3,(anonymous_8)
DA:14,19
DA:15,18
DA:16,18
DA:17,18
DA:19,18
DA:20,3
DA:21,3
DA:24,18
DA:25,18
DA:27,18
DA:28,2
DA:29,2
DA:30,2
DA:31,2
DA:32,2
DA:36,1
DA:42,18
DA:43,4
DA:46,14
DA:47,0
DA:49,0
DA:54,14
DA:62,15
DA:64,12
DA:76,2
DA:86,3
LF:26
LH:24
BRDA:25,0,0,18
BRDA:25,0,1,11
BRDA:25,0,2,11
BRDA:28,1,0,0
BRDA:28,1,1,2
BRDA:30,2,0,0
BRDA:30,2,1,2
BRDA:42,3,0,4
BRDA:42,3,1,14
BRDA:46,4,0,0
BRDA:46,4,1,14
BRDA:56,5,0,14
BRDA:56,5,1,2
BRDA:64,6,0,8
BRDA:64,6,1,4
BRDA:71,7,0,1
BRDA:71,7,1,7
BRF:17
BRH:14
end_of_record
TN:
SF:src/features/roster/RosterScreen.tsx
FN:18,RosterScreen
FN:29,(anonymous_1)
FN:50,(anonymous_2)
FN:56,(anonymous_3)
FN:57,(anonymous_4)
FN:75,(anonymous_5)
FN:90,(anonymous_6)
FNF:7
FNH:5
FNDA:22,RosterScreen
FNDA:2,(anonymous_1)
FNDA:0,(anonymous_2)
FNDA:2,(anonymous_3)
FNDA:1,(anonymous_4)
FNDA:0,(anonymous_5)
FNDA:3,(anonymous_6)
DA:19,22
DA:20,22
DA:22,22
DA:23,22
DA:24,22
DA:25,22
DA:27,22
DA:29,22
DA:30,2
DA:31,2
DA:32,2
DA:33,1
DA:34,1
DA:35,1
DA:41,22
DA:50,0
DA:56,2
DA:58,1
DA:75,0
DA:90,3
LF:20
LH:18
BRDA:27,0,0,22
BRDA:27,0,1,8
BRDA:27,0,2,5
BRDA:30,1,0,0
BRDA:30,1,1,2
BRDA:43,2,0,22
BRDA:43,2,1,2
BRDA:48,3,0,22
BRDA:48,3,1,6
BRDA:49,4,0,22
BRDA:49,4,1,0
BRDA:52,5,0,22
BRDA:52,5,1,16
BRDA:66,6,0,13
BRDA:66,6,1,9
BRDA:68,7,0,13
BRDA:68,7,1,2
BRF:17
BRH:15
end_of_record
TN:
SF:src/features/roster/api.ts
FN:7,getVendors
FN:12,createVendor
FN:17,updateVendor
FNF:3
FNH:3
FNDA:1,getVendors
FNDA:2,createVendor
FNDA:2,updateVendor
DA:8,1
DA:9,1
DA:13,2
DA:14,1
DA:18,2
DA:19,1
LF:6
LH:6
BRF:0
BRH:0
end_of_record
TN:
SF:src/features/roster/hooks.ts
FN:8,useVendors
FN:12,useCreateVendor
FN:16,(anonymous_2)
FN:20,useUpdateVendor
FN:23,(anonymous_4)
FN:24,(anonymous_5)
FNF:6
FNH:6
FNDA:43,useVendors
FNDA:28,useCreateVendor
FNDA:2,(anonymous_2)
FNDA:21,useUpdateVendor
FNDA:3,(anonymous_4)
FNDA:2,(anonymous_5)
DA:9,43
DA:13,28
DA:14,28
DA:16,2
DA:21,21
DA:22,21
DA:23,3
DA:24,2
LF:8
LH:8
BRF:0
BRH:0
end_of_record
TN:
SF:src/features/sales-entry/SalesEntryScreen.tsx
FN:19,todayIso
FN:23,SalesEntryScreen
FN:36,(anonymous_2)
FN:38,(anonymous_3)
FN:45,setIsOffline0
FN:54,(anonymous_5)
FNF:6
FNH:6
FNDA:20,todayIso
FNDA:20,SalesEntryScreen
FNDA:6,(anonymous_2)
FNDA:6,(anonymous_3)
FNDA:6,setIsOffline0
FNDA:3,(anonymous_5)
DA:20,20
DA:24,20
DA:25,20
DA:26,20
DA:28,20
DA:29,20
DA:30,20
DA:31,20
DA:32,20
DA:33,20
DA:36,20
DA:37,6
DA:38,6
DA:39,6
DA:40,1
DA:41,1
DA:44,6
DA:46,6
DA:51,20
DA:52,20
DA:54,20
DA:55,3
DA:56,3
DA:57,0
DA:59,3
DA:60,3
DA:65,2
DA:66,2
DA:68,1
DA:69,1
DA:70,1
DA:76,20
LF:32
LH:31
BRDA:25,0,0,20
BRDA:25,0,1,0
BRDA:37,1,0,0
BRDA:37,1,1,6
BRDA:39,2,0,1
BRDA:39,2,1,5
BRDA:52,3,0,20
BRDA:52,3,1,13
BRDA:52,3,2,13
BRDA:56,4,0,0
BRDA:56,4,1,3
BRDA:56,5,0,3
BRDA:56,5,1,3
BRDA:63,6,0,3
BRDA:63,6,1,0
BRDA:69,7,0,1
BRDA:69,7,1,0
BRDA:81,8,0,20
BRDA:81,8,1,2
BRDA:82,9,0,20
BRDA:82,9,1,1
BRDA:92,10,0,0
BRDA:92,10,1,20
BRDA:92,11,0,20
BRDA:92,11,1,6
BRDA:102,12,0,20
BRDA:102,12,1,1
BRDA:110,13,0,20
BRDA:110,13,1,12
BRF:29
BRH:23
end_of_record
TN:
SF:src/features/sales-entry/api.ts
FN:6,postSale
FN:11,postSalesSync
FNF:2
FNH:2
FNDA:3,postSale
FNDA:2,postSalesSync
DA:7,3
DA:8,1
DA:12,2
DA:13,1
LF:4
LH:4
BRF:0
BRH:0
end_of_record
TN:
SF:src/features/sales-entry/hooks.ts
FN:23,isNetworkFailure
FN:28,useSaveSale
FN:31,(anonymous_2)
FN:61,(anonymous_3)
FN:81,loadTodaySaleDraft
FNF:5
FNH:5
FNDA:4,isNetworkFailure
FNDA:30,useSaveSale
FNDA:8,(anonymous_2)
FNDA:5,(anonymous_3)
FNDA:8,loadTodaySaleDraft
DA:24,4
DA:25,4
DA:29,30
DA:30,30
DA:32,8
DA:33,1
DA:35,7
DA:36,7
DA:37,1
DA:43,1
DA:45,6
DA:46,6
DA:47,2
DA:49,4
DA:50,2
DA:56,2
DA:58,2
DA:64,5
DA:65,2
DA:85,8
DA:86,8
DA:87,6
DA:89,2
LF:23
LH:23
BRDA:25,0,0,4
BRDA:25,0,1,4
BRDA:32,1,0,1
BRDA:32,1,1,7
BRDA:36,2,0,1
BRDA:36,2,1,6
BRDA:49,3,0,2
BRDA:49,3,1,2
BRDA:64,4,0,2
BRDA:64,4,1,3
BRDA:86,5,0,6
BRDA:86,5,1,2
BRF:12
BRH:12
end_of_record
TN:
SF:src/features/sales-entry/syncEngine.ts
FN:20,runSync
FN:37,(anonymous_1)
FN:62,__resetSyncStateForTests
FNF:3
FNH:3
FNDA:9,runSync
FNDA:8,(anonymous_1)
FNDA:7,__resetSyncStateForTests
DA:18,2
DA:26,9
DA:27,1
DA:29,8
DA:30,8
DA:31,8
DA:32,8
DA:33,1
DA:36,7
DA:37,8
DA:40,5
DA:41,5
DA:42,5
DA:43,6
DA:44,5
DA:45,5
DA:47,1
DA:48,1
DA:51,5
DA:57,8
DA:63,7
LF:21
LH:21
BRDA:26,0,0,1
BRDA:26,0,1,8
BRDA:32,1,0,1
BRDA:32,1,1,7
BRDA:43,2,0,5
BRDA:43,2,1,1
BRDA:47,3,0,1
BRDA:47,3,1,0
BRF:8
BRH:7
end_of_record
TN:
SF:src/features/sales-entry/useAutoSync.ts
FN:15,useAutoSync
FN:18,(anonymous_1)
FN:24,(anonymous_2)
FN:31,(anonymous_3)
FN:37,(anonymous_4)
FN:41,(anonymous_5)
FNF:6
FNH:6
FNDA:5,useAutoSync
FNDA:5,(anonymous_1)
FNDA:2,(anonymous_2)
FNDA:4,(anonymous_3)
FNDA:1,(anonymous_4)
FNDA:4,(anonymous_5)
DA:16,5
DA:18,5
DA:19,5
DA:20,1
DA:22,4
DA:24,4
DA:25,2
DA:26,2
DA:27,1
DA:31,4
DA:32,4
DA:33,1
DA:37,4
DA:38,1
DA:41,4
DA:42,4
DA:43,4
LF:17
LH:17
BRDA:19,0,0,1
BRDA:19,0,1,4
BRDA:26,1,0,1
BRDA:26,1,1,1
BRDA:26,2,0,2
BRDA:26,2,1,2
BRDA:32,3,0,1
BRDA:32,3,1,3
BRDA:32,4,0,4
BRDA:32,4,1,1
BRF:10
BRH:10
end_of_record
TN:
SF:src/features/tiers/TiersScreen.tsx
FN:20,TiersScreen
FN:28,(anonymous_1)
FN:34,(anonymous_2)
FN:41,(anonymous_3)
FN:47,(anonymous_4)
FN:51,(anonymous_5)
FN:53,(anonymous_6)
FN:76,(anonymous_7)
FN:86,(anonymous_8)
FN:100,(anonymous_9)
FN:101,(anonymous_10)
FN:106,(anonymous_11)
FN:113,(anonymous_12)
FNF:13
FNH:10
FNDA:20,TiersScreen
FNDA:10,(anonymous_1)
FNDA:13,(anonymous_2)
FNDA:1,(anonymous_3)
FNDA:1,(anonymous_4)
FNDA:3,(anonymous_5)
FNDA:3,(anonymous_6)
FNDA:0,(anonymous_7)
FNDA:0,(anonymous_8)
FNDA:19,(anonymous_9)
FNDA:12,(anonymous_10)
FNDA:1,(anonymous_11)
FNDA:0,(anonymous_12)
DA:21,20
DA:22,19
DA:23,19
DA:24,19
DA:27,19
DA:28,10
DA:34,19
DA:35,13
DA:36,13
DA:37,13
DA:39,19
DA:41,19
DA:42,1
DA:43,1
DA:44,1
DA:47,19
DA:48,1
DA:51,19
DA:52,3
DA:53,3
DA:60,3
DA:61,3
DA:62,2
DA:68,19
DA:69,7
DA:72,12
DA:77,0
DA:78,0
DA:86,0
DA:100,19
DA:102,12
DA:106,1
DA:113,0
LF:33
LH:29
BRDA:27,0,0,19
BRDA:27,0,1,17
BRDA:27,0,2,7
BRDA:37,1,0,13
BRDA:37,1,1,11
BRDA:37,1,2,11
BRDA:37,1,3,11
BRDA:39,2,0,19
BRDA:39,2,1,12
BRDA:52,3,0,0
BRDA:52,3,1,3
BRDA:68,4,0,7
BRDA:68,4,1,12
BRDA:85,5,0,12
BRDA:85,5,1,0
BRDA:88,6,0,12
BRDA:88,6,1,2
BRDA:91,7,0,12
BRDA:91,7,1,1
BRF:19
BRH:17
end_of_record
TN:
SF:src/features/tiers/api.ts
FN:6,getTiers
FN:11,replaceTiers
FNF:2
FNH:2
FNDA:1,getTiers
FNDA:3,replaceTiers
DA:7,1
DA:8,1
DA:12,3
DA:13,2
LF:4
LH:4
BRF:0
BRH:0
end_of_record
TN:
SF:src/features/tiers/hooks.ts
FN:12,useTiers
FN:15,(anonymous_1)
FN:19,useReplaceTiers
FN:23,(anonymous_3)
FNF:4
FNH:4
FNDA:21,useTiers
FNDA:10,(anonymous_1)
FNDA:24,useReplaceTiers
FNDA:3,(anonymous_3)
DA:13,21
DA:15,10
DA:20,24
DA:21,24
DA:23,3
LF:5
LH:5
BRF:0
BRH:0
end_of_record
TN:
SF:src/shared/theme.ts
FNF:0
FNH:0
DA:6,0
LF:1
LH:0
BRF:0
BRH:0
end_of_record
TN:
SF:src/shared/api/apiClient.ts
FN:9,resolveBaseUrl
FN:25,registerSessionExpiredHandler
FN:34,isExcludedFromAutoLogout
FN:39,(anonymous_3)
FN:49,(anonymous_4)
FN:50,(anonymous_5)
FNF:6
FNH:6
FNDA:37,resolveBaseUrl
FNDA:55,registerSessionExpiredHandler
FNDA:5,isExcludedFromAutoLogout
FNDA:41,(anonymous_3)
FNDA:23,(anonymous_4)
FNDA:18,(anonymous_5)
DA:10,37
DA:11,37
DA:12,37
DA:15,37
DA:24,37
DA:26,55
DA:35,5
DA:36,5
DA:39,37
DA:40,41
DA:41,41
DA:42,3
DA:43,3
DA:45,41
DA:48,37
DA:49,23
DA:51,18
DA:52,18
DA:53,18
DA:54,1
DA:55,1
DA:57,18
LF:22
LH:22
BRDA:10,0,0,37
BRDA:10,0,1,0
BRDA:11,1,0,37
BRDA:11,1,1,0
BRDA:35,2,0,0
BRDA:35,2,1,5
BRDA:36,3,0,5
BRDA:36,3,1,2
BRDA:41,4,0,3
BRDA:41,4,1,38
BRDA:42,5,0,3
BRDA:42,5,1,0
BRDA:53,6,0,1
BRDA:53,6,1,17
BRDA:53,7,0,18
BRDA:53,7,1,5
BRF:16
BRH:12
end_of_record
TN:
SF:src/shared/api/contractTypes.ts
FNF:0
FNH:0
LF:0
LH:0
BRF:0
BRH:0
end_of_record
TN:
SF:src/shared/components/ConfirmDialog.tsx
FN:17,ConfirmDialog
FNF:1
FNH:1
FNDA:11,ConfirmDialog
DA:26,11
LF:1
LH:1
BRDA:23,0,0,3
BRDA:24,1,0,11
BRF:2
BRH:2
end_of_record
TN:
SF:src/shared/components/ErrorBanner.tsx
FN:13,ErrorBanner
FNF:1
FNH:1
FNDA:47,ErrorBanner
DA:14,47
DA:15,47
LF:2
LH:2
BRDA:14,0,0,4
BRDA:14,0,1,43
BRF:2
BRH:2
end_of_record
TN:
SF:src/shared/components/OfflineBanner.tsx
FN:15,OfflineBanner
FNF:1
FNH:1
FNDA:22,OfflineBanner
DA:13,2
DA:16,22
LF:2
LH:2
BRDA:15,0,0,21
BRF:1
BRH:1
end_of_record
TN:
SF:src/shared/components/PrimaryButton.tsx
FN:15,PrimaryButton
FNF:1
FNH:1
FNDA:141,PrimaryButton
DA:22,141
LF:1
LH:1
BRDA:18,0,0,31
BRDA:19,1,0,31
BRDA:20,2,0,1
BRDA:26,3,0,141
BRDA:26,3,1,92
BRDA:30,4,0,141
BRDA:30,4,1,92
BRF:7
BRH:7
end_of_record
TN:
SF:src/shared/components/SessionGate.tsx
FN:11,SessionGate
FNF:1
FNH:1
FNDA:4,SessionGate
DA:12,4
DA:13,4
LF:2
LH:2
BRDA:22,0,0,4
BRDA:22,0,1,4
BRF:2
BRH:2
end_of_record
TN:
SF:src/shared/components/Skeletons.tsx
FN:10,SkeletonCard
FN:22,SkeletonListItem
FN:25,(anonymous_2)
FNF:3
FNH:3
FNDA:8,SkeletonCard
FNDA:28,SkeletonListItem
FNDA:82,(anonymous_2)
DA:11,8
DA:23,28
DA:26,82
LF:3
LH:3
BRDA:22,0,0,1
BRF:1
BRH:1
end_of_record
TN:
SF:src/shared/components/SyncStatusIcon.tsx
FN:13,SyncStatusIcon
FNF:1
FNH:1
FNDA:10,SyncStatusIcon
DA:14,10
DA:15,7
DA:17,3
LF:3
LH:3
BRDA:14,0,0,7
BRDA:14,0,1,3
BRDA:20,1,0,2
BRDA:20,1,1,1
BRDA:20,2,0,2
BRDA:20,2,1,1
BRF:6
BRH:6
end_of_record
TN:
SF:src/shared/components/ValidatedTextInput.tsx
FN:22,ValidatedTextInput
FNF:1
FNH:1
FNDA:176,ValidatedTextInput
DA:33,176
DA:34,176
DA:35,176
LF:3
LH:3
BRDA:34,0,0,176
BRDA:34,0,1,0
BRDA:49,1,0,2
BRDA:49,1,1,174
BRDA:51,2,0,176
BRDA:51,2,1,2
BRF:6
BRH:5
end_of_record
TN:
SF:src/shared/net/connectivity.ts
FN:8,isConnected
FN:13,getCurrentConnectivity
FN:22,onReconnect
FN:24,(anonymous_3)
FNF:4
FNH:4
FNDA:8,isConnected
FNDA:1,getCurrentConnectivity
FNDA:2,onReconnect
FNDA:3,(anonymous_3)
DA:9,8
DA:10,7
DA:14,1
DA:15,1
DA:23,2
DA:24,2
DA:25,3
DA:26,3
DA:27,1
DA:29,3
DA:31,2
LF:11
LH:11
BRDA:9,0,0,1
BRDA:9,0,1,7
BRDA:10,1,0,7
BRDA:10,1,1,5
BRDA:26,2,0,1
BRDA:26,2,1,2
BRDA:26,3,0,3
BRDA:26,3,1,1
BRF:8
BRH:8
end_of_record
TN:
SF:src/shared/session/SessionContext.tsx
FN:25,SessionProvider
FN:32,(anonymous_1)
FN:35,(anonymous_2)
FN:40,(anonymous_3)
FN:45,(anonymous_4)
FN:52,(anonymous_5)
FN:53,(anonymous_6)
FN:57,(anonymous_7)
FN:60,(anonymous_8)
FN:66,(anonymous_9)
FN:78,(anonymous_10)
FN:81,(anonymous_11)
FN:88,useSession
FNF:13
FNH:12
FNDA:101,SessionProvider
FNDA:26,(anonymous_1)
FNDA:26,(anonymous_2)
FNDA:26,(anonymous_3)
FNDA:26,(anonymous_4)
FNDA:26,(anonymous_5)
FNDA:1,(anonymous_6)
FNDA:26,(anonymous_7)
FNDA:17,(anonymous_8)
FNDA:3,(anonymous_9)
FNDA:0,(anonymous_10)
FNDA:86,(anonymous_11)
FNDA:154,useSession
DA:23,6
DA:26,101
DA:27,101
DA:28,101
DA:32,101
DA:33,26
DA:34,26
DA:36,26
DA:37,26
DA:41,26
DA:42,26
DA:45,26
DA:46,26
DA:52,101
DA:53,26
DA:54,1
DA:55,1
DA:57,26
DA:60,101
DA:61,17
DA:62,17
DA:63,17
DA:66,101
DA:67,3
DA:69,3
DA:74,3
DA:75,3
DA:78,101
DA:80,101
DA:81,86
DA:85,101
DA:89,154
DA:90,153
DA:91,1
DA:93,152
LF:35
LH:35
BRDA:36,0,0,26
BRDA:36,0,1,0
BRDA:41,1,0,26
BRDA:41,1,1,0
BRDA:90,2,0,1
BRDA:90,2,1,152
BRF:6
BRH:4
end_of_record
TN:
SF:src/shared/storage/pendingSalesDb.ts
FN:31,getDb
FN:33,(anonymous_1)
FN:53,__resetDbForTests
FN:61,upsertPendingSale
FN:86,listPendingSales
FN:96,getPendingSale
FN:106,deletePendingSale
FN:115,markPendingSaleRejected
FNF:8
FNH:8
FNDA:48,getDb
FNDA:24,(anonymous_1)
FNDA:27,__resetDbForTests
FNDA:17,upsertPendingSale
FNDA:15,listPendingSales
FNDA:15,getPendingSale
FNDA:1,deletePendingSale
FNDA:1,markPendingSaleRejected
DA:13,6
DA:29,6
DA:32,48
DA:33,24
DA:34,24
DA:46,24
DA:49,48
DA:54,27
DA:62,17
DA:63,0
DA:65,17
DA:66,0
DA:68,17
DA:69,1
DA:71,16
DA:72,16
DA:87,15
DA:88,15
DA:92,15
DA:97,15
DA:98,15
DA:102,15
DA:107,1
DA:108,1
DA:120,1
DA:121,1
LF:26
LH:24
BRDA:32,0,0,24
BRDA:32,0,1,24
BRDA:62,1,0,0
BRDA:62,1,1,17
BRDA:65,2,0,0
BRDA:65,2,1,17
BRDA:68,3,0,1
BRDA:68,3,1,16
BRDA:79,4,0,16
BRDA:79,4,1,0
BRDA:80,5,0,16
BRDA:80,5,1,16
BRDA:102,6,0,15
BRDA:102,6,1,9
BRF:14
BRH:11
end_of_record
TN:
SF:src/shared/storage/secureSession.ts
FN:20,saveSession
FN:26,getSession
FN:38,getToken
FN:42,clearSession
FNF:4
FNH:4
FNDA:24,saveSession
FNDA:33,getSession
FNDA:43,getToken
FNDA:22,clearSession
DA:16,39
DA:17,39
DA:18,39
DA:21,24
DA:22,24
DA:23,24
DA:27,33
DA:32,33
DA:33,18
DA:35,15
DA:39,43
DA:43,22
LF:12
LH:12
BRDA:32,0,0,18
BRDA:32,0,1,15
BRDA:32,1,0,33
BRDA:32,1,1,18
BRDA:32,1,2,16
BRF:5
BRH:5
end_of_record
